{"C:\\Users\\grimo\\Documents\\Projets\\arka-labs\\src\\api\\core\\router.ts": {"path":"C:\\Users\\grimo\\Documents\\Projets\\arka-labs\\src\\api\\core\\router.ts","statementMap":{"0":{"start":{"line":87,"column":0},"end":{"line":87,"column":16}},"1":{"start":{"line":2,"column":0},"end":{"line":2,"column":56}},"2":{"start":{"line":15,"column":10},"end":{"line":15,"column":31}},"3":{"start":{"line":18,"column":4},"end":{"line":18,"column":67}},"4":{"start":{"line":19,"column":4},"end":{"line":19,"column":16}},"5":{"start":{"line":23,"column":4},"end":{"line":23,"column":68}},"6":{"start":{"line":24,"column":4},"end":{"line":24,"column":16}},"7":{"start":{"line":28,"column":4},"end":{"line":28,"column":67}},"8":{"start":{"line":29,"column":4},"end":{"line":29,"column":16}},"9":{"start":{"line":33,"column":4},"end":{"line":33,"column":70}},"10":{"start":{"line":34,"column":4},"end":{"line":34,"column":16}},"11":{"start":{"line":38,"column":4},"end":{"line":38,"column":69}},"12":{"start":{"line":39,"column":4},"end":{"line":39,"column":16}},"13":{"start":{"line":43,"column":23},"end":{"line":43,"column":26}},"14":{"start":{"line":44,"column":21},"end":{"line":44,"column":66}},"15":{"start":{"line":47,"column":18},"end":{"line":48,"column":null}},"16":{"start":{"line":48,"column":6},"end":{"line":48,"column":61}},"17":{"start":{"line":51,"column":4},"end":{"line":53,"column":5}},"18":{"start":{"line":52,"column":6},"end":{"line":52,"column":78}},"19":{"start":{"line":55,"column":4},"end":{"line":72,"column":5}},"20":{"start":{"line":57,"column":6},"end":{"line":62,"column":7}},"21":{"start":{"line":58,"column":8},"end":{"line":61,"column":9}},"22":{"start":{"line":59,"column":25},"end":{"line":59,"column":55}},"23":{"start":{"line":60,"column":10},"end":{"line":60,"column":36}},"24":{"start":{"line":60,"column":22},"end":{"line":60,"column":36}},"25":{"start":{"line":65,"column":6},"end":{"line":65,"column":47}},"26":{"start":{"line":67,"column":6},"end":{"line":67,"column":43}},"27":{"start":{"line":68,"column":6},"end":{"line":71,"column":8}},"28":{"start":{"line":77,"column":23},"end":{"line":77,"column":62}},"29":{"start":{"line":78,"column":18},"end":{"line":78,"column":47}},"30":{"start":{"line":79,"column":4},"end":{"line":79,"column":35}},"31":{"start":{"line":83,"column":4},"end":{"line":83,"column":23}},"32":{"start":{"line":14,"column":0},"end":{"line":14,"column":13}},"33":{"start":{"line":88,"column":2},"end":{"line":88,"column":22}}},"fnMap":{"0":{"name":"(anonymous_0)","decl":{"start":{"line":14,"column":0},"end":{"line":14,"column":13}},"loc":{"start":{"line":14,"column":0},"end":{"line":85,"column":1}}},"1":{"name":"(anonymous_1)","decl":{"start":{"line":17,"column":2},"end":{"line":17,"column":5}},"loc":{"start":{"line":17,"column":68},"end":{"line":20,"column":3}}},"2":{"name":"(anonymous_2)","decl":{"start":{"line":22,"column":2},"end":{"line":22,"column":6}},"loc":{"start":{"line":22,"column":69},"end":{"line":25,"column":3}}},"3":{"name":"(anonymous_3)","decl":{"start":{"line":27,"column":2},"end":{"line":27,"column":5}},"loc":{"start":{"line":27,"column":68},"end":{"line":30,"column":3}}},"4":{"name":"(anonymous_4)","decl":{"start":{"line":32,"column":2},"end":{"line":32,"column":8}},"loc":{"start":{"line":32,"column":71},"end":{"line":35,"column":3}}},"5":{"name":"(anonymous_5)","decl":{"start":{"line":37,"column":2},"end":{"line":37,"column":7}},"loc":{"start":{"line":37,"column":70},"end":{"line":40,"column":3}}},"6":{"name":"(anonymous_6)","decl":{"start":{"line":42,"column":2},"end":{"line":42,"column":7}},"loc":{"start":{"line":42,"column":76},"end":{"line":73,"column":3}}},"7":{"name":"(anonymous_7)","decl":{"start":{"line":47,"column":35},"end":{"line":47,"column":36}},"loc":{"start":{"line":48,"column":6},"end":{"line":48,"column":61}}},"8":{"name":"(anonymous_8)","decl":{"start":{"line":75,"column":10},"end":{"line":75,"column":19}},"loc":{"start":{"line":75,"column":58},"end":{"line":80,"column":3}}},"9":{"name":"(anonymous_9)","decl":{"start":{"line":82,"column":2},"end":{"line":82,"column":11}},"loc":{"start":{"line":82,"column":11},"end":{"line":84,"column":3}}},"10":{"name":"createRouter","decl":{"start":{"line":87,"column":16},"end":{"line":87,"column":28}},"loc":{"start":{"line":87,"column":28},"end":{"line":89,"column":1}}}},"branchMap":{"0":{"loc":{"start":{"line":48,"column":6},"end":{"line":48,"column":61}},"type":"binary-expr","locations":[{"start":{"line":48,"column":6},"end":{"line":48,"column":25}},{"start":{"line":48,"column":29},"end":{"line":48,"column":61}}]},"1":{"loc":{"start":{"line":51,"column":4},"end":{"line":53,"column":5}},"type":"if","locations":[{"start":{"line":51,"column":4},"end":{"line":53,"column":5}},{"start":{},"end":{}}]},"2":{"loc":{"start":{"line":57,"column":6},"end":{"line":62,"column":7}},"type":"if","locations":[{"start":{"line":57,"column":6},"end":{"line":62,"column":7}},{"start":{},"end":{}}]},"3":{"loc":{"start":{"line":60,"column":10},"end":{"line":60,"column":36}},"type":"if","locations":[{"start":{"line":60,"column":10},"end":{"line":60,"column":36}},{"start":{},"end":{}}]}},"s":{"0":0,"1":0,"2":0,"3":0,"4":0,"5":0,"6":0,"7":0,"8":0,"9":0,"10":0,"11":0,"12":0,"13":0,"14":0,"15":0,"16":0,"17":0,"18":0,"19":0,"20":0,"21":0,"22":0,"23":0,"24":0,"25":0,"26":0,"27":0,"28":0,"29":0,"30":0,"31":0,"32":0,"33":0},"f":{"0":0,"1":0,"2":0,"3":0,"4":0,"5":0,"6":0,"7":0,"8":0,"9":0,"10":0},"b":{"0":[0,0],"1":[0,0],"2":[0,0],"3":[0,0]}}
,"C:\\Users\\grimo\\Documents\\Projets\\arka-labs\\src\\lib\\asset.ts": {"path":"C:\\Users\\grimo\\Documents\\Projets\\arka-labs\\src\\lib\\asset.ts","statementMap":{"0":{"start":{"line":1,"column":0},"end":{"line":1,"column":16}},"1":{"start":{"line":2,"column":2},"end":{"line":2,"column":23}},"2":{"start":{"line":2,"column":13},"end":{"line":2,"column":23}},"3":{"start":{"line":3,"column":2},"end":{"line":3,"column":46}},"4":{"start":{"line":3,"column":34},"end":{"line":3,"column":46}},"5":{"start":{"line":4,"column":2},"end":{"line":4,"column":50}}},"fnMap":{"0":{"name":"assetUrl","decl":{"start":{"line":1,"column":16},"end":{"line":1,"column":24}},"loc":{"start":{"line":1,"column":37},"end":{"line":5,"column":1}}}},"branchMap":{"0":{"loc":{"start":{"line":2,"column":2},"end":{"line":2,"column":23}},"type":"if","locations":[{"start":{"line":2,"column":2},"end":{"line":2,"column":23}},{"start":{},"end":{}}]},"1":{"loc":{"start":{"line":3,"column":2},"end":{"line":3,"column":46}},"type":"if","locations":[{"start":{"line":3,"column":2},"end":{"line":3,"column":46}},{"start":{},"end":{}}]},"2":{"loc":{"start":{"line":4,"column":9},"end":{"line":4,"column":49}},"type":"cond-expr","locations":[{"start":{"line":4,"column":32},"end":{"line":4,"column":36}},{"start":{"line":4,"column":39},"end":{"line":4,"column":49}}]}},"s":{"0":0,"1":0,"2":0,"3":0,"4":0,"5":0},"f":{"0":0},"b":{"0":[0,0],"1":[0,0],"2":[0,0]}}
,"C:\\Users\\grimo\\Documents\\Projets\\arka-labs\\src\\lib\\auth.ts": {"path":"C:\\Users\\grimo\\Documents\\Projets\\arka-labs\\src\\lib\\auth.ts","statementMap":{"0":{"start":{"line":13,"column":0},"end":{"line":13,"column":16}},"1":{"start":{"line":23,"column":0},"end":{"line":23,"column":16}},"2":{"start":{"line":1,"column":0},"end":{"line":1,"column":47}},"3":{"start":{"line":2,"column":0},"end":{"line":2,"column":31}},"4":{"start":{"line":11,"column":12},"end":{"line":11,"column":26}},"5":{"start":{"line":11,"column":18},"end":{"line":11,"column":26}},"6":{"start":{"line":14,"column":51},"end":{"line":14,"column":56}},"7":{"start":{"line":15,"column":2},"end":{"line":20,"column":5}},"8":{"start":{"line":24,"column":2},"end":{"line":36,"column":3}},"9":{"start":{"line":25,"column":53},"end":{"line":25,"column":58}},"10":{"start":{"line":26,"column":20},"end":{"line":30,"column":13}},"11":{"start":{"line":31,"column":4},"end":{"line":32,"column":18}},"12":{"start":{"line":32,"column":6},"end":{"line":32,"column":18}},"13":{"start":{"line":33,"column":4},"end":{"line":33,"column":60}},"14":{"start":{"line":35,"column":4},"end":{"line":35,"column":16}}},"fnMap":{"0":{"name":"(anonymous_1)","decl":{"start":{"line":11,"column":12},"end":{"line":11,"column":15}},"loc":{"start":{"line":11,"column":18},"end":{"line":11,"column":26}}},"1":{"name":"signToken","decl":{"start":{"line":13,"column":16},"end":{"line":13,"column":25}},"loc":{"start":{"line":13,"column":39},"end":{"line":21,"column":1}}},"2":{"name":"verifyToken","decl":{"start":{"line":23,"column":16},"end":{"line":23,"column":27}},"loc":{"start":{"line":23,"column":41},"end":{"line":37,"column":1}}}},"branchMap":{"0":{"loc":{"start":{"line":31,"column":4},"end":{"line":32,"column":18}},"type":"if","locations":[{"start":{"line":31,"column":4},"end":{"line":32,"column":18}},{"start":{},"end":{}}]},"1":{"loc":{"start":{"line":31,"column":8},"end":{"line":31,"column":75}},"type":"binary-expr","locations":[{"start":{"line":31,"column":8},"end":{"line":31,"column":39}},{"start":{"line":31,"column":43},"end":{"line":31,"column":75}}]}},"s":{"0":0,"1":0,"2":0,"3":0,"4":0,"5":0,"6":0,"7":0,"8":0,"9":0,"10":0,"11":0,"12":0,"13":0,"14":0},"f":{"0":0,"1":0,"2":0},"b":{"0":[0,0],"1":[0,0]}}
,"C:\\Users\\grimo\\Documents\\Projets\\arka-labs\\src\\lib\\cache.ts": {"path":"C:\\Users\\grimo\\Documents\\Projets\\arka-labs\\src\\lib\\cache.ts","statementMap":{"0":{"start":{"line":61,"column":0},"end":{"line":61,"column":7}},"1":{"start":{"line":85,"column":0},"end":{"line":85,"column":7}},"2":{"start":{"line":102,"column":0},"end":{"line":102,"column":7}},"3":{"start":{"line":118,"column":0},"end":{"line":118,"column":7}},"4":{"start":{"line":132,"column":0},"end":{"line":132,"column":7}},"5":{"start":{"line":235,"column":0},"end":{"line":235,"column":7}},"6":{"start":{"line":254,"column":0},"end":{"line":254,"column":7}},"7":{"start":{"line":3,"column":0},"end":{"line":3,"column":31}},"8":{"start":{"line":7,"column":10},"end":{"line":7,"column":68}},"9":{"start":{"line":8,"column":10},"end":{"line":8,"column":25}},"10":{"start":{"line":11,"column":17},"end":{"line":11,"column":36}},"11":{"start":{"line":12,"column":4},"end":{"line":12,"column":27}},"12":{"start":{"line":12,"column":15},"end":{"line":12,"column":27}},"13":{"start":{"line":14,"column":4},"end":{"line":17,"column":5}},"14":{"start":{"line":15,"column":6},"end":{"line":15,"column":29}},"15":{"start":{"line":16,"column":6},"end":{"line":16,"column":18}},"16":{"start":{"line":19,"column":4},"end":{"line":19,"column":22}},"17":{"start":{"line":24,"column":4},"end":{"line":29,"column":5}},"18":{"start":{"line":25,"column":23},"end":{"line":25,"column":53}},"19":{"start":{"line":26,"column":6},"end":{"line":28,"column":7}},"20":{"start":{"line":27,"column":8},"end":{"line":27,"column":36}},"21":{"start":{"line":31,"column":4},"end":{"line":34,"column":7}},"22":{"start":{"line":38,"column":4},"end":{"line":38,"column":27}},"23":{"start":{"line":42,"column":4},"end":{"line":42,"column":23}},"24":{"start":{"line":46,"column":17},"end":{"line":46,"column":46}},"25":{"start":{"line":47,"column":4},"end":{"line":47,"column":30}},"26":{"start":{"line":47,"column":18},"end":{"line":47,"column":30}},"27":{"start":{"line":50,"column":18},"end":{"line":50,"column":58}},"28":{"start":{"line":51,"column":4},"end":{"line":51,"column":47}},"29":{"start":{"line":51,"column":30},"end":{"line":51,"column":45}},"30":{"start":{"line":59,"column":17},"end":{"line":59,"column":21}},"31":{"start":{"line":62,"column":2},"end":{"line":64,"column":3}},"32":{"start":{"line":63,"column":4},"end":{"line":63,"column":38}},"33":{"start":{"line":67,"column":2},"end":{"line":82,"column":3}},"34":{"start":{"line":68,"column":4},"end":{"line":81,"column":5}},"35":{"start":{"line":69,"column":20},"end":{"line":69,"column":38}},"36":{"start":{"line":70,"column":6},"end":{"line":74,"column":9}},"37":{"start":{"line":76,"column":6},"end":{"line":76,"column":25}},"38":{"start":{"line":77,"column":6},"end":{"line":77,"column":110}},"39":{"start":{"line":79,"column":6},"end":{"line":79,"column":154}},"40":{"start":{"line":80,"column":6},"end":{"line":80,"column":19}},"41":{"start":{"line":86,"column":2},"end":{"line":99,"column":3}},"42":{"start":{"line":87,"column":4},"end":{"line":95,"column":5}},"43":{"start":{"line":88,"column":20},"end":{"line":88,"column":40}},"44":{"start":{"line":89,"column":6},"end":{"line":91,"column":7}},"45":{"start":{"line":90,"column":8},"end":{"line":90,"column":33}},"46":{"start":{"line":92,"column":6},"end":{"line":92,"column":18}},"47":{"start":{"line":94,"column":6},"end":{"line":94,"column":45}},"48":{"start":{"line":97,"column":4},"end":{"line":97,"column":139}},"49":{"start":{"line":98,"column":4},"end":{"line":98,"column":16}},"50":{"start":{"line":103,"column":2},"end":{"line":115,"column":3}},"51":{"start":{"line":104,"column":23},"end":{"line":104,"column":44}},"52":{"start":{"line":106,"column":4},"end":{"line":110,"column":5}},"53":{"start":{"line":107,"column":6},"end":{"line":107,"column":53}},"54":{"start":{"line":109,"column":6},"end":{"line":109,"column":49}},"55":{"start":{"line":112,"column":4},"end":{"line":112,"column":85}},"56":{"start":{"line":114,"column":4},"end":{"line":114,"column":139}},"57":{"start":{"line":119,"column":2},"end":{"line":129,"column":3}},"58":{"start":{"line":120,"column":4},"end":{"line":124,"column":5}},"59":{"start":{"line":121,"column":6},"end":{"line":121,"column":27}},"60":{"start":{"line":123,"column":6},"end":{"line":123,"column":30}},"61":{"start":{"line":126,"column":4},"end":{"line":126,"column":68}},"62":{"start":{"line":128,"column":4},"end":{"line":128,"column":139}},"63":{"start":{"line":133,"column":2},"end":{"line":149,"column":3}},"64":{"start":{"line":134,"column":25},"end":{"line":134,"column":27}},"65":{"start":{"line":136,"column":4},"end":{"line":144,"column":5}},"66":{"start":{"line":137,"column":6},"end":{"line":137,"column":39}},"67":{"start":{"line":138,"column":6},"end":{"line":140,"column":7}},"68":{"start":{"line":139,"column":8},"end":{"line":139,"column":33}},"69":{"start":{"line":142,"column":6},"end":{"line":142,"column":48}},"70":{"start":{"line":143,"column":6},"end":{"line":143,"column":51}},"71":{"start":{"line":143,"column":26},"end":{"line":143,"column":49}},"72":{"start":{"line":146,"column":4},"end":{"line":146,"column":113}},"73":{"start":{"line":148,"column":4},"end":{"line":148,"column":160}},"74":{"start":{"line":153,"column":13},"end":{"line":189,"column":2}},"75":{"start":{"line":155,"column":4},"end":{"line":155,"column":47}},"76":{"start":{"line":159,"column":4},"end":{"line":159,"column":53}},"77":{"start":{"line":163,"column":4},"end":{"line":163,"column":41}},"78":{"start":{"line":167,"column":4},"end":{"line":167,"column":46}},"79":{"start":{"line":171,"column":4},"end":{"line":171,"column":53}},"80":{"start":{"line":175,"column":4},"end":{"line":175,"column":64}},"81":{"start":{"line":179,"column":4},"end":{"line":187,"column":5}},"82":{"start":{"line":180,"column":6},"end":{"line":184,"column":9}},"83":{"start":{"line":186,"column":6},"end":{"line":186,"column":40}},"84":{"start":{"line":191,"column":13},"end":{"line":218,"column":2}},"85":{"start":{"line":193,"column":4},"end":{"line":193,"column":38}},"86":{"start":{"line":197,"column":4},"end":{"line":197,"column":46}},"87":{"start":{"line":201,"column":4},"end":{"line":201,"column":45}},"88":{"start":{"line":205,"column":4},"end":{"line":205,"column":52}},"89":{"start":{"line":209,"column":4},"end":{"line":216,"column":5}},"90":{"start":{"line":210,"column":6},"end":{"line":213,"column":9}},"91":{"start":{"line":215,"column":6},"end":{"line":215,"column":42}},"92":{"start":{"line":220,"column":13},"end":{"line":232,"column":2}},"93":{"start":{"line":222,"column":4},"end":{"line":222,"column":43}},"94":{"start":{"line":226,"column":4},"end":{"line":226,"column":55}},"95":{"start":{"line":230,"column":4},"end":{"line":230,"column":36}},"96":{"start":{"line":236,"column":2},"end":{"line":250,"column":3}},"97":{"start":{"line":237,"column":4},"end":{"line":237,"column":73}},"98":{"start":{"line":240,"column":18},"end":{"line":240,"column":28}},"99":{"start":{"line":244,"column":4},"end":{"line":244,"column":22}},"100":{"start":{"line":246,"column":21},"end":{"line":246,"column":39}},"101":{"start":{"line":247,"column":4},"end":{"line":247,"column":98}},"102":{"start":{"line":249,"column":4},"end":{"line":249,"column":138}},"103":{"start":{"line":255,"column":16},"end":{"line":255,"column":26}},"104":{"start":{"line":257,"column":2},"end":{"line":287,"column":3}},"105":{"start":{"line":258,"column":20},"end":{"line":258,"column":48}},"106":{"start":{"line":259,"column":22},"end":{"line":259,"column":36}},"107":{"start":{"line":261,"column":4},"end":{"line":261,"column":38}},"108":{"start":{"line":262,"column":22},"end":{"line":262,"column":40}},"109":{"start":{"line":263,"column":4},"end":{"line":263,"column":23}},"110":{"start":{"line":265,"column":20},"end":{"line":265,"column":38}},"111":{"start":{"line":267,"column":4},"end":{"line":279,"column":5}},"112":{"start":{"line":268,"column":6},"end":{"line":272,"column":8}},"113":{"start":{"line":274,"column":6},"end":{"line":278,"column":8}},"114":{"start":{"line":281,"column":4},"end":{"line":286,"column":6}},"115":{"start":{"line":291,"column":0},"end":{"line":296,"column":1}},"116":{"start":{"line":292,"column":3},"end":{"line":292,"column":51}},"117":{"start":{"line":293,"column":2},"end":{"line":295,"column":5}},"118":{"start":{"line":294,"column":4},"end":{"line":294,"column":136}}},"fnMap":{"0":{"name":"(anonymous_0)","decl":{"start":{"line":6,"column":0},"end":{"line":6,"column":6}},"loc":{"start":{"line":6,"column":0},"end":{"line":53,"column":1}}},"1":{"name":"(anonymous_1)","decl":{"start":{"line":10,"column":2},"end":{"line":10,"column":5}},"loc":{"start":{"line":10,"column":17},"end":{"line":20,"column":3}}},"2":{"name":"(anonymous_2)","decl":{"start":{"line":22,"column":2},"end":{"line":22,"column":5}},"loc":{"start":{"line":22,"column":55},"end":{"line":35,"column":3}}},"3":{"name":"(anonymous_3)","decl":{"start":{"line":37,"column":2},"end":{"line":37,"column":5}},"loc":{"start":{"line":37,"column":17},"end":{"line":39,"column":3}}},"4":{"name":"(anonymous_4)","decl":{"start":{"line":41,"column":2},"end":{"line":41,"column":7}},"loc":{"start":{"line":41,"column":7},"end":{"line":43,"column":3}}},"5":{"name":"(anonymous_5)","decl":{"start":{"line":45,"column":2},"end":{"line":45,"column":6}},"loc":{"start":{"line":45,"column":23},"end":{"line":52,"column":3}}},"6":{"name":"(anonymous_6)","decl":{"start":{"line":51,"column":23},"end":{"line":51,"column":26}},"loc":{"start":{"line":51,"column":30},"end":{"line":51,"column":45}}},"7":{"name":"initCache","decl":{"start":{"line":61,"column":22},"end":{"line":61,"column":31}},"loc":{"start":{"line":61,"column":31},"end":{"line":83,"column":1}}},"8":{"name":"get","decl":{"start":{"line":85,"column":22},"end":{"line":85,"column":25}},"loc":{"start":{"line":85,"column":37},"end":{"line":100,"column":1}}},"9":{"name":"set","decl":{"start":{"line":102,"column":22},"end":{"line":102,"column":25}},"loc":{"start":{"line":102,"column":75},"end":{"line":116,"column":1}}},"10":{"name":"del","decl":{"start":{"line":118,"column":22},"end":{"line":118,"column":25}},"loc":{"start":{"line":118,"column":37},"end":{"line":130,"column":1}}},"11":{"name":"invalidatePattern","decl":{"start":{"line":132,"column":22},"end":{"line":132,"column":39}},"loc":{"start":{"line":132,"column":55},"end":{"line":150,"column":1}}},"12":{"name":"(anonymous_12)","decl":{"start":{"line":143,"column":19},"end":{"line":143,"column":22}},"loc":{"start":{"line":143,"column":26},"end":{"line":143,"column":49}}},"13":{"name":"(anonymous_13)","decl":{"start":{"line":154,"column":2},"end":{"line":154,"column":7}},"loc":{"start":{"line":154,"column":31},"end":{"line":156,"column":3}}},"14":{"name":"(anonymous_14)","decl":{"start":{"line":158,"column":2},"end":{"line":158,"column":7}},"loc":{"start":{"line":158,"column":65},"end":{"line":160,"column":3}}},"15":{"name":"(anonymous_15)","decl":{"start":{"line":162,"column":2},"end":{"line":162,"column":7}},"loc":{"start":{"line":162,"column":33},"end":{"line":164,"column":3}}},"16":{"name":"(anonymous_16)","decl":{"start":{"line":166,"column":2},"end":{"line":166,"column":7}},"loc":{"start":{"line":166,"column":64},"end":{"line":168,"column":3}}},"17":{"name":"(anonymous_17)","decl":{"start":{"line":170,"column":2},"end":{"line":170,"column":7}},"loc":{"start":{"line":170,"column":38},"end":{"line":172,"column":3}}},"18":{"name":"(anonymous_18)","decl":{"start":{"line":174,"column":2},"end":{"line":174,"column":7}},"loc":{"start":{"line":174,"column":75},"end":{"line":176,"column":3}}},"19":{"name":"(anonymous_19)","decl":{"start":{"line":178,"column":2},"end":{"line":178,"column":7}},"loc":{"start":{"line":178,"column":35},"end":{"line":188,"column":3}}},"20":{"name":"(anonymous_20)","decl":{"start":{"line":192,"column":2},"end":{"line":192,"column":7}},"loc":{"start":{"line":192,"column":15},"end":{"line":194,"column":3}}},"21":{"name":"(anonymous_21)","decl":{"start":{"line":196,"column":2},"end":{"line":196,"column":7}},"loc":{"start":{"line":196,"column":50},"end":{"line":198,"column":3}}},"22":{"name":"(anonymous_22)","decl":{"start":{"line":200,"column":2},"end":{"line":200,"column":7}},"loc":{"start":{"line":200,"column":35},"end":{"line":202,"column":3}}},"23":{"name":"(anonymous_23)","decl":{"start":{"line":204,"column":2},"end":{"line":204,"column":7}},"loc":{"start":{"line":204,"column":68},"end":{"line":206,"column":3}}},"24":{"name":"(anonymous_24)","decl":{"start":{"line":208,"column":2},"end":{"line":208,"column":7}},"loc":{"start":{"line":208,"column":37},"end":{"line":217,"column":3}}},"25":{"name":"(anonymous_25)","decl":{"start":{"line":221,"column":2},"end":{"line":221,"column":7}},"loc":{"start":{"line":221,"column":16},"end":{"line":223,"column":3}}},"26":{"name":"(anonymous_26)","decl":{"start":{"line":225,"column":2},"end":{"line":225,"column":7}},"loc":{"start":{"line":225,"column":54},"end":{"line":227,"column":3}}},"27":{"name":"(anonymous_27)","decl":{"start":{"line":229,"column":2},"end":{"line":229,"column":7}},"loc":{"start":{"line":229,"column":23},"end":{"line":231,"column":3}}},"28":{"name":"warmupCache","decl":{"start":{"line":235,"column":22},"end":{"line":235,"column":33}},"loc":{"start":{"line":235,"column":33},"end":{"line":251,"column":1}}},"29":{"name":"checkCacheHealth","decl":{"start":{"line":254,"column":22},"end":{"line":254,"column":38}},"loc":{"start":{"line":254,"column":38},"end":{"line":288,"column":1}}},"30":{"name":"(anonymous_30)","decl":{"start":{"line":293,"column":20},"end":{"line":293,"column":25}},"loc":{"start":{"line":293,"column":28},"end":{"line":295,"column":3}}}},"branchMap":{"0":{"loc":{"start":{"line":12,"column":4},"end":{"line":12,"column":27}},"type":"if","locations":[{"start":{"line":12,"column":4},"end":{"line":12,"column":27}},{"start":{},"end":{}}]},"1":{"loc":{"start":{"line":14,"column":4},"end":{"line":17,"column":5}},"type":"if","locations":[{"start":{"line":14,"column":4},"end":{"line":17,"column":5}},{"start":{},"end":{}}]},"2":{"loc":{"start":{"line":22,"column":31},"end":{"line":22,"column":55}},"type":"default-arg","locations":[{"start":{"line":22,"column":52},"end":{"line":22,"column":55}}]},"3":{"loc":{"start":{"line":24,"column":4},"end":{"line":29,"column":5}},"type":"if","locations":[{"start":{"line":24,"column":4},"end":{"line":29,"column":5}},{"start":{},"end":{}}]},"4":{"loc":{"start":{"line":26,"column":6},"end":{"line":28,"column":7}},"type":"if","locations":[{"start":{"line":26,"column":6},"end":{"line":28,"column":7}},{"start":{},"end":{}}]},"5":{"loc":{"start":{"line":47,"column":4},"end":{"line":47,"column":30}},"type":"if","locations":[{"start":{"line":47,"column":4},"end":{"line":47,"column":30}},{"start":{},"end":{}}]},"6":{"loc":{"start":{"line":62,"column":2},"end":{"line":64,"column":3}},"type":"if","locations":[{"start":{"line":62,"column":2},"end":{"line":64,"column":3}},{"start":{},"end":{}}]},"7":{"loc":{"start":{"line":67,"column":2},"end":{"line":82,"column":3}},"type":"if","locations":[{"start":{"line":67,"column":2},"end":{"line":82,"column":3}},{"start":{},"end":{}}]},"8":{"loc":{"start":{"line":79,"column":94},"end":{"line":79,"column":150}},"type":"cond-expr","locations":[{"start":{"line":79,"column":119},"end":{"line":79,"column":132}},{"start":{"line":79,"column":135},"end":{"line":79,"column":150}}]},"9":{"loc":{"start":{"line":87,"column":4},"end":{"line":95,"column":5}},"type":"if","locations":[{"start":{"line":87,"column":4},"end":{"line":95,"column":5}},{"start":{"line":93,"column":11},"end":{"line":95,"column":5}}]},"10":{"loc":{"start":{"line":89,"column":6},"end":{"line":91,"column":7}},"type":"if","locations":[{"start":{"line":89,"column":6},"end":{"line":91,"column":7}},{"start":{},"end":{}}]},"11":{"loc":{"start":{"line":94,"column":13},"end":{"line":94,"column":44}},"type":"binary-expr","locations":[{"start":{"line":94,"column":13},"end":{"line":94,"column":36}},{"start":{"line":94,"column":40},"end":{"line":94,"column":44}}]},"12":{"loc":{"start":{"line":97,"column":79},"end":{"line":97,"column":135}},"type":"cond-expr","locations":[{"start":{"line":97,"column":104},"end":{"line":97,"column":117}},{"start":{"line":97,"column":120},"end":{"line":97,"column":135}}]},"13":{"loc":{"start":{"line":102,"column":51},"end":{"line":102,"column":75}},"type":"default-arg","locations":[{"start":{"line":102,"column":72},"end":{"line":102,"column":75}}]},"14":{"loc":{"start":{"line":106,"column":4},"end":{"line":110,"column":5}},"type":"if","locations":[{"start":{"line":106,"column":4},"end":{"line":110,"column":5}},{"start":{"line":108,"column":11},"end":{"line":110,"column":5}}]},"15":{"loc":{"start":{"line":114,"column":79},"end":{"line":114,"column":135}},"type":"cond-expr","locations":[{"start":{"line":114,"column":104},"end":{"line":114,"column":117}},{"start":{"line":114,"column":120},"end":{"line":114,"column":135}}]},"16":{"loc":{"start":{"line":120,"column":4},"end":{"line":124,"column":5}},"type":"if","locations":[{"start":{"line":120,"column":4},"end":{"line":124,"column":5}},{"start":{"line":122,"column":11},"end":{"line":124,"column":5}}]},"17":{"loc":{"start":{"line":128,"column":79},"end":{"line":128,"column":135}},"type":"cond-expr","locations":[{"start":{"line":128,"column":104},"end":{"line":128,"column":117}},{"start":{"line":128,"column":120},"end":{"line":128,"column":135}}]},"18":{"loc":{"start":{"line":136,"column":4},"end":{"line":144,"column":5}},"type":"if","locations":[{"start":{"line":136,"column":4},"end":{"line":144,"column":5}},{"start":{"line":141,"column":11},"end":{"line":144,"column":5}}]},"19":{"loc":{"start":{"line":138,"column":6},"end":{"line":140,"column":7}},"type":"if","locations":[{"start":{"line":138,"column":6},"end":{"line":140,"column":7}},{"start":{},"end":{}}]},"20":{"loc":{"start":{"line":142,"column":13},"end":{"line":142,"column":47}},"type":"binary-expr","locations":[{"start":{"line":142,"column":13},"end":{"line":142,"column":41}},{"start":{"line":142,"column":45},"end":{"line":142,"column":47}}]},"21":{"loc":{"start":{"line":148,"column":100},"end":{"line":148,"column":156}},"type":"cond-expr","locations":[{"start":{"line":148,"column":125},"end":{"line":148,"column":138}},{"start":{"line":148,"column":141},"end":{"line":148,"column":156}}]},"22":{"loc":{"start":{"line":158,"column":48},"end":{"line":158,"column":65}},"type":"default-arg","locations":[{"start":{"line":158,"column":62},"end":{"line":158,"column":65}}]},"23":{"loc":{"start":{"line":166,"column":47},"end":{"line":166,"column":64}},"type":"default-arg","locations":[{"start":{"line":166,"column":61},"end":{"line":166,"column":64}}]},"24":{"loc":{"start":{"line":174,"column":58},"end":{"line":174,"column":75}},"type":"default-arg","locations":[{"start":{"line":174,"column":72},"end":{"line":174,"column":75}}]},"25":{"loc":{"start":{"line":179,"column":4},"end":{"line":187,"column":5}},"type":"if","locations":[{"start":{"line":179,"column":4},"end":{"line":187,"column":5}},{"start":{"line":185,"column":11},"end":{"line":187,"column":5}}]},"26":{"loc":{"start":{"line":196,"column":33},"end":{"line":196,"column":50}},"type":"default-arg","locations":[{"start":{"line":196,"column":47},"end":{"line":196,"column":50}}]},"27":{"loc":{"start":{"line":204,"column":51},"end":{"line":204,"column":68}},"type":"default-arg","locations":[{"start":{"line":204,"column":65},"end":{"line":204,"column":68}}]},"28":{"loc":{"start":{"line":209,"column":4},"end":{"line":216,"column":5}},"type":"if","locations":[{"start":{"line":209,"column":4},"end":{"line":216,"column":5}},{"start":{"line":214,"column":11},"end":{"line":216,"column":5}}]},"29":{"loc":{"start":{"line":225,"column":38},"end":{"line":225,"column":54}},"type":"default-arg","locations":[{"start":{"line":225,"column":52},"end":{"line":225,"column":54}}]},"30":{"loc":{"start":{"line":249,"column":78},"end":{"line":249,"column":134}},"type":"cond-expr","locations":[{"start":{"line":249,"column":103},"end":{"line":249,"column":116}},{"start":{"line":249,"column":119},"end":{"line":249,"column":134}}]},"31":{"loc":{"start":{"line":267,"column":4},"end":{"line":279,"column":5}},"type":"if","locations":[{"start":{"line":267,"column":4},"end":{"line":279,"column":5}},{"start":{"line":273,"column":11},"end":{"line":279,"column":5}}]},"32":{"loc":{"start":{"line":270,"column":14},"end":{"line":270,"column":40}},"type":"cond-expr","locations":[{"start":{"line":270,"column":22},"end":{"line":270,"column":29}},{"start":{"line":270,"column":32},"end":{"line":270,"column":40}}]},"33":{"loc":{"start":{"line":276,"column":14},"end":{"line":276,"column":40}},"type":"cond-expr","locations":[{"start":{"line":276,"column":22},"end":{"line":276,"column":29}},{"start":{"line":276,"column":32},"end":{"line":276,"column":40}}]},"34":{"loc":{"start":{"line":283,"column":12},"end":{"line":283,"column":38}},"type":"cond-expr","locations":[{"start":{"line":283,"column":20},"end":{"line":283,"column":27}},{"start":{"line":283,"column":30},"end":{"line":283,"column":38}}]},"35":{"loc":{"start":{"line":285,"column":13},"end":{"line":285,"column":69}},"type":"cond-expr","locations":[{"start":{"line":285,"column":38},"end":{"line":285,"column":51}},{"start":{"line":285,"column":54},"end":{"line":285,"column":69}}]},"36":{"loc":{"start":{"line":291,"column":0},"end":{"line":296,"column":1}},"type":"if","locations":[{"start":{"line":291,"column":0},"end":{"line":296,"column":1}},{"start":{},"end":{}}]},"37":{"loc":{"start":{"line":291,"column":4},"end":{"line":291,"column":83}},"type":"binary-expr","locations":[{"start":{"line":291,"column":4},"end":{"line":291,"column":37}},{"start":{"line":291,"column":41},"end":{"line":291,"column":83}}]},"38":{"loc":{"start":{"line":294,"column":76},"end":{"line":294,"column":132}},"type":"cond-expr","locations":[{"start":{"line":294,"column":101},"end":{"line":294,"column":114}},{"start":{"line":294,"column":117},"end":{"line":294,"column":132}}]}},"s":{"0":0,"1":0,"2":0,"3":0,"4":0,"5":0,"6":0,"7":0,"8":0,"9":0,"10":0,"11":0,"12":0,"13":0,"14":0,"15":0,"16":0,"17":0,"18":0,"19":0,"20":0,"21":0,"22":0,"23":0,"24":0,"25":0,"26":0,"27":0,"28":0,"29":0,"30":0,"31":0,"32":0,"33":0,"34":0,"35":0,"36":0,"37":0,"38":0,"39":0,"40":0,"41":0,"42":0,"43":0,"44":0,"45":0,"46":0,"47":0,"48":0,"49":0,"50":0,"51":0,"52":0,"53":0,"54":0,"55":0,"56":0,"57":0,"58":0,"59":0,"60":0,"61":0,"62":0,"63":0,"64":0,"65":0,"66":0,"67":0,"68":0,"69":0,"70":0,"71":0,"72":0,"73":0,"74":0,"75":0,"76":0,"77":0,"78":0,"79":0,"80":0,"81":0,"82":0,"83":0,"84":0,"85":0,"86":0,"87":0,"88":0,"89":0,"90":0,"91":0,"92":0,"93":0,"94":0,"95":0,"96":0,"97":0,"98":0,"99":0,"100":0,"101":0,"102":0,"103":0,"104":0,"105":0,"106":0,"107":0,"108":0,"109":0,"110":0,"111":0,"112":0,"113":0,"114":0,"115":0,"116":0,"117":0,"118":0},"f":{"0":0,"1":0,"2":0,"3":0,"4":0,"5":0,"6":0,"7":0,"8":0,"9":0,"10":0,"11":0,"12":0,"13":0,"14":0,"15":0,"16":0,"17":0,"18":0,"19":0,"20":0,"21":0,"22":0,"23":0,"24":0,"25":0,"26":0,"27":0,"28":0,"29":0,"30":0},"b":{"0":[0,0],"1":[0,0],"2":[0],"3":[0,0],"4":[0,0],"5":[0,0],"6":[0,0],"7":[0,0],"8":[0,0],"9":[0,0],"10":[0,0],"11":[0,0],"12":[0,0],"13":[0],"14":[0,0],"15":[0,0],"16":[0,0],"17":[0,0],"18":[0,0],"19":[0,0],"20":[0,0],"21":[0,0],"22":[0],"23":[0],"24":[0],"25":[0,0],"26":[0],"27":[0],"28":[0,0],"29":[0],"30":[0,0],"31":[0,0],"32":[0,0],"33":[0,0],"34":[0,0],"35":[0,0],"36":[0,0],"37":[0,0],"38":[0,0]}}
,"C:\\Users\\grimo\\Documents\\Projets\\arka-labs\\src\\lib\\clients-store.ts": {"path":"C:\\Users\\grimo\\Documents\\Projets\\arka-labs\\src\\lib\\clients-store.ts","statementMap":{"0":{"start":{"line":16,"column":21},"end":{"line":16,"column":50}},"1":{"start":{"line":19,"column":34},"end":{"line":62,"column":2}},"2":{"start":{"line":65,"column":0},"end":{"line":67,"column":3}},"3":{"start":{"line":66,"column":2},"end":{"line":66,"column":46}},"4":{"start":{"line":69,"column":13},"end":{"line":175,"column":2}},"5":{"start":{"line":77,"column":18},"end":{"line":77,"column":78}},"6":{"start":{"line":77,"column":64},"end":{"line":77,"column":77}},"7":{"start":{"line":79,"column":4},"end":{"line":85,"column":5}},"8":{"start":{"line":80,"column":26},"end":{"line":80,"column":54}},"9":{"start":{"line":81,"column":6},"end":{"line":84,"column":8}},"10":{"start":{"line":82,"column":8},"end":{"line":83,"column":51}},"11":{"start":{"line":87,"column":4},"end":{"line":89,"column":5}},"12":{"start":{"line":88,"column":6},"end":{"line":88,"column":75}},"13":{"start":{"line":88,"column":36},"end":{"line":88,"column":73}},"14":{"start":{"line":91,"column":4},"end":{"line":93,"column":5}},"15":{"start":{"line":92,"column":6},"end":{"line":92,"column":75}},"16":{"start":{"line":92,"column":36},"end":{"line":92,"column":73}},"17":{"start":{"line":95,"column":4},"end":{"line":100,"column":5}},"18":{"start":{"line":96,"column":27},"end":{"line":96,"column":56}},"19":{"start":{"line":97,"column":6},"end":{"line":99,"column":8}},"20":{"start":{"line":98,"column":8},"end":{"line":98,"column":65}},"21":{"start":{"line":102,"column":4},"end":{"line":102,"column":62}},"22":{"start":{"line":102,"column":34},"end":{"line":102,"column":60}},"23":{"start":{"line":107,"column":19},"end":{"line":107,"column":47}},"24":{"start":{"line":108,"column":4},"end":{"line":110,"column":5}},"25":{"start":{"line":109,"column":6},"end":{"line":109,"column":20}},"26":{"start":{"line":111,"column":4},"end":{"line":111,"column":16}},"27":{"start":{"line":121,"column":15},"end":{"line":121,"column":33}},"28":{"start":{"line":122,"column":31},"end":{"line":130,"column":6}},"29":{"start":{"line":132,"column":4},"end":{"line":132,"column":33}},"30":{"start":{"line":133,"column":4},"end":{"line":133,"column":61}},"31":{"start":{"line":134,"column":4},"end":{"line":134,"column":18}},"32":{"start":{"line":143,"column":19},"end":{"line":143,"column":47}},"33":{"start":{"line":144,"column":4},"end":{"line":146,"column":5}},"34":{"start":{"line":145,"column":6},"end":{"line":145,"column":18}},"35":{"start":{"line":148,"column":4},"end":{"line":148,"column":54}},"36":{"start":{"line":148,"column":32},"end":{"line":148,"column":54}},"37":{"start":{"line":149,"column":4},"end":{"line":149,"column":60}},"38":{"start":{"line":149,"column":34},"end":{"line":149,"column":60}},"39":{"start":{"line":150,"column":4},"end":{"line":150,"column":69}},"40":{"start":{"line":150,"column":37},"end":{"line":150,"column":69}},"41":{"start":{"line":151,"column":4},"end":{"line":151,"column":49}},"42":{"start":{"line":153,"column":4},"end":{"line":153,"column":41}},"43":{"start":{"line":154,"column":4},"end":{"line":154,"column":61}},"44":{"start":{"line":155,"column":4},"end":{"line":155,"column":18}},"45":{"start":{"line":160,"column":19},"end":{"line":160,"column":47}},"46":{"start":{"line":161,"column":4},"end":{"line":163,"column":5}},"47":{"start":{"line":162,"column":6},"end":{"line":162,"column":19}},"48":{"start":{"line":165,"column":4},"end":{"line":165,"column":49}},"49":{"start":{"line":166,"column":4},"end":{"line":166,"column":41}},"50":{"start":{"line":167,"column":4},"end":{"line":167,"column":57}},"51":{"start":{"line":168,"column":4},"end":{"line":168,"column":16}},"52":{"start":{"line":173,"column":4},"end":{"line":173,"column":16}}},"fnMap":{"0":{"name":"(anonymous_0)","decl":{"start":{"line":65,"column":20},"end":{"line":65,"column":26}},"loc":{"start":{"line":65,"column":29},"end":{"line":67,"column":1}}},"1":{"name":"(anonymous_1)","decl":{"start":{"line":71,"column":2},"end":{"line":71,"column":7}},"loc":{"start":{"line":76,"column":3},"end":{"line":103,"column":3}}},"2":{"name":"(anonymous_2)","decl":{"start":{"line":77,"column":59},"end":{"line":77,"column":60}},"loc":{"start":{"line":77,"column":64},"end":{"line":77,"column":77}}},"3":{"name":"(anonymous_3)","decl":{"start":{"line":81,"column":31},"end":{"line":81,"column":32}},"loc":{"start":{"line":82,"column":8},"end":{"line":83,"column":51}}},"4":{"name":"(anonymous_4)","decl":{"start":{"line":88,"column":31},"end":{"line":88,"column":32}},"loc":{"start":{"line":88,"column":36},"end":{"line":88,"column":73}}},"5":{"name":"(anonymous_5)","decl":{"start":{"line":92,"column":31},"end":{"line":92,"column":32}},"loc":{"start":{"line":92,"column":36},"end":{"line":92,"column":73}}},"6":{"name":"(anonymous_6)","decl":{"start":{"line":97,"column":31},"end":{"line":97,"column":32}},"loc":{"start":{"line":98,"column":8},"end":{"line":98,"column":65}}},"7":{"name":"(anonymous_7)","decl":{"start":{"line":102,"column":24},"end":{"line":102,"column":25}},"loc":{"start":{"line":102,"column":34},"end":{"line":102,"column":60}}},"8":{"name":"(anonymous_8)","decl":{"start":{"line":106,"column":2},"end":{"line":106,"column":7}},"loc":{"start":{"line":106,"column":26},"end":{"line":112,"column":3}}},"9":{"name":"(anonymous_9)","decl":{"start":{"line":115,"column":2},"end":{"line":115,"column":7}},"loc":{"start":{"line":120,"column":3},"end":{"line":135,"column":3}}},"10":{"name":"(anonymous_10)","decl":{"start":{"line":138,"column":2},"end":{"line":138,"column":7}},"loc":{"start":{"line":142,"column":3},"end":{"line":156,"column":3}}},"11":{"name":"(anonymous_11)","decl":{"start":{"line":159,"column":2},"end":{"line":159,"column":7}},"loc":{"start":{"line":159,"column":25},"end":{"line":169,"column":3}}},"12":{"name":"(anonymous_12)","decl":{"start":{"line":172,"column":2},"end":{"line":172,"column":10}},"loc":{"start":{"line":172,"column":10},"end":{"line":174,"column":3}}}},"branchMap":{"0":{"loc":{"start":{"line":79,"column":4},"end":{"line":85,"column":5}},"type":"if","locations":[{"start":{"line":79,"column":4},"end":{"line":85,"column":5}},{"start":{},"end":{}}]},"1":{"loc":{"start":{"line":82,"column":8},"end":{"line":83,"column":51}},"type":"binary-expr","locations":[{"start":{"line":82,"column":8},"end":{"line":82,"column":49}},{"start":{"line":83,"column":8},"end":{"line":83,"column":51}}]},"2":{"loc":{"start":{"line":87,"column":4},"end":{"line":89,"column":5}},"type":"if","locations":[{"start":{"line":87,"column":4},"end":{"line":89,"column":5}},{"start":{},"end":{}}]},"3":{"loc":{"start":{"line":91,"column":4},"end":{"line":93,"column":5}},"type":"if","locations":[{"start":{"line":91,"column":4},"end":{"line":93,"column":5}},{"start":{},"end":{}}]},"4":{"loc":{"start":{"line":95,"column":4},"end":{"line":100,"column":5}},"type":"if","locations":[{"start":{"line":95,"column":4},"end":{"line":100,"column":5}},{"start":{},"end":{}}]},"5":{"loc":{"start":{"line":108,"column":4},"end":{"line":110,"column":5}},"type":"if","locations":[{"start":{"line":108,"column":4},"end":{"line":110,"column":5}},{"start":{},"end":{}}]},"6":{"loc":{"start":{"line":108,"column":8},"end":{"line":108,"column":36}},"type":"binary-expr","locations":[{"start":{"line":108,"column":8},"end":{"line":108,"column":14}},{"start":{"line":108,"column":18},"end":{"line":108,"column":36}}]},"7":{"loc":{"start":{"line":129,"column":18},"end":{"line":129,"column":45}},"type":"binary-expr","locations":[{"start":{"line":129,"column":18},"end":{"line":129,"column":33}},{"start":{"line":129,"column":37},"end":{"line":129,"column":45}}]},"8":{"loc":{"start":{"line":144,"column":4},"end":{"line":146,"column":5}},"type":"if","locations":[{"start":{"line":144,"column":4},"end":{"line":146,"column":5}},{"start":{},"end":{}}]},"9":{"loc":{"start":{"line":144,"column":8},"end":{"line":144,"column":36}},"type":"binary-expr","locations":[{"start":{"line":144,"column":8},"end":{"line":144,"column":15}},{"start":{"line":144,"column":19},"end":{"line":144,"column":36}}]},"10":{"loc":{"start":{"line":148,"column":4},"end":{"line":148,"column":54}},"type":"if","locations":[{"start":{"line":148,"column":4},"end":{"line":148,"column":54}},{"start":{},"end":{}}]},"11":{"loc":{"start":{"line":149,"column":4},"end":{"line":149,"column":60}},"type":"if","locations":[{"start":{"line":149,"column":4},"end":{"line":149,"column":60}},{"start":{},"end":{}}]},"12":{"loc":{"start":{"line":150,"column":4},"end":{"line":150,"column":69}},"type":"if","locations":[{"start":{"line":150,"column":4},"end":{"line":150,"column":69}},{"start":{},"end":{}}]},"13":{"loc":{"start":{"line":161,"column":4},"end":{"line":163,"column":5}},"type":"if","locations":[{"start":{"line":161,"column":4},"end":{"line":163,"column":5}},{"start":{},"end":{}}]},"14":{"loc":{"start":{"line":161,"column":8},"end":{"line":161,"column":36}},"type":"binary-expr","locations":[{"start":{"line":161,"column":8},"end":{"line":161,"column":15}},{"start":{"line":161,"column":19},"end":{"line":161,"column":36}}]}},"s":{"0":0,"1":0,"2":0,"3":0,"4":0,"5":0,"6":0,"7":0,"8":0,"9":0,"10":0,"11":0,"12":0,"13":0,"14":0,"15":0,"16":0,"17":0,"18":0,"19":0,"20":0,"21":0,"22":0,"23":0,"24":0,"25":0,"26":0,"27":0,"28":0,"29":0,"30":0,"31":0,"32":0,"33":0,"34":0,"35":0,"36":0,"37":0,"38":0,"39":0,"40":0,"41":0,"42":0,"43":0,"44":0,"45":0,"46":0,"47":0,"48":0,"49":0,"50":0,"51":0,"52":0},"f":{"0":0,"1":0,"2":0,"3":0,"4":0,"5":0,"6":0,"7":0,"8":0,"9":0,"10":0,"11":0,"12":0},"b":{"0":[0,0],"1":[0,0],"2":[0,0],"3":[0,0],"4":[0,0],"5":[0,0],"6":[0,0],"7":[0,0],"8":[0,0],"9":[0,0],"10":[0,0],"11":[0,0],"12":[0,0],"13":[0,0],"14":[0,0]}}
,"C:\\Users\\grimo\\Documents\\Projets\\arka-labs\\src\\lib\\context-completion.ts": {"path":"C:\\Users\\grimo\\Documents\\Projets\\arka-labs\\src\\lib\\context-completion.ts","statementMap":{"0":{"start":{"line":35,"column":0},"end":{"line":35,"column":16}},"1":{"start":{"line":152,"column":0},"end":{"line":152,"column":16}},"2":{"start":{"line":27,"column":50},"end":{"line":33,"column":2}},"3":{"start":{"line":41,"column":44},"end":{"line":47,"column":4}},"4":{"start":{"line":50,"column":21},"end":{"line":55,"column":null}},"5":{"start":{"line":59,"column":31},"end":{"line":65,"column":4}},"6":{"start":{"line":67,"column":2},"end":{"line":72,"column":4}},"7":{"start":{"line":77,"column":2},"end":{"line":82,"column":4}},"8":{"start":{"line":78,"column":4},"end":{"line":81,"column":49}},"9":{"start":{"line":86,"column":2},"end":{"line":93,"column":4}},"10":{"start":{"line":87,"column":4},"end":{"line":92,"column":53}},"11":{"start":{"line":97,"column":2},"end":{"line":103,"column":4}},"12":{"start":{"line":98,"column":4},"end":{"line":102,"column":46}},"13":{"start":{"line":107,"column":2},"end":{"line":113,"column":4}},"14":{"start":{"line":108,"column":4},"end":{"line":112,"column":51}},"15":{"start":{"line":117,"column":2},"end":{"line":124,"column":4}},"16":{"start":{"line":118,"column":4},"end":{"line":123,"column":51}},"17":{"start":{"line":128,"column":13},"end":{"line":150,"column":2}},"18":{"start":{"line":153,"column":2},"end":{"line":155,"column":3}},"19":{"start":{"line":154,"column":4},"end":{"line":154,"column":43}},"20":{"start":{"line":156,"column":2},"end":{"line":156,"column":25}}},"fnMap":{"0":{"name":"calculateContextCompletion","decl":{"start":{"line":35,"column":16},"end":{"line":35,"column":42}},"loc":{"start":{"line":37,"column":53},"end":{"line":73,"column":1}}},"1":{"name":"hasObjectiveDefinition","decl":{"start":{"line":76,"column":9},"end":{"line":76,"column":31}},"loc":{"start":{"line":76,"column":79},"end":{"line":83,"column":1}}},"2":{"name":"(anonymous_2)","decl":{"start":{"line":77,"column":20},"end":{"line":77,"column":24}},"loc":{"start":{"line":78,"column":4},"end":{"line":81,"column":49}}},"3":{"name":"hasConstraintsDocumented","decl":{"start":{"line":85,"column":9},"end":{"line":85,"column":33}},"loc":{"start":{"line":85,"column":81},"end":{"line":94,"column":1}}},"4":{"name":"(anonymous_4)","decl":{"start":{"line":86,"column":20},"end":{"line":86,"column":24}},"loc":{"start":{"line":87,"column":4},"end":{"line":92,"column":53}}},"5":{"name":"hasParticipantsIdentified","decl":{"start":{"line":96,"column":9},"end":{"line":96,"column":34}},"loc":{"start":{"line":96,"column":82},"end":{"line":104,"column":1}}},"6":{"name":"(anonymous_6)","decl":{"start":{"line":97,"column":20},"end":{"line":97,"column":24}},"loc":{"start":{"line":98,"column":4},"end":{"line":102,"column":46}}},"7":{"name":"hasDocumentReferences","decl":{"start":{"line":106,"column":9},"end":{"line":106,"column":30}},"loc":{"start":{"line":106,"column":78},"end":{"line":114,"column":1}}},"8":{"name":"(anonymous_8)","decl":{"start":{"line":107,"column":20},"end":{"line":107,"column":24}},"loc":{"start":{"line":108,"column":4},"end":{"line":112,"column":51}}},"9":{"name":"hasRisksIdentified","decl":{"start":{"line":116,"column":9},"end":{"line":116,"column":27}},"loc":{"start":{"line":116,"column":75},"end":{"line":125,"column":1}}},"10":{"name":"(anonymous_10)","decl":{"start":{"line":117,"column":20},"end":{"line":117,"column":24}},"loc":{"start":{"line":118,"column":4},"end":{"line":123,"column":51}}},"11":{"name":"getWeightsForFolderType","decl":{"start":{"line":152,"column":16},"end":{"line":152,"column":39}},"loc":{"start":{"line":152,"column":59},"end":{"line":157,"column":1}}}},"branchMap":{"0":{"loc":{"start":{"line":37,"column":2},"end":{"line":37,"column":53}},"type":"default-arg","locations":[{"start":{"line":37,"column":38},"end":{"line":37,"column":53}}]},"1":{"loc":{"start":{"line":51,"column":26},"end":{"line":51,"column":51}},"type":"cond-expr","locations":[{"start":{"line":51,"column":46},"end":{"line":51,"column":47}},{"start":{"line":51,"column":50},"end":{"line":51,"column":51}}]},"2":{"loc":{"start":{"line":52,"column":28},"end":{"line":52,"column":55}},"type":"cond-expr","locations":[{"start":{"line":52,"column":50},"end":{"line":52,"column":51}},{"start":{"line":52,"column":54},"end":{"line":52,"column":55}}]},"3":{"loc":{"start":{"line":53,"column":29},"end":{"line":53,"column":57}},"type":"cond-expr","locations":[{"start":{"line":53,"column":52},"end":{"line":53,"column":53}},{"start":{"line":53,"column":56},"end":{"line":53,"column":57}}]},"4":{"loc":{"start":{"line":54,"column":25},"end":{"line":54,"column":49}},"type":"cond-expr","locations":[{"start":{"line":54,"column":44},"end":{"line":54,"column":45}},{"start":{"line":54,"column":48},"end":{"line":54,"column":49}}]},"5":{"loc":{"start":{"line":55,"column":22},"end":{"line":55,"column":43}},"type":"cond-expr","locations":[{"start":{"line":55,"column":38},"end":{"line":55,"column":39}},{"start":{"line":55,"column":42},"end":{"line":55,"column":43}}]},"6":{"loc":{"start":{"line":60,"column":15},"end":{"line":60,"column":40}},"type":"cond-expr","locations":[{"start":{"line":60,"column":35},"end":{"line":60,"column":36}},{"start":{"line":60,"column":39},"end":{"line":60,"column":40}}]},"7":{"loc":{"start":{"line":61,"column":17},"end":{"line":61,"column":44}},"type":"cond-expr","locations":[{"start":{"line":61,"column":39},"end":{"line":61,"column":40}},{"start":{"line":61,"column":43},"end":{"line":61,"column":44}}]},"8":{"loc":{"start":{"line":62,"column":18},"end":{"line":62,"column":46}},"type":"cond-expr","locations":[{"start":{"line":62,"column":41},"end":{"line":62,"column":42}},{"start":{"line":62,"column":45},"end":{"line":62,"column":46}}]},"9":{"loc":{"start":{"line":63,"column":14},"end":{"line":63,"column":38}},"type":"cond-expr","locations":[{"start":{"line":63,"column":33},"end":{"line":63,"column":34}},{"start":{"line":63,"column":37},"end":{"line":63,"column":38}}]},"10":{"loc":{"start":{"line":64,"column":11},"end":{"line":64,"column":32}},"type":"cond-expr","locations":[{"start":{"line":64,"column":27},"end":{"line":64,"column":28}},{"start":{"line":64,"column":31},"end":{"line":64,"column":32}}]},"11":{"loc":{"start":{"line":78,"column":4},"end":{"line":81,"column":49}},"type":"binary-expr","locations":[{"start":{"line":78,"column":5},"end":{"line":78,"column":30}},{"start":{"line":78,"column":34},"end":{"line":78,"column":64}},{"start":{"line":79,"column":5},"end":{"line":79,"column":52}},{"start":{"line":80,"column":5},"end":{"line":80,"column":47}},{"start":{"line":81,"column":5},"end":{"line":81,"column":48}}]},"12":{"loc":{"start":{"line":87,"column":4},"end":{"line":92,"column":53}},"type":"binary-expr","locations":[{"start":{"line":87,"column":5},"end":{"line":87,"column":31}},{"start":{"line":87,"column":35},"end":{"line":87,"column":60}},{"start":{"line":88,"column":5},"end":{"line":88,"column":54}},{"start":{"line":89,"column":5},"end":{"line":89,"column":54}},{"start":{"line":90,"column":5},"end":{"line":90,"column":50}},{"start":{"line":91,"column":5},"end":{"line":91,"column":49}},{"start":{"line":92,"column":5},"end":{"line":92,"column":52}}]},"13":{"loc":{"start":{"line":98,"column":4},"end":{"line":102,"column":46}},"type":"binary-expr","locations":[{"start":{"line":98,"column":4},"end":{"line":98,"column":54}},{"start":{"line":99,"column":4},"end":{"line":99,"column":51}},{"start":{"line":100,"column":4},"end":{"line":100,"column":49}},{"start":{"line":101,"column":4},"end":{"line":101,"column":49}},{"start":{"line":102,"column":4},"end":{"line":102,"column":46}}]},"14":{"loc":{"start":{"line":108,"column":4},"end":{"line":112,"column":51}},"type":"binary-expr","locations":[{"start":{"line":108,"column":4},"end":{"line":108,"column":51}},{"start":{"line":109,"column":4},"end":{"line":109,"column":50}},{"start":{"line":110,"column":4},"end":{"line":110,"column":50}},{"start":{"line":111,"column":4},"end":{"line":111,"column":51}},{"start":{"line":112,"column":4},"end":{"line":112,"column":51}}]},"15":{"loc":{"start":{"line":118,"column":4},"end":{"line":123,"column":51}},"type":"binary-expr","locations":[{"start":{"line":118,"column":4},"end":{"line":118,"column":49}},{"start":{"line":119,"column":4},"end":{"line":119,"column":51}},{"start":{"line":120,"column":4},"end":{"line":120,"column":52}},{"start":{"line":121,"column":4},"end":{"line":121,"column":51}},{"start":{"line":122,"column":4},"end":{"line":122,"column":49}},{"start":{"line":123,"column":4},"end":{"line":123,"column":51}}]},"16":{"loc":{"start":{"line":153,"column":2},"end":{"line":155,"column":3}},"type":"if","locations":[{"start":{"line":153,"column":2},"end":{"line":155,"column":3}},{"start":{},"end":{}}]},"17":{"loc":{"start":{"line":153,"column":6},"end":{"line":153,"column":51}},"type":"binary-expr","locations":[{"start":{"line":153,"column":6},"end":{"line":153,"column":16}},{"start":{"line":153,"column":20},"end":{"line":153,"column":51}}]}},"s":{"0":0,"1":0,"2":0,"3":0,"4":0,"5":0,"6":0,"7":0,"8":0,"9":0,"10":0,"11":0,"12":0,"13":0,"14":0,"15":0,"16":0,"17":0,"18":0,"19":0,"20":0},"f":{"0":0,"1":0,"2":0,"3":0,"4":0,"5":0,"6":0,"7":0,"8":0,"9":0,"10":0,"11":0},"b":{"0":[0],"1":[0,0],"2":[0,0],"3":[0,0],"4":[0,0],"5":[0,0],"6":[0,0],"7":[0,0],"8":[0,0],"9":[0,0],"10":[0,0],"11":[0,0,0,0,0],"12":[0,0,0,0,0,0,0],"13":[0,0,0,0,0],"14":[0,0,0,0,0],"15":[0,0,0,0,0,0],"16":[0,0],"17":[0,0]}}
,"C:\\Users\\grimo\\Documents\\Projets\\arka-labs\\src\\lib\\db.ts": {"path":"C:\\Users\\grimo\\Documents\\Projets\\arka-labs\\src\\lib\\db.ts","statementMap":{"0":{"start":{"line":5,"column":0},"end":{"line":5,"column":16}},"1":{"start":{"line":1,"column":0},"end":{"line":1,"column":26}},"2":{"start":{"line":3,"column":16},"end":{"line":3,"column":20}},"3":{"start":{"line":6,"column":2},"end":{"line":22,"column":3}},"4":{"start":{"line":8,"column":29},"end":{"line":8,"column":81}},"5":{"start":{"line":10,"column":4},"end":{"line":21,"column":5}},"6":{"start":{"line":11,"column":6},"end":{"line":11,"column":88}},"7":{"start":{"line":12,"column":6},"end":{"line":18,"column":9}},"8":{"start":{"line":20,"column":6},"end":{"line":20,"column":44}},"9":{"start":{"line":23,"column":2},"end":{"line":23,"column":14}},"10":{"start":{"line":32,"column":20},"end":{"line":49,"column":1}},"11":{"start":{"line":33,"column":14},"end":{"line":33,"column":24}},"12":{"start":{"line":34,"column":2},"end":{"line":36,"column":3}},"13":{"start":{"line":34,"column":15},"end":{"line":34,"column":16}},"14":{"start":{"line":35,"column":4},"end":{"line":35,"column":42}},"15":{"start":{"line":39,"column":2},"end":{"line":48,"column":7}},"16":{"start":{"line":40,"column":15},"end":{"line":40,"column":22}},"17":{"start":{"line":41,"column":19},"end":{"line":41,"column":48}},"18":{"start":{"line":43,"column":17},"end":{"line":43,"column":28}},"19":{"start":{"line":44,"column":4},"end":{"line":44,"column":36}},"20":{"start":{"line":45,"column":4},"end":{"line":45,"column":34}},"21":{"start":{"line":46,"column":4},"end":{"line":46,"column":32}},"22":{"start":{"line":47,"column":4},"end":{"line":47,"column":16}},"23":{"start":{"line":52,"column":0},"end":{"line":57,"column":2}},"24":{"start":{"line":53,"column":2},"end":{"line":56,"column":4}},"25":{"start":{"line":54,"column":20},"end":{"line":54,"column":29}},"26":{"start":{"line":55,"column":19},"end":{"line":55,"column":28}},"27":{"start":{"line":59,"column":13},"end":{"line":59,"column":46}}},"fnMap":{"0":{"name":"getDb","decl":{"start":{"line":5,"column":16},"end":{"line":5,"column":21}},"loc":{"start":{"line":5,"column":21},"end":{"line":24,"column":1}}},"1":{"name":"(anonymous_1)","decl":{"start":{"line":32,"column":20},"end":{"line":32,"column":21}},"loc":{"start":{"line":32,"column":72},"end":{"line":49,"column":1}}},"2":{"name":"(anonymous_2)","decl":{"start":{"line":39,"column":10},"end":{"line":39,"column":15}},"loc":{"start":{"line":39,"column":21},"end":{"line":48,"column":3}}},"3":{"name":"(anonymous_3)","decl":{"start":{"line":52,"column":18},"end":{"line":52,"column":19}},"loc":{"start":{"line":52,"column":40},"end":{"line":57,"column":1}}},"4":{"name":"(anonymous_4)","decl":{"start":{"line":54,"column":14},"end":{"line":54,"column":17}},"loc":{"start":{"line":54,"column":20},"end":{"line":54,"column":29}}},"5":{"name":"(anonymous_5)","decl":{"start":{"line":55,"column":13},"end":{"line":55,"column":16}},"loc":{"start":{"line":55,"column":19},"end":{"line":55,"column":28}}}},"branchMap":{"0":{"loc":{"start":{"line":6,"column":2},"end":{"line":22,"column":3}},"type":"if","locations":[{"start":{"line":6,"column":2},"end":{"line":22,"column":3}},{"start":{},"end":{}}]},"1":{"loc":{"start":{"line":8,"column":29},"end":{"line":8,"column":81}},"type":"binary-expr","locations":[{"start":{"line":8,"column":29},"end":{"line":8,"column":53}},{"start":{"line":8,"column":57},"end":{"line":8,"column":81}}]},"2":{"loc":{"start":{"line":10,"column":4},"end":{"line":21,"column":5}},"type":"if","locations":[{"start":{"line":10,"column":4},"end":{"line":21,"column":5}},{"start":{"line":19,"column":11},"end":{"line":21,"column":5}}]}},"s":{"0":0,"1":0,"2":0,"3":0,"4":0,"5":0,"6":0,"7":0,"8":0,"9":0,"10":0,"11":0,"12":0,"13":0,"14":0,"15":0,"16":0,"17":0,"18":0,"19":0,"20":0,"21":0,"22":0,"23":0,"24":0,"25":0,"26":0,"27":0},"f":{"0":0,"1":0,"2":0,"3":0,"4":0,"5":0},"b":{"0":[0,0],"1":[0,0],"2":[0,0]}}
,"C:\\Users\\grimo\\Documents\\Projets\\arka-labs\\src\\lib\\env.ts": {"path":"C:\\Users\\grimo\\Documents\\Projets\\arka-labs\\src\\lib\\env.ts","statementMap":{"0":{"start":{"line":21,"column":0},"end":{"line":21,"column":16}},"1":{"start":{"line":11,"column":25},"end":{"line":11,"column":29}},"2":{"start":{"line":14,"column":12},"end":{"line":14,"column":32}},"3":{"start":{"line":15,"column":2},"end":{"line":17,"column":3}},"4":{"start":{"line":16,"column":4},"end":{"line":16,"column":43}},"5":{"start":{"line":18,"column":2},"end":{"line":18,"column":11}},"6":{"start":{"line":22,"column":2},"end":{"line":22,"column":28}},"7":{"start":{"line":22,"column":14},"end":{"line":22,"column":28}},"8":{"start":{"line":23,"column":21},"end":{"line":23,"column":109}},"9":{"start":{"line":24,"column":19},"end":{"line":30,"column":4}},"10":{"start":{"line":31,"column":2},"end":{"line":31,"column":15}},"11":{"start":{"line":32,"column":2},"end":{"line":32,"column":13}},"12":{"start":{"line":36,"column":13},"end":{"line":36,"column":72}},"13":{"start":{"line":37,"column":13},"end":{"line":37,"column":74}},"14":{"start":{"line":38,"column":13},"end":{"line":38,"column":73}},"15":{"start":{"line":39,"column":13},"end":{"line":39,"column":87}}},"fnMap":{"0":{"name":"requireString","decl":{"start":{"line":13,"column":9},"end":{"line":13,"column":22}},"loc":{"start":{"line":13,"column":81},"end":{"line":19,"column":1}}},"1":{"name":"getEnv","decl":{"start":{"line":21,"column":16},"end":{"line":21,"column":22}},"loc":{"start":{"line":21,"column":22},"end":{"line":33,"column":1}}}},"branchMap":{"0":{"loc":{"start":{"line":13,"column":71},"end":{"line":13,"column":81}},"type":"default-arg","locations":[{"start":{"line":13,"column":80},"end":{"line":13,"column":81}}]},"1":{"loc":{"start":{"line":14,"column":13},"end":{"line":14,"column":24}},"type":"binary-expr","locations":[{"start":{"line":14,"column":13},"end":{"line":14,"column":18}},{"start":{"line":14,"column":22},"end":{"line":14,"column":24}}]},"2":{"loc":{"start":{"line":15,"column":2},"end":{"line":17,"column":3}},"type":"if","locations":[{"start":{"line":15,"column":2},"end":{"line":17,"column":3}},{"start":{},"end":{}}]},"3":{"loc":{"start":{"line":22,"column":2},"end":{"line":22,"column":28}},"type":"if","locations":[{"start":{"line":22,"column":2},"end":{"line":22,"column":28}},{"start":{},"end":{}}]},"4":{"loc":{"start":{"line":23,"column":21},"end":{"line":23,"column":109}},"type":"binary-expr","locations":[{"start":{"line":23,"column":22},"end":{"line":23,"column":44}},{"start":{"line":23,"column":48},"end":{"line":23,"column":71}},{"start":{"line":23,"column":75},"end":{"line":23,"column":102}},{"start":{"line":23,"column":107},"end":{"line":23,"column":109}}]},"5":{"loc":{"start":{"line":28,"column":27},"end":{"line":28,"column":73}},"type":"binary-expr","locations":[{"start":{"line":28,"column":27},"end":{"line":28,"column":60}},{"start":{"line":28,"column":64},"end":{"line":28,"column":73}}]},"6":{"loc":{"start":{"line":29,"column":17},"end":{"line":29,"column":53}},"type":"binary-expr","locations":[{"start":{"line":29,"column":17},"end":{"line":29,"column":40}},{"start":{"line":29,"column":44},"end":{"line":29,"column":53}}]},"7":{"loc":{"start":{"line":38,"column":38},"end":{"line":38,"column":71}},"type":"binary-expr","locations":[{"start":{"line":38,"column":38},"end":{"line":38,"column":65}},{"start":{"line":38,"column":69},"end":{"line":38,"column":71}}]},"8":{"loc":{"start":{"line":39,"column":44},"end":{"line":39,"column":85}},"type":"binary-expr","locations":[{"start":{"line":39,"column":44},"end":{"line":39,"column":77}},{"start":{"line":39,"column":81},"end":{"line":39,"column":85}}]}},"s":{"0":0,"1":0,"2":0,"3":0,"4":0,"5":0,"6":0,"7":0,"8":0,"9":0,"10":0,"11":0,"12":0,"13":0,"14":0,"15":0},"f":{"0":0,"1":0},"b":{"0":[0],"1":[0,0],"2":[0,0],"3":[0,0],"4":[0,0,0,0],"5":[0,0],"6":[0,0],"7":[0,0],"8":[0,0]}}
,"C:\\Users\\grimo\\Documents\\Projets\\arka-labs\\src\\lib\\error-model.ts": {"path":"C:\\Users\\grimo\\Documents\\Projets\\arka-labs\\src\\lib\\error-model.ts","statementMap":{"0":{"start":{"line":38,"column":0},"end":{"line":38,"column":16}},"1":{"start":{"line":52,"column":0},"end":{"line":52,"column":16}},"2":{"start":{"line":62,"column":0},"end":{"line":62,"column":16}},"3":{"start":{"line":71,"column":0},"end":{"line":71,"column":16}},"4":{"start":{"line":80,"column":0},"end":{"line":80,"column":16}},"5":{"start":{"line":89,"column":0},"end":{"line":89,"column":16}},"6":{"start":{"line":98,"column":0},"end":{"line":98,"column":16}},"7":{"start":{"line":3,"column":0},"end":{"line":3,"column":43}},"8":{"start":{"line":44,"column":2},"end":{"line":49,"column":4}},"9":{"start":{"line":56,"column":19},"end":{"line":56,"column":55}},"10":{"start":{"line":57,"column":2},"end":{"line":57,"column":53}},"11":{"start":{"line":58,"column":2},"end":{"line":58,"column":18}},"12":{"start":{"line":63,"column":2},"end":{"line":68,"column":4}},"13":{"start":{"line":72,"column":2},"end":{"line":77,"column":4}},"14":{"start":{"line":81,"column":2},"end":{"line":86,"column":4}},"15":{"start":{"line":90,"column":2},"end":{"line":95,"column":4}},"16":{"start":{"line":99,"column":2},"end":{"line":104,"column":4}}},"fnMap":{"0":{"name":"createApiError","decl":{"start":{"line":38,"column":16},"end":{"line":38,"column":30}},"loc":{"start":{"line":42,"column":17},"end":{"line":50,"column":1}}},"1":{"name":"errorResponse","decl":{"start":{"line":52,"column":16},"end":{"line":52,"column":29}},"loc":{"start":{"line":54,"column":16},"end":{"line":59,"column":1}}},"2":{"name":"folderNotFoundError","decl":{"start":{"line":62,"column":16},"end":{"line":62,"column":35}},"loc":{"start":{"line":62,"column":69},"end":{"line":69,"column":1}}},"3":{"name":"agentNotFoundError","decl":{"start":{"line":71,"column":16},"end":{"line":71,"column":34}},"loc":{"start":{"line":71,"column":67},"end":{"line":78,"column":1}}},"4":{"name":"raciInvariantError","decl":{"start":{"line":80,"column":16},"end":{"line":80,"column":34}},"loc":{"start":{"line":80,"column":84},"end":{"line":87,"column":1}}},"5":{"name":"validationError","decl":{"start":{"line":89,"column":16},"end":{"line":89,"column":31}},"loc":{"start":{"line":89,"column":62},"end":{"line":96,"column":1}}},"6":{"name":"idempotencyConflictError","decl":{"start":{"line":98,"column":16},"end":{"line":98,"column":40}},"loc":{"start":{"line":98,"column":69},"end":{"line":105,"column":1}}}},"branchMap":{"0":{"loc":{"start":{"line":41,"column":2},"end":{"line":41,"column":35}},"type":"default-arg","locations":[{"start":{"line":41,"column":33},"end":{"line":41,"column":35}}]}},"s":{"0":0,"1":0,"2":0,"3":0,"4":0,"5":0,"6":0,"7":0,"8":0,"9":0,"10":0,"11":0,"12":0,"13":0,"14":0,"15":0,"16":0},"f":{"0":0,"1":0,"2":0,"3":0,"4":0,"5":0,"6":0},"b":{"0":[0]}}
,"C:\\Users\\grimo\\Documents\\Projets\\arka-labs\\src\\lib\\github.ts": {"path":"C:\\Users\\grimo\\Documents\\Projets\\arka-labs\\src\\lib\\github.ts","statementMap":{"0":{"start":{"line":6,"column":0},"end":{"line":6,"column":16}},"1":{"start":{"line":17,"column":0},"end":{"line":17,"column":16}},"2":{"start":{"line":42,"column":0},"end":{"line":42,"column":16}},"3":{"start":{"line":46,"column":0},"end":{"line":46,"column":16}},"4":{"start":{"line":1,"column":0},"end":{"line":1,"column":28}},"5":{"start":{"line":7,"column":15},"end":{"line":7,"column":80}},"6":{"start":{"line":8,"column":19},"end":{"line":8,"column":35}},"7":{"start":{"line":9,"column":2},"end":{"line":13,"column":3}},"8":{"start":{"line":10,"column":4},"end":{"line":10,"column":81}},"9":{"start":{"line":12,"column":4},"end":{"line":12,"column":17}},"10":{"start":{"line":18,"column":2},"end":{"line":23,"column":4}},"11":{"start":{"line":21,"column":18},"end":{"line":21,"column":26}},"12":{"start":{"line":28,"column":2},"end":{"line":30,"column":3}},"13":{"start":{"line":29,"column":4},"end":{"line":29,"column":33}},"14":{"start":{"line":31,"column":2},"end":{"line":38,"column":3}},"15":{"start":{"line":32,"column":4},"end":{"line":37,"column":20}},"16":{"start":{"line":35,"column":8},"end":{"line":35,"column":42}},"17":{"start":{"line":36,"column":8},"end":{"line":36,"column":19}},"18":{"start":{"line":39,"column":2},"end":{"line":39,"column":15}},"19":{"start":{"line":43,"column":2},"end":{"line":43,"column":43}},"20":{"start":{"line":47,"column":2},"end":{"line":47,"column":80}}},"fnMap":{"0":{"name":"verifySignature","decl":{"start":{"line":6,"column":16},"end":{"line":6,"column":31}},"loc":{"start":{"line":6,"column":82},"end":{"line":14,"column":1}}},"1":{"name":"parseAllowlist","decl":{"start":{"line":17,"column":16},"end":{"line":17,"column":30}},"loc":{"start":{"line":17,"column":54},"end":{"line":24,"column":1}}},"2":{"name":"(anonymous_3)","decl":{"start":{"line":21,"column":11},"end":{"line":21,"column":12}},"loc":{"start":{"line":21,"column":18},"end":{"line":21,"column":26}}},"3":{"name":"sortObject","decl":{"start":{"line":27,"column":9},"end":{"line":27,"column":19}},"loc":{"start":{"line":27,"column":30},"end":{"line":40,"column":1}}},"4":{"name":"(anonymous_5)","decl":{"start":{"line":34,"column":14},"end":{"line":34,"column":15}},"loc":{"start":{"line":34,"column":32},"end":{"line":37,"column":7}}},"5":{"name":"canonicalJson","decl":{"start":{"line":42,"column":16},"end":{"line":42,"column":29}},"loc":{"start":{"line":42,"column":40},"end":{"line":44,"column":1}}},"6":{"name":"hashCanonical","decl":{"start":{"line":46,"column":16},"end":{"line":46,"column":29}},"loc":{"start":{"line":46,"column":40},"end":{"line":48,"column":1}}}},"branchMap":{"0":{"loc":{"start":{"line":19,"column":5},"end":{"line":19,"column":14}},"type":"binary-expr","locations":[{"start":{"line":19,"column":5},"end":{"line":19,"column":8}},{"start":{"line":19,"column":12},"end":{"line":19,"column":14}}]},"1":{"loc":{"start":{"line":28,"column":2},"end":{"line":30,"column":3}},"type":"if","locations":[{"start":{"line":28,"column":2},"end":{"line":30,"column":3}},{"start":{},"end":{}}]},"2":{"loc":{"start":{"line":31,"column":2},"end":{"line":38,"column":3}},"type":"if","locations":[{"start":{"line":31,"column":2},"end":{"line":38,"column":3}},{"start":{},"end":{}}]},"3":{"loc":{"start":{"line":31,"column":6},"end":{"line":31,"column":40}},"type":"binary-expr","locations":[{"start":{"line":31,"column":6},"end":{"line":31,"column":11}},{"start":{"line":31,"column":15},"end":{"line":31,"column":40}}]}},"s":{"0":0,"1":0,"2":0,"3":0,"4":0,"5":0,"6":0,"7":0,"8":0,"9":0,"10":0,"11":0,"12":0,"13":0,"14":0,"15":0,"16":0,"17":0,"18":0,"19":0,"20":0},"f":{"0":0,"1":0,"2":0,"3":0,"4":0,"5":0,"6":0},"b":{"0":[0,0],"1":[0,0],"2":[0,0],"3":[0,0]}}
,"C:\\Users\\grimo\\Documents\\Projets\\arka-labs\\src\\lib\\hmac.ts": {"path":"C:\\Users\\grimo\\Documents\\Projets\\arka-labs\\src\\lib\\hmac.ts","statementMap":{"0":{"start":{"line":3,"column":0},"end":{"line":3,"column":16}},"1":{"start":{"line":1,"column":0},"end":{"line":1,"column":28}},"2":{"start":{"line":4,"column":2},"end":{"line":4,"column":25}},"3":{"start":{"line":4,"column":12},"end":{"line":4,"column":25}},"4":{"start":{"line":5,"column":12},"end":{"line":5,"column":77}},"5":{"start":{"line":6,"column":19},"end":{"line":6,"column":32}},"6":{"start":{"line":7,"column":2},"end":{"line":11,"column":3}},"7":{"start":{"line":8,"column":4},"end":{"line":8,"column":75}},"8":{"start":{"line":10,"column":4},"end":{"line":10,"column":17}}},"fnMap":{"0":{"name":"verifyHmac","decl":{"start":{"line":3,"column":16},"end":{"line":3,"column":26}},"loc":{"start":{"line":3,"column":78},"end":{"line":12,"column":1}}}},"branchMap":{"0":{"loc":{"start":{"line":4,"column":2},"end":{"line":4,"column":25}},"type":"if","locations":[{"start":{"line":4,"column":2},"end":{"line":4,"column":25}},{"start":{},"end":{}}]}},"s":{"0":0,"1":0,"2":0,"3":0,"4":0,"5":0,"6":0,"7":0,"8":0},"f":{"0":0},"b":{"0":[0,0]}}
,"C:\\Users\\grimo\\Documents\\Projets\\arka-labs\\src\\lib\\http.ts": {"path":"C:\\Users\\grimo\\Documents\\Projets\\arka-labs\\src\\lib\\http.ts","statementMap":{"0":{"start":{"line":3,"column":0},"end":{"line":3,"column":7}},"1":{"start":{"line":1,"column":0},"end":{"line":1,"column":56}},"2":{"start":{"line":4,"column":14},"end":{"line":4,"column":66}},"3":{"start":{"line":5,"column":18},"end":{"line":5,"column":49}},"4":{"start":{"line":6,"column":2},"end":{"line":11,"column":3}},"5":{"start":{"line":10,"column":4},"end":{"line":10,"column":81}},"6":{"start":{"line":10,"column":36},"end":{"line":10,"column":81}},"7":{"start":{"line":13,"column":14},"end":{"line":17,"column":4}},"8":{"start":{"line":18,"column":2},"end":{"line":21,"column":3}},"9":{"start":{"line":19,"column":4},"end":{"line":19,"column":33}},"10":{"start":{"line":20,"column":4},"end":{"line":20,"column":36}},"11":{"start":{"line":22,"column":2},"end":{"line":22,"column":13}},"12":{"start":{"line":26,"column":2},"end":{"line":29,"column":3}},"13":{"start":{"line":27,"column":14},"end":{"line":27,"column":78}},"14":{"start":{"line":28,"column":4},"end":{"line":28,"column":43}},"15":{"start":{"line":28,"column":11},"end":{"line":28,"column":43}},"16":{"start":{"line":30,"column":2},"end":{"line":39,"column":3}},"17":{"start":{"line":31,"column":4},"end":{"line":36,"column":6}},"18":{"start":{"line":38,"column":4},"end":{"line":38,"column":16}},"19":{"start":{"line":43,"column":2},"end":{"line":43,"column":46}},"20":{"start":{"line":43,"column":39},"end":{"line":43,"column":46}},"21":{"start":{"line":44,"column":14},"end":{"line":44,"column":43}},"22":{"start":{"line":45,"column":2},"end":{"line":45,"column":24}},"23":{"start":{"line":46,"column":2},"end":{"line":46,"column":81}},"24":{"start":{"line":47,"column":2},"end":{"line":47,"column":33}},"25":{"start":{"line":48,"column":2},"end":{"line":48,"column":39}},"26":{"start":{"line":48,"column":19},"end":{"line":48,"column":31}}},"fnMap":{"0":{"name":"apiFetch","decl":{"start":{"line":3,"column":22},"end":{"line":3,"column":30}},"loc":{"start":{"line":3,"column":73},"end":{"line":23,"column":1}}},"1":{"name":"getToken","decl":{"start":{"line":25,"column":9},"end":{"line":25,"column":17}},"loc":{"start":{"line":25,"column":17},"end":{"line":40,"column":1}}},"2":{"name":"showToast","decl":{"start":{"line":42,"column":9},"end":{"line":42,"column":18}},"loc":{"start":{"line":42,"column":30},"end":{"line":49,"column":1}}},"3":{"name":"(anonymous_3)","decl":{"start":{"line":48,"column":13},"end":{"line":48,"column":16}},"loc":{"start":{"line":48,"column":19},"end":{"line":48,"column":31}}}},"branchMap":{"0":{"loc":{"start":{"line":3,"column":51},"end":{"line":3,"column":73}},"type":"default-arg","locations":[{"start":{"line":3,"column":71},"end":{"line":3,"column":73}}]},"1":{"loc":{"start":{"line":4,"column":14},"end":{"line":4,"column":66}},"type":"cond-expr","locations":[{"start":{"line":4,"column":42},"end":{"line":4,"column":47}},{"start":{"line":4,"column":50},"end":{"line":4,"column":66}}]},"2":{"loc":{"start":{"line":5,"column":30},"end":{"line":5,"column":48}},"type":"binary-expr","locations":[{"start":{"line":5,"column":30},"end":{"line":5,"column":42}},{"start":{"line":5,"column":46},"end":{"line":5,"column":48}}]},"3":{"loc":{"start":{"line":6,"column":2},"end":{"line":11,"column":3}},"type":"if","locations":[{"start":{"line":6,"column":2},"end":{"line":11,"column":3}},{"start":{},"end":{}}]},"4":{"loc":{"start":{"line":10,"column":4},"end":{"line":10,"column":81}},"type":"if","locations":[{"start":{"line":10,"column":4},"end":{"line":10,"column":81}},{"start":{},"end":{}}]},"5":{"loc":{"start":{"line":18,"column":2},"end":{"line":21,"column":3}},"type":"if","locations":[{"start":{"line":18,"column":2},"end":{"line":21,"column":3}},{"start":{},"end":{}}]},"6":{"loc":{"start":{"line":18,"column":6},"end":{"line":18,"column":84}},"type":"binary-expr","locations":[{"start":{"line":18,"column":6},"end":{"line":18,"column":29}},{"start":{"line":18,"column":33},"end":{"line":18,"column":51}},{"start":{"line":18,"column":55},"end":{"line":18,"column":84}}]},"7":{"loc":{"start":{"line":26,"column":2},"end":{"line":29,"column":3}},"type":"if","locations":[{"start":{"line":26,"column":2},"end":{"line":29,"column":3}},{"start":{},"end":{}}]},"8":{"loc":{"start":{"line":28,"column":4},"end":{"line":28,"column":43}},"type":"if","locations":[{"start":{"line":28,"column":4},"end":{"line":28,"column":43}},{"start":{},"end":{}}]},"9":{"loc":{"start":{"line":32,"column":6},"end":{"line":35,"column":10}},"type":"binary-expr","locations":[{"start":{"line":32,"column":6},"end":{"line":32,"column":40}},{"start":{"line":33,"column":6},"end":{"line":33,"column":42}},{"start":{"line":34,"column":6},"end":{"line":34,"column":35}},{"start":{"line":35,"column":6},"end":{"line":35,"column":10}}]},"10":{"loc":{"start":{"line":43,"column":2},"end":{"line":43,"column":46}},"type":"if","locations":[{"start":{"line":43,"column":2},"end":{"line":43,"column":46}},{"start":{},"end":{}}]}},"s":{"0":0,"1":0,"2":0,"3":0,"4":0,"5":0,"6":0,"7":0,"8":0,"9":0,"10":0,"11":0,"12":0,"13":0,"14":0,"15":0,"16":0,"17":0,"18":0,"19":0,"20":0,"21":0,"22":0,"23":0,"24":0,"25":0,"26":0},"f":{"0":0,"1":0,"2":0,"3":0},"b":{"0":[0],"1":[0,0],"2":[0,0],"3":[0,0],"4":[0,0],"5":[0,0],"6":[0,0,0],"7":[0,0],"8":[0,0],"9":[0,0,0,0],"10":[0,0]}}
,"C:\\Users\\grimo\\Documents\\Projets\\arka-labs\\src\\lib\\idempotency.ts": {"path":"C:\\Users\\grimo\\Documents\\Projets\\arka-labs\\src\\lib\\idempotency.ts","statementMap":{"0":{"start":{"line":16,"column":0},"end":{"line":16,"column":7}},"1":{"start":{"line":44,"column":0},"end":{"line":44,"column":7}},"2":{"start":{"line":78,"column":0},"end":{"line":78,"column":16}},"3":{"start":{"line":85,"column":0},"end":{"line":85,"column":7}},"4":{"start":{"line":118,"column":0},"end":{"line":118,"column":16}},"5":{"start":{"line":126,"column":0},"end":{"line":126,"column":16}},"6":{"start":{"line":136,"column":0},"end":{"line":136,"column":16}},"7":{"start":{"line":3,"column":0},"end":{"line":3,"column":27}},"8":{"start":{"line":23,"column":20},"end":{"line":23,"column":30}},"9":{"start":{"line":24,"column":2},"end":{"line":24,"column":60}},"10":{"start":{"line":26,"column":2},"end":{"line":40,"column":3}},"11":{"start":{"line":27,"column":4},"end":{"line":31,"column":6}},"12":{"start":{"line":34,"column":4},"end":{"line":34,"column":35}},"13":{"start":{"line":35,"column":4},"end":{"line":39,"column":6}},"14":{"start":{"line":48,"column":2},"end":{"line":74,"column":3}},"15":{"start":{"line":49,"column":20},"end":{"line":53,"column":6}},"16":{"start":{"line":55,"column":4},"end":{"line":57,"column":5}},"17":{"start":{"line":56,"column":6},"end":{"line":56,"column":18}},"18":{"start":{"line":59,"column":19},"end":{"line":59,"column":29}},"19":{"start":{"line":62,"column":4},"end":{"line":64,"column":5}},"20":{"start":{"line":63,"column":6},"end":{"line":63,"column":41}},"21":{"start":{"line":67,"column":4},"end":{"line":67,"column":44}},"22":{"start":{"line":69,"column":4},"end":{"line":71,"column":5}},"23":{"start":{"line":70,"column":6},"end":{"line":70,"column":18}},"24":{"start":{"line":73,"column":4},"end":{"line":73,"column":16}},"25":{"start":{"line":79,"column":17},"end":{"line":79,"column":34}},"26":{"start":{"line":80,"column":21},"end":{"line":80,"column":75}},"27":{"start":{"line":81,"column":2},"end":{"line":81,"column":70}},"28":{"start":{"line":86,"column":2},"end":{"line":95,"column":3}},"29":{"start":{"line":87,"column":19},"end":{"line":90,"column":6}},"30":{"start":{"line":91,"column":4},"end":{"line":91,"column":33}},"31":{"start":{"line":93,"column":4},"end":{"line":93,"column":72}},"32":{"start":{"line":94,"column":4},"end":{"line":94,"column":13}},"33":{"start":{"line":100,"column":2},"end":{"line":109,"column":4}},"34":{"start":{"line":111,"column":2},"end":{"line":114,"column":4}},"35":{"start":{"line":120,"column":22},"end":{"line":120,"column":87}},"36":{"start":{"line":121,"column":21},"end":{"line":121,"column":41}},"37":{"start":{"line":122,"column":2},"end":{"line":122,"column":55}},"38":{"start":{"line":127,"column":2},"end":{"line":132,"column":4}},"39":{"start":{"line":139,"column":2},"end":{"line":198,"column":10}},"40":{"start":{"line":140,"column":18},"end":{"line":140,"column":22}},"41":{"start":{"line":141,"column":27},"end":{"line":141,"column":61}},"42":{"start":{"line":143,"column":4},"end":{"line":151,"column":5}},"43":{"start":{"line":145,"column":6},"end":{"line":150,"column":26}},"44":{"start":{"line":153,"column":4},"end":{"line":197,"column":5}},"45":{"start":{"line":154,"column":19},"end":{"line":154,"column":43}},"46":{"start":{"line":155,"column":26},"end":{"line":155,"column":51}},"47":{"start":{"line":158,"column":23},"end":{"line":158,"column":77}},"48":{"start":{"line":159,"column":6},"end":{"line":168,"column":7}},"49":{"start":{"line":161,"column":8},"end":{"line":167,"column":11}},"50":{"start":{"line":171,"column":23},"end":{"line":171,"column":45}},"51":{"start":{"line":174,"column":6},"end":{"line":182,"column":7}},"52":{"start":{"line":175,"column":29},"end":{"line":175,"column":58}},"53":{"start":{"line":176,"column":8},"end":{"line":181,"column":10}},"54":{"start":{"line":184,"column":6},"end":{"line":184,"column":22}},"55":{"start":{"line":186,"column":6},"end":{"line":193,"column":7}},"56":{"start":{"line":187,"column":8},"end":{"line":192,"column":28}},"57":{"start":{"line":196,"column":6},"end":{"line":196,"column":18}}},"fnMap":{"0":{"name":"storeIdempotencyKey","decl":{"start":{"line":16,"column":22},"end":{"line":16,"column":41}},"loc":{"start":{"line":21,"column":25},"end":{"line":41,"column":1}}},"1":{"name":"checkIdempotencyKey","decl":{"start":{"line":44,"column":22},"end":{"line":44,"column":41}},"loc":{"start":{"line":46,"column":21},"end":{"line":75,"column":1}}},"2":{"name":"generateRequestHash","decl":{"start":{"line":78,"column":16},"end":{"line":78,"column":35}},"loc":{"start":{"line":78,"column":45},"end":{"line":82,"column":1}}},"3":{"name":"cleanupExpiredKeys","decl":{"start":{"line":85,"column":22},"end":{"line":85,"column":40}},"loc":{"start":{"line":85,"column":40},"end":{"line":96,"column":1}}},"4":{"name":"createIdempotencyTable","decl":{"start":{"line":99,"column":15},"end":{"line":99,"column":37}},"loc":{"start":{"line":99,"column":37},"end":{"line":115,"column":1}}},"5":{"name":"validateIdempotencyKey","decl":{"start":{"line":118,"column":16},"end":{"line":118,"column":38}},"loc":{"start":{"line":118,"column":50},"end":{"line":123,"column":1}}},"6":{"name":"createIdempotencyConflictError","decl":{"start":{"line":126,"column":16},"end":{"line":126,"column":46}},"loc":{"start":{"line":126,"column":76},"end":{"line":133,"column":1}}},"7":{"name":"withIdempotency","decl":{"start":{"line":136,"column":16},"end":{"line":136,"column":31}},"loc":{"start":{"line":137,"column":12},"end":{"line":199,"column":1}}},"8":{"name":"(anonymous_8)","decl":{"start":{"line":139,"column":10},"end":{"line":139,"column":15}},"loc":{"start":{"line":139,"column":62},"end":{"line":198,"column":3}}}},"branchMap":{"0":{"loc":{"start":{"line":21,"column":2},"end":{"line":21,"column":25}},"type":"default-arg","locations":[{"start":{"line":21,"column":23},"end":{"line":21,"column":25}}]},"1":{"loc":{"start":{"line":55,"column":4},"end":{"line":57,"column":5}},"type":"if","locations":[{"start":{"line":55,"column":4},"end":{"line":57,"column":5}},{"start":{},"end":{}}]},"2":{"loc":{"start":{"line":62,"column":4},"end":{"line":64,"column":5}},"type":"if","locations":[{"start":{"line":62,"column":4},"end":{"line":64,"column":5}},{"start":{},"end":{}}]},"3":{"loc":{"start":{"line":69,"column":4},"end":{"line":71,"column":5}},"type":"if","locations":[{"start":{"line":69,"column":4},"end":{"line":71,"column":5}},{"start":{},"end":{}}]},"4":{"loc":{"start":{"line":69,"column":8},"end":{"line":69,"column":74}},"type":"binary
[...]
end":{"line":92,"column":34}},"22":{"start":{"line":92,"column":23},"end":{"line":92,"column":34}},"23":{"start":{"line":93,"column":4},"end":{"line":93,"column":36}},"24":{"start":{"line":93,"column":24},"end":{"line":93,"column":36}},"25":{"start":{"line":94,"column":4},"end":{"line":94,"column":36}},"26":{"start":{"line":94,"column":24},"end":{"line":94,"column":36}},"27":{"start":{"line":95,"column":4},"end":{"line":95,"column":36}},"28":{"start":{"line":95,"column":24},"end":{"line":95,"column":36}},"29":{"start":{"line":96,"column":4},"end":{"line":96,"column":16}},"30":{"start":{"line":100,"column":4},"end":{"line":102,"column":5}},"31":{"start":{"line":101,"column":6},"end":{"line":101,"column":43}},"32":{"start":{"line":105,"column":58},"end":{"line":105,"column":60}},"33":{"start":{"line":106,"column":22},"end":{"line":106,"column":65}},"34":{"start":{"line":106,"column":56},"end":{"line":106,"column":62}},"35":{"start":{"line":108,"column":4},"end":{"line":110,"column":7}},"36":{"start":{"line":109,"column":6},"end":{"line":109,"column":45}},"37":{"start":{"line":112,"column":4},"end":{"line":112,"column":20}},"38":{"start":{"line":117,"column":4},"end":{"line":119,"column":5}},"39":{"start":{"line":118,"column":6},"end":{"line":118,"column":39}},"40":{"start":{"line":121,"column":28},"end":{"line":121,"column":73}},"41":{"start":{"line":121,"column":53},"end":{"line":121,"column":72}},"42":{"start":{"line":123,"column":4},"end":{"line":134,"column":5}},"43":{"start":{"line":124,"column":6},"end":{"line":133,"column":8}},"44":{"start":{"line":136,"column":22},"end":{"line":136,"column":80}},"45":{"start":{"line":136,"column":47},"end":{"line":136,"column":57}},"46":{"start":{"line":136,"column":74},"end":{"line":136,"column":79}},"47":{"start":{"line":137,"column":25},"end":{"line":137,"column":75}},"48":{"start":{"line":137,"column":53},"end":{"line":137,"column":67}},"49":{"start":{"line":138,"column":22},"end":{"line":138,"column":66}},"50":{"start":{"line":138,"column":50},"end":{"line":138,"column":58}},"51":{"start":{"line":140,"column":36},"end":{"line":149,"column":6}},"52":{"start":{"line":142,"column":46},"end":{"line":142,"column":53}},"53":{"start":{"line":143,"column":55},"end":{"line":143,"column":62}},"54":{"start":{"line":152,"column":4},"end":{"line":152,"column":38}},"55":{"start":{"line":154,"column":4},"end":{"line":154,"column":17}},"56":{"start":{"line":158,"column":18},"end":{"line":158,"column":72}},"57":{"start":{"line":159,"column":4},"end":{"line":159,"column":43}},"58":{"start":{"line":164,"column":29},"end":{"line":164,"column":31}},"59":{"start":{"line":165,"column":18},"end":{"line":165,"column":72}},"60":{"start":{"line":167,"column":4},"end":{"line":182,"column":7}},"61":{"start":{"line":169,"column":6},"end":{"line":171,"column":7}},"62":{"start":{"line":170,"column":8},"end":{"line":170,"column":82}},"63":{"start":{"line":174,"column":6},"end":{"line":176,"column":7}},"64":{"start":{"line":175,"column":8},"end":{"line":175,"column":91}},"65":{"start":{"line":179,"column":6},"end":{"line":181,"column":7}},"66":{"start":{"line":180,"column":8},"end":{"line":180,"column":80}},"67":{"start":{"line":184,"column":4},"end":{"line":184,"column":18}},"68":{"start":{"line":188,"column":18},"end":{"line":188,"column":72}},"69":{"start":{"line":189,"column":19},"end":{"line":189,"column":48}},"70":{"start":{"line":191,"column":26},"end":{"line":191,"column":83}},"71":{"start":{"line":191,"column":66},"end":{"line":191,"column":79}},"72":{"start":{"line":192,"column":19},"end":{"line":194,"column":73}},"73":{"start":{"line":193,"column":19},"end":{"line":193,"column":30}},"74":{"start":{"line":194,"column":26},"end":{"line":194,"column":41}},"75":{"start":{"line":196,"column":4},"end":{"line":221,"column":2}},"76":{"start":{"line":209,"column":24},"end":{"line":209,"column":45}},"77":{"start":{"line":211,"column":4},"end":{"line":211,"column":124}},"78":{"start":{"line":216,"column":22},"end":{"line":216,"column":34}},"79":{"start":{"line":226,"column":4},"end":{"line":231,"column":6}},"80":{"start":{"line":236,"column":13},"end":{"line":236,"column":59}},"81":{"start":{"line":244,"column":2},"end":{"line":273,"column":4}},"82":{"start":{"line":245,"column":22},"end":{"line":245,"column":32}},"83":{"start":{"line":247,"column":4},"end":{"line":272,"column":5}},"84":{"start":{"line":248,"column":23},"end":{"line":248,"column":41}},"85":{"start":{"line":249,"column":23},"end":{"line":249,"column":45}},"86":{"start":{"line":252,"column":6},"end":{"line":252,"column":64}},"87":{"start":{"line":255,"column":6},"end":{"line":255,"column":63}},"88":{"start":{"line":256,"column":6},"end":{"line":256,"column":61}},"89":{"start":{"line":258,"column":6},"end":{"line":258,"column":22}},"90":{"start":{"line":261,"column":23},"end":{"line":261,"column":45}},"91":{"start":{"line":264,"column":28},"end":{"line":266,"column":null}},"92":{"start":{"line":269,"column":6},"end":{"line":269,"column":69}},"93":{"start":{"line":271,"column":6},"end":{"line":271,"column":18}},"94":{"start":{"line":276,"column":0},"end":{"line":276,"column":34}}},"fnMap":{"0":{"name":"(anonymous_0)","decl":{"start":{"line":29,"column":0},"end":{"line":29,"column":6}},"loc":{"start":{"line":29,"column":0},"end":{"line":233,"column":1}}},"1":{"name":"(anonymous_1)","decl":{"start":{"line":36,"column":2},"end":{"line":36,"column":15}},"loc":{"start":{"line":39,"column":20},"end":{"line":66,"column":3}}},"2":{"name":"(anonymous_2)","decl":{"start":{"line":68,"column":10},"end":{"line":68,"column":23}},"loc":{"start":{"line":68,"column":36},"end":{"line":75,"column":3}}},"3":{"name":"(anonymous_3)","decl":{"start":{"line":77,"column":10},"end":{"line":77,"column":24}},"loc":{"start":{"line":77,"column":43},"end":{"line":89,"column":3}}},"4":{"name":"(anonymous_4)","decl":{"start":{"line":91,"column":10},"end":{"line":91,"column":29}},"loc":{"start":{"line":91,"column":46},"end":{"line":97,"column":3}}},"5":{"name":"(anonymous_5)","decl":{"start":{"line":99,"column":2},"end":{"line":99,"column":10}},"loc":{"start":{"line":99,"column":28},"end":{"line":113,"column":3}}},"6":{"name":"(anonymous_6)","decl":{"start":{"line":106,"column":51},"end":{"line":106,"column":52}},"loc":{"start":{"line":106,"column":56},"end":{"line":106,"column":62}}},"7":{"name":"(anonymous_7)","decl":{"start":{"line":108,"column":22},"end":{"line":108,"column":24}},"loc":{"start":{"line":108,"column":27},"end":{"line":110,"column":5}}},"8":{"name":"(anonymous_8)","decl":{"start":{"line":115,"column":10},"end":{"line":115,"column":24}},"loc":{"start":{"line":115,"column":41},"end":{"line":155,"column":3}}},"9":{"name":"(anonymous_9)","decl":{"start":{"line":121,"column":48},"end":{"line":121,"column":49}},"loc":{"start":{"line":121,"column":53},"end":{"line":121,"column":72}}},"10":{"name":"(anonymous_10)","decl":{"start":{"line":136,"column":42},"end":{"line":136,"column":43}},"loc":{"start":{"line":136,"column":47},"end":{"line":136,"column":57}}},"11":{"name":"(anonymous_11)","decl":{"start":{"line":136,"column":64},"end":{"line":136,"column":65}},"loc":{"start":{"line":136,"column":74},"end":{"line":136,"column":79}}},"12":{"name":"(anonymous_12)","decl":{"start":{"line":137,"column":48},"end":{"line":137,"column":49}},"loc":{"start":{"line":137,"column":53},"end":{"line":137,"column":67}}},"13":{"name":"(anonymous_13)","decl":{"start":{"line":138,"column":45},"end":{"line":138,"column":46}},"loc":{"start":{"line":138,"column":50},"end":{"line":138,"column":58}}},"14":{"name":"(anonymous_14)","decl":{"start":{"line":142,"column":34},"end":{"line":142,"column":35}},"loc":{"start":{"line":142,"column":46},"end":{"line":142,"column":53}}},"15":{"name":"(anonymous_15)","decl":{"start":{"line":143,"column":43},"end":{"line":143,"column":44}},"loc":{"start":{"line":143,"column":55},"end":{"line":143,"column":62}}},"16":{"name":"(anonymous_16)","decl":{"start":{"line":157,"column":10},"end":{"line":157,"column":29}},"loc":{"start":{"line":157,"column":71},"end":{"line":160,"column":3}}},"17":{"name":"(anonymous_17)","decl":{"start":{"line":163,"column":2},"end":{"line":163,"column":24}},"loc":{"start":{"line":163,"column":24},"end":{"line":185,"column":3}}},"18":{"name":"(anonymous_18)","decl":{"start":{"line":167,"column":34},"end":{"line":167,"column":35}},"loc":{"start":{"line":167,"column":55},"end":{"line":182,"column":5}}},"19":{"name":"(anonymous_19)","decl":{"start":{"line":187,"column":2},"end":{"line":187,"column":16}},"loc":{"start":{"line":187,"column":16},"end":{"line":222,"column":3}}},"20":{"name":"(anonymous_20)","decl":{"start":{"line":191,"column":54},"end":{"line":191,"column":55}},"loc":{"start":{"line":191,"column":66},"end":{"line":191,"column":79}}},"21":{"name":"(anonymous_21)","decl":{"start":{"line":193,"column":14},"end":{"line":193,"column":15}},"loc":{"start":{"line":193,"column":19},"end":{"line":193,"column":30}}},"22":{"name":"(anonymous_22)","decl":{"start":{"line":194,"column":14},"end":{"line":194,"column":15}},"loc":{"start":{"line":194,"column":26},"end":{"line":194,"column":41}}},"23":{"name":"(anonymous_23)","decl":{"start":{"line":209,"column":8},"end":{"line":209,"column":9}},"loc":{"start":{"line":209,"column":24},"end":{"line":209,"column":45}}},"24":{"name":"(anonymous_24)","decl":{"start":{"line":210,"column":7},"end":{"line":210,"column":8}},"loc":{"start":{"line":211,"column":4},"end":{"line":211,"column":124}}},"25":{"name":"(anonymous_25)","decl":{"start":{"line":216,"column":13},"end":{"line":216,"column":18}},"loc":{"start":{"line":216,"column":22},"end":{"line":216,"column":34}}},"26":{"name":"(anonymous_26)","decl":{"start":{"line":225,"column":2},"end":{"line":225,"column":15}},"loc":{"start":{"line":225,"column":15},"end":{"line":232,"column":3}}},"27":{"name":"withPerformanceMonitoring","decl":{"start":{"line":241,"column":16},"end":{"line":241,"column":41}},"loc":{"start":{"line":242,"column":54},"end":{"line":274,"column":1}}},"28":{"name":"monitoredHandler","decl":{"start":{"line":244,"column":24},"end":{"line":244,"column":40}},"loc":{"start":{"line":244,"column":57},"end":{"line":273,"column":3}}}},"branchMap":{"0":{"loc":{"start":{"line":54,"column":4},"end":{"line":56,"column":5}},"type":"if","locations":[{"start":{"line":54,"column":4},"end":{"line":56,"column":5}},{"start":{},"end":{}}]},"1":{"loc":{"start":{"line":59,"column":4},"end":{"line":62,"column":5}},"type":"if","locations":[{"start":{"line":59,"column":4},"end":{"line":62,"column":5}},{"start":{},"end":{}}]},"2":{"loc":{"start":{"line":79,"column":24},"end":{"line":79,"column":54}},"type":"cond-expr","locations":[{"start":{"line":79,"column":40},"end":{"line":79,"column":49}},{"start":{"line":79,"column":52},"end":{"line":79,"column":54}}]},"3":{"loc":{"start":{"line":86,"column":4},"end":{"line":88,"column":5}},"type":"if","locations":[{"start":{"line":86,"column":4},"end":{"line":88,"column":5}},{"start":{},"end":{}}]},"4":{"loc":{"start":{"line":92,"column":4},"end":{"line":92,"column":34}},"type":"if","locations":[{"start":{"line":92,"column":4},"end":{"line":92,"column":34}},{"start":{},"end":{}}]},"5":{"loc":{"start":{"line":93,"column":4},"end":{"line":93,"column":36}},"type":"if","locations":[{"start":{"line":93,"column":4},"end":{"line":93,"column":36}},{"start":{},"end":{}}]},"6":{"loc":{"start":{"line":94,"column":4},"end":{"line":94,"column":36}},"type":"if","locations":[{"start":{"line":94,"column":4},"end":{"line":94,"column":36}},{"start":{},"end":{}}]},"7":{"loc":{"start":{"line":95,"column":4},"end":{"line":95,"column":36}},"type":"if","locations":[{"start":{"line":95,"column":4},"end":{"line":95,"column":36}},{"start":{},"end":{}}]},"8":{"loc":{"start":{"line":100,"column":4},"end":{"line":102,"column":5}},"type":"if","locations":[{"start":{"line":100,"column":4},"end":{"line":102,"column":5}},{"start":{},"end":{}}]},"9":{"loc":{"start":{"line":117,"column":4},"end":{"line":119,"column":5}},"type":"if","locations":[{"start":{"line":117,"column":4},"end":{"line":119,"column":5}},{"start":{},"end":{}}]},"10":{"loc":{"start":{"line":123,"column":4},"end":{"line":134,"column":5}},"type":"if","locations":[{"start":{"line":123,"column":4},"end":{"line":134,"column":5}},{"start":{},"end":{}}]},"11":{"loc":{"start":{"line":169,"column":6},"end":{"line":171,"column":7}},"type":"if","locations":[{"start":{"line":169,"column":6},"end":{"line":171,"column":7}},{"start":{},"end":{}}]},"12":{"loc":{"start":{"line":169,"column":10},"end":{"line":169,"column":47}},"type":"binary-expr","locations":[{"start":{"line":169,"column":10},"end":{"line":169,"column":28}},{"start":{"line":169,"column":32},"end":{"line":169,"column":47}}]},"13":{"loc":{"start":{"line":174,"column":6},"end":{"line":176,"column":7}},"type":"if","locations":[{"start":{"line":174,"column":6},"end":{"line":176,"column":7}},{"start":{},"end":{}}]},"14":{"loc":{"start":{"line":174,"column":10},"end":{"line":174,"column":49}},"type":"binary-expr","locations":[{"start":{"line":174,"column":10},"end":{"line":174,"column":31}},{"start":{"line":174,"column":35},"end":{"line":174,"column":49}}]},"15":{"loc":{"start":{"line":179,"column":6},"end":{"line":181,"column":7}},"type":"if","locations":[{"start":{"line":179,"column":6},"end":{"line":181,"column":7}},{"start":{},"end":{}}]},"16":{"loc":{"start":{"line":179,"column":10},"end":{"line":179,"column":46}},"type":"binary-expr","locations":[{"start":{"line":179,"column":10},"end":{"line":179,"column":28}},{"start":{"line":179,"column":32},"end":{"line":179,"column":46}}]},"17":{"loc":{"start":{"line":202,"column":16},"end":{"line":202,"column":60}},"type":"cond-expr","locations":[{"start":{"line":202,"column":31},"end":{"line":202,"column":42}},{"start":{"line":202,"column":45},"end":{"line":202,"column":60}}]},"18":{"loc":{"start":{"line":214,"column":2},"end":{"line":217,"column":24}},"type":"cond-expr","locations":[{"start":{"line":214,"column":22},"end":{"line":217,"column":2}},{"start":{"line":217,"column":4},"end":{"line":217,"column":24}}]}},"s":{"0":1,"1":1,"2":1,"3":1,"4":1,"5":1,"6":1,"7":22,"8":0,"9":0,"10":0,"11":0,"12":0,"13":0,"14":0,"15":0,"16":0,"17":0,"18":0,"19":0,"20":0,"21":0,"22":0,"23":0,"24":0,"25":0,"26":0,"27":0,"28":0,"29":0,"30":0,"31":0,"32":0,"33":0,"34":0,"35":0,"36":0,"37":0,"38":0,"39":0,"40":0,"41":0,"42":0,"43":0,"44":0,"45":0,"46":0,"47":0,"48":0,"49":0,"50":0,"51":0,"52":0,"53":0,"54":0,"55":0,"56":0,"57":0,"58":0,"59":0,"60":0,"61":0,"62":0,"63":0,"64":0,"65":0,"66":0,"67":0,"68":0,"69":0,"70":0,"71":0,"72":0,"73":0,"74":0,"75":0,"76":0,"77":0,"78":0,"79":0,"80":1,"81":3,"82":3,"83":3,"84":3,"85":2,"86":2,"87":0,"88":0,"89":0,"90":3,"91":3,"92":3,"93":0,"94":1},"f":{"0":1,"1":22,"2":0,"3":0,"4":0,"5":0,"6":0,"7":0,"8":0,"9":0,"10":0,"11":0,"12":0,"13":0,"14":0,"15":0,"16":0,"17":0,"18":0,"19":0,"20":0,"21":0,"22":0,"23":0,"24":0,"25":0,"26":0,"27":3,"28":3},"b":{"0":[0,0],"1":[0,0],"2":[0,0],"3":[0,0],"4":[0,0],"5":[0,0],"6":[0,0],"7":[0,0],"8":[0,0],"9":[0,0],"10":[0,0],"11":[0,0],"12":[0,0],"13":[0,0],"14":[0,0],"15":[0,0],"16":[0,0],"17":[0,0],"18":[0,0]}}
,"C:\\Users\\grimo\\Documents\\Projets\\arka-labs\\src\\lib\\providers\\mappingStore.ts": {"path":"C:\\Users\\grimo\\Documents\\Projets\\arka-labs\\src\\lib\\providers\\mappingStore.ts","statementMap":{"0":{"start":{"line":6,"column":0},"end":{"line":6,"column":16}},"1":{"start":{"line":13,"column":0},"end":{"line":13,"column":16}},"2":{"start":{"line":4,"column":14},"end":{"line":4,"column":48}},"3":{"start":{"line":7,"column":2},"end":{"line":9,"column":3}},"4":{"start":{"line":8,"column":4},"end":{"line":8,"column":173}},"5":{"start":{"line":10,"column":2},"end":{"line":10,"column":25}},"6":{"start":{"line":14,"column":2},"end":{"line":14,"column":26}}},"fnMap":{"0":{"name":"getMapping","decl":{"start":{"line":6,"column":16},"end":{"line":6,"column":26}},"loc":{"start":{"line":6,"column":38},"end":{"line":11,"column":1}}},"1":{"name":"setMapping","decl":{"start":{"line":13,"column":16},"end":{"line":13,"column":26}},"loc":{"start":{"line":13,"column":64},"end":{"line":15,"column":1}}}},"branchMap":{"0":{"loc":{"start":{"line":7,"column":2},"end":{"line":9,"column":3}},"type":"if","locations":[{"start":{"line":7,"column":2},"end":{"line":9,"column":3}},{"start":{},"end":{}}]}},"s":{"0":0,"1":0,"2":0,"3":0,"4":0,"5":0,"6":0},"f":{"0":0,"1":0},"b":{"0":[0,0]}}
,"C:\\Users\\grimo\\Documents\\Projets\\arka-labs\\src\\lib\\providers\\router.ts": {"path":"C:\\Users\\grimo\\Documents\\Projets\\arka-labs\\src\\lib\\providers\\router.ts","statementMap":{"0":{"start":{"line":8,"column":0},"end":{"line":8,"column":16}},"1":{"start":{"line":29,"column":0},"end":{"line":29,"column":7}},"2":{"start":{"line":6,"column":0},"end":{"line":6,"column":28}},"3":{"start":{"line":9,"column":2},"end":{"line":25,"column":3}},"4":{"start":{"line":11,"column":21},"end":{"line":13,"column":8}},"5":{"start":{"line":14,"column":6},"end":{"line":21,"column":8}},"6":{"start":{"line":16,"column":22},"end":{"line":16,"column":95}},"7":{"start":{"line":17,"column":10},"end":{"line":19,"column":11}},"8":{"start":{"line":18,"column":12},"end":{"line":18,"column":55}},"9":{"start":{"line":24,"column":6},"end":{"line":24,"column":55}},"10":{"start":{"line":30,"column":2},"end":{"line":44,"column":3}},"11":{"start":{"line":32,"column":21},"end":{"line":32,"column":43}},"12":{"start":{"line":33,"column":6},"end":{"line":39,"column":7}},"13":{"start":{"line":35,"column":8},"end":{"line":35,"column":105}},"14":{"start":{"line":36,"column":8},"end":{"line":36,"column":28}},"15":{"start":{"line":38,"column":8},"end":{"line":38,"column":67}},"16":{"start":{"line":43,"column":6},"end":{"line":43,"column":59}}},"fnMap":{"0":{"name":"resolveClient","decl":{"start":{"line":8,"column":16},"end":{"line":8,"column":29}},"loc":{"start":{"line":8,"column":69},"end":{"line":26,"column":1}}},"1":{"name":"(anonymous_2)","decl":{"start":{"line":15,"column":16},"end":{"line":15,"column":21}},"loc":{"start":{"line":15,"column":49},"end":{"line":20,"column":9}}},"2":{"name":"testProviderKey","decl":{"start":{"line":29,"column":22},"end":{"line":29,"column":37}},"loc":{"start":{"line":29,"column":85},"end":{"line":45,"column":1}}}},"branchMap":{"0":{"loc":{"start":{"line":9,"column":2},"end":{"line":25,"column":3}},"type":"switch","locations":[{"start":{"line":10,"column":4},"end":{"line":21,"column":8}},{"start":{"line":23,"column":4},"end":{"line":24,"column":55}}]},"1":{"loc":{"start":{"line":12,"column":16},"end":{"line":12,"column":52}},"type":"binary-expr","locations":[{"start":{"line":12,"column":16},"end":{"line":12,"column":22}},{"start":{"line":12,"column":26},"end":{"line":12,"column":52}}]},"2":{"loc":{"start":{"line":18,"column":18},"end":{"line":18,"column":54}},"type":"binary-expr","locations":[{"start":{"line":18,"column":18},"end":{"line":18,"column":48}},{"start":{"line":18,"column":52},"end":{"line":18,"column":54}}]},"3":{"loc":{"start":{"line":30,"column":2},"end":{"line":44,"column":3}},"type":"switch","locations":[{"start":{"line":31,"column":4},"end":{"line":40,"column":5}},{"start":{"line":42,"column":4},"end":{"line":43,"column":59}}]},"4":{"loc":{"start":{"line":38,"column":35},"end":{"line":38,"column":64}},"type":"binary-expr","locations":[{"start":{"line":38,"column":35},"end":{"line":38,"column":44}},{"start":{"line":38,"column":48},"end":{"line":38,"column":64}}]}},"s":{"0":0,"1":0,"2":0,"3":0,"4":0,"5":0,"6":0,"7":0,"8":0,"9":0,"10":0,"11":0,"12":0,"13":0,"14":0,"15":0,"16":0},"f":{"0":0,"1":0,"2":0},"b":{"0":[0,0],"1":[0,0],"2":[0,0],"3":[0,0],"4":[0,0]}}
,"C:\\Users\\grimo\\Documents\\Projets\\arka-labs\\src\\lib\\providers\\seed.ts": {"path":"C:\\Users\\grimo\\Documents\\Projets\\arka-labs\\src\\lib\\providers\\seed.ts","statementMap":{"0":{"start":{"line":2,"column":13},"end":{"line":24,"column":2}}},"fnMap":{},"branchMap":{},"s":{"0":0},"f":{},"b":{}}
}
