TN:
SF:src\api\core\router.ts
FN:14,(anonymous_0)
FN:17,(anonymous_1)
FN:22,(anonymous_2)
FN:27,(anonymous_3)
FN:32,(anonymous_4)
FN:37,(anonymous_5)
FN:42,(anonymous_6)
FN:47,(anonymous_7)
FN:75,(anonymous_8)
FN:82,(anonymous_9)
FN:87,createRouter
FNF:11
FNH:0
FNDA:0,(anonymous_0)
FNDA:0,(anonymous_1)
FNDA:0,(anonymous_2)
FNDA:0,(anonymous_3)
FNDA:0,(anonymous_4)
FNDA:0,(anonymous_5)
FNDA:0,(anonymous_6)
FNDA:0,(anonymous_7)
FNDA:0,(anonymous_8)
FNDA:0,(anonymous_9)
FNDA:0,createRouter
DA:2,0
DA:14,0
DA:15,0
DA:18,0
DA:19,0
DA:23,0
DA:24,0
DA:28,0
DA:29,0
DA:33,0
DA:34,0
DA:38,0
DA:39,0
DA:43,0
DA:44,0
DA:47,0
DA:48,0
DA:51,0
DA:52,0
DA:55,0
DA:57,0
DA:58,0
DA:59,0
DA:60,0
DA:65,0
DA:67,0
DA:68,0
DA:77,0
DA:78,0
DA:79,0
DA:83,0
DA:87,0
DA:88,0
LF:33
LH:0
BRDA:48,0,0,0
BRDA:48,0,1,0
BRDA:51,1,0,0
BRDA:51,1,1,0
BRDA:57,2,0,0
BRDA:57,2,1,0
BRDA:60,3,0,0
BRDA:60,3,1,0
BRF:8
BRH:0
end_of_record
TN:
SF:src\lib\asset.ts
FN:1,assetUrl
FNF:1
FNH:0
FNDA:0,assetUrl
DA:1,0
DA:2,0
DA:3,0
DA:4,0
LF:4
LH:0
BRDA:2,0,0,0
BRDA:2,0,1,0
BRDA:3,1,0,0
BRDA:3,1,1,0
BRDA:4,2,0,0
BRDA:4,2,1,0
BRF:6
BRH:0
end_of_record
TN:
SF:src\lib\auth.ts
FN:11,(anonymous_1)
FN:13,signToken
FN:23,verifyToken
FNF:3
FNH:0
FNDA:0,(anonymous_1)
FNDA:0,signToken
FNDA:0,verifyToken
DA:1,0
DA:2,0
DA:11,0
DA:13,0
DA:14,0
DA:15,0
DA:23,0
DA:24,0
DA:25,0
DA:26,0
DA:31,0
DA:32,0
DA:33,0
DA:35,0
LF:14
LH:0
BRDA:31,0,0,0
BRDA:31,0,1,0
BRDA:31,1,0,0
BRDA:31,1,1,0
BRF:4
BRH:0
end_of_record
TN:
SF:src\lib\cache.ts
FN:6,(anonymous_0)
FN:10,(anonymous_1)
FN:22,(anonymous_2)
FN:37,(anonymous_3)
FN:41,(anonymous_4)
FN:45,(anonymous_5)
FN:51,(anonymous_6)
FN:61,initCache
FN:85,get
FN:102,set
FN:118,del
FN:132,invalidatePattern
FN:143,(anonymous_12)
FN:154,(anonymous_13)
FN:158,(anonymous_14)
FN:162,(anonymous_15)
FN:166,(anonymous_16)
FN:170,(anonymous_17)
FN:174,(anonymous_18)
FN:178,(anonymous_19)
FN:192,(anonymous_20)
FN:196,(anonymous_21)
FN:200,(anonymous_22)
FN:204,(anonymous_23)
FN:208,(anonymous_24)
FN:221,(anonymous_25)
FN:225,(anonymous_26)
FN:229,(anonymous_27)
FN:235,warmupCache
FN:254,checkCacheHealth
FN:293,(anonymous_30)
FNF:31
FNH:0
FNDA:0,(anonymous_0)
FNDA:0,(anonymous_1)
FNDA:0,(anonymous_2)
FNDA:0,(anonymous_3)
FNDA:0,(anonymous_4)
FNDA:0,(anonymous_5)
FNDA:0,(anonymous_6)
FNDA:0,initCache
FNDA:0,get
FNDA:0,set
FNDA:0,del
FNDA:0,invalidatePattern
FNDA:0,(anonymous_12)
FNDA:0,(anonymous_13)
FNDA:0,(anonymous_14)
FNDA:0,(anonymous_15)
FNDA:0,(anonymous_16)
FNDA:0,(anonymous_17)
FNDA:0,(anonymous_18)
FNDA:0,(anonymous_19)
FNDA:0,(anonymous_20)
FNDA:0,(anonymous_21)
FNDA:0,(anonymous_22)
FNDA:0,(anonymous_23)
FNDA:0,(anonymous_24)
FNDA:0,(anonymous_25)
FNDA:0,(anonymous_26)
FNDA:0,(anonymous_27)
FNDA:0,warmupCache
FNDA:0,checkCacheHealth
FNDA:0,(anonymous_30)
DA:3,0
DA:7,0
DA:8,0
DA:11,0
DA:12,0
DA:14,0
DA:15,0
DA:16,0
DA:19,0
DA:24,0
DA:25,0
DA:26,0
DA:27,0
DA:31,0
DA:38,0
DA:42,0
DA:46,0
DA:47,0
DA:50,0
DA:51,0
DA:59,0
DA:61,0
DA:62,0
DA:63,0
DA:67,0
DA:68,0
DA:69,0
DA:70,0
DA:76,0
DA:77,0
DA:79,0
DA:80,0
DA:85,0
DA:86,0
DA:87,0
DA:88,0
DA:89,0
DA:90,0
DA:92,0
DA:94,0
DA:97,0
DA:98,0
DA:102,0
DA:103,0
DA:104,0
DA:106,0
DA:107,0
DA:109,0
DA:112,0
DA:114,0
DA:118,0
DA:119,0
DA:120,0
DA:121,0
DA:123,0
DA:126,0
DA:128,0
DA:132,0
DA:133,0
DA:134,0
DA:136,0
DA:137,0
DA:138,0
DA:139,0
DA:142,0
DA:143,0
DA:146,0
DA:148,0
DA:153,0
DA:155,0
DA:159,0
DA:163,0
DA:167,0
DA:171,0
DA:175,0
DA:179,0
DA:180,0
DA:186,0
DA:191,0
DA:193,0
DA:197,0
DA:201,0
DA:205,0
DA:209,0
DA:210,0
DA:215,0
DA:220,0
DA:222,0
DA:226,0
DA:230,0
DA:235,0
DA:236,0
DA:237,0
DA:240,0
DA:244,0
DA:246,0
DA:247,0
DA:249,0
DA:254,0
DA:255,0
DA:257,0
DA:258,0
DA:259,0
DA:261,0
DA:262,0
DA:263,0
DA:265,0
DA:267,0
DA:268,0
DA:274,0
DA:281,0
DA:291,0
DA:292,0
DA:293,0
DA:294,0
LF:115
LH:0
BRDA:12,0,0,0
BRDA:12,0,1,0
BRDA:14,1,0,0
BRDA:14,1,1,0
BRDA:22,2,0,0
BRDA:24,3,0,0
BRDA:24,3,1,0
BRDA:26,4,0,0
BRDA:26,4,1,0
BRDA:47,5,0,0
BRDA:47,5,1,0
BRDA:62,6,0,0
BRDA:62,6,1,0
BRDA:67,7,0,0
BRDA:67,7,1,0
BRDA:79,8,0,0
BRDA:79,8,1,0
BRDA:87,9,0,0
BRDA:87,9,1,0
BRDA:89,10,0,0
BRDA:89,10,1,0
BRDA:94,11,0,0
BRDA:94,11,1,0
BRDA:97,12,0,0
BRDA:97,12,1,0
BRDA:102,13,0,0
BRDA:106,14,0,0
BRDA:106,14,1,0
BRDA:114,15,0,0
BRDA:114,15,1,0
BRDA:120,16,0,0
BRDA:120,16,1,0
BRDA:128,17,0,0
BRDA:128,17,1,0
BRDA:136,18,0,0
BRDA:136,18,1,0
BRDA:138,19,0,0
BRDA:138,19,1,0
BRDA:142,20,0,0
BRDA:142,20,1,0
BRDA:148,21,0,0
BRDA:148,21,1,0
BRDA:158,22,0,0
BRDA:166,23,0,0
BRDA:174,24,0,0
BRDA:179,25,0,0
BRDA:179,25,1,0
BRDA:196,26,0,0
BRDA:204,27,0,0
BRDA:209,28,0,0
BRDA:209,28,1,0
BRDA:225,29,0,0
BRDA:249,30,0,0
BRDA:249,30,1,0
BRDA:267,31,0,0
BRDA:267,31,1,0
BRDA:270,32,0,0
BRDA:270,32,1,0
BRDA:276,33,0,0
BRDA:276,33,1,0
BRDA:283,34,0,0
BRDA:283,34,1,0
BRDA:285,35,0,0
BRDA:285,35,1,0
BRDA:291,36,0,0
BRDA:291,36,1,0
BRDA:291,37,0,0
BRDA:291,37,1,0
BRDA:294,38,0,0
BRDA:294,38,1,0
BRF:70
BRH:0
end_of_record
TN:
SF:src\lib\clients-store.ts
FN:65,(anonymous_0)
FN:71,(anonymous_1)
FN:77,(anonymous_2)
FN:81,(anonymous_3)
FN:88,(anonymous_4)
FN:92,(anonymous_5)
FN:97,(anonymous_6)
FN:102,(anonymous_7)
FN:106,(anonymous_8)
FN:115,(anonymous_9)
FN:138,(anonymous_10)
FN:159,(anonymous_11)
FN:172,(anonymous_12)
FNF:13
FNH:0
FNDA:0,(anonymous_0)
FNDA:0,(anonymous_1)
FNDA:0,(anonymous_2)
FNDA:0,(anonymous_3)
FNDA:0,(anonymous_4)
FNDA:0,(anonymous_5)
FNDA:0,(anonymous_6)
FNDA:0,(anonymous_7)
FNDA:0,(anonymous_8)
FNDA:0,(anonymous_9)
FNDA:0,(anonymous_10)
FNDA:0,(anonymous_11)
FNDA:0,(anonymous_12)
DA:16,0
DA:19,0
DA:65,0
DA:66,0
DA:69,0
DA:77,0
DA:79,0
DA:80,0
DA:81,0
DA:82,0
DA:87,0
DA:88,0
DA:91,0
DA:92,0
DA:95,0
DA:96,0
DA:97,0
DA:98,0
DA:102,0
DA:107,0
DA:108,0
DA:109,0
DA:111,0
DA:121,0
DA:122,0
DA:132,0
DA:133,0
DA:134,0
DA:143,0
DA:144,0
DA:145,0
DA:148,0
DA:149,0
DA:150,0
DA:151,0
DA:153,0
DA:154,0
DA:155,0
DA:160,0
DA:161,0
DA:162,0
DA:165,0
DA:166,0
DA:167,0
DA:168,0
DA:173,0
LF:46
LH:0
BRDA:79,0,0,0
BRDA:79,0,1,0
BRDA:82,1,0,0
BRDA:82,1,1,0
BRDA:87,2,0,0
BRDA:87,2,1,0
BRDA:91,3,0,0
BRDA:91,3,1,0
BRDA:95,4,0,0
BRDA:95,4,1,0
BRDA:108,5,0,0
BRDA:108,5,1,0
BRDA:108,6,0,0
BRDA:108,6,1,0
BRDA:129,7,0,0
BRDA:129,7,1,0
BRDA:144,8,0,0
BRDA:144,8,1,0
BRDA:144,9,0,0
BRDA:144,9,1,0
BRDA:148,10,0,0
BRDA:148,10,1,0
BRDA:149,11,0,0
BRDA:149,11,1,0
BRDA:150,12,0,0
BRDA:150,12,1,0
BRDA:161,13,0,0
BRDA:161,13,1,0
BRDA:161,14,0,0
BRDA:161,14,1,0
BRF:30
BRH:0
end_of_record
TN:
SF:src\lib\context-completion.ts
FN:35,calculateContextCompletion
FN:76,hasObjectiveDefinition
FN:77,(anonymous_2)
FN:85,hasConstraintsDocumented
FN:86,(anonymous_4)
FN:96,hasParticipantsIdentified
FN:97,(anonymous_6)
FN:106,hasDocumentReferences
FN:107,(anonymous_8)
FN:116,hasRisksIdentified
FN:117,(anonymous_10)
FN:152,getWeightsForFolderType
FNF:12
FNH:0
FNDA:0,calculateContextCompletion
FNDA:0,hasObjectiveDefinition
FNDA:0,(anonymous_2)
FNDA:0,hasConstraintsDocumented
FNDA:0,(anonymous_4)
FNDA:0,hasParticipantsIdentified
FNDA:0,(anonymous_6)
FNDA:0,hasDocumentReferences
FNDA:0,(anonymous_8)
FNDA:0,hasRisksIdentified
FNDA:0,(anonymous_10)
FNDA:0,getWeightsForFolderType
DA:27,0
DA:35,0
DA:41,0
DA:50,0
DA:59,0
DA:67,0
DA:77,0
DA:78,0
DA:86,0
DA:87,0
DA:97,0
DA:98,0
DA:107,0
DA:108,0
DA:117,0
DA:118,0
DA:128,0
DA:152,0
DA:153,0
DA:154,0
DA:156,0
LF:21
LH:0
BRDA:37,0,0,0
BRDA:51,1,0,0
BRDA:51,1,1,0
BRDA:52,2,0,0
BRDA:52,2,1,0
BRDA:53,3,0,0
BRDA:53,3,1,0
BRDA:54,4,0,0
BRDA:54,4,1,0
BRDA:55,5,0,0
BRDA:55,5,1,0
BRDA:60,6,0,0
BRDA:60,6,1,0
BRDA:61,7,0,0
BRDA:61,7,1,0
BRDA:62,8,0,0
BRDA:62,8,1,0
BRDA:63,9,0,0
BRDA:63,9,1,0
BRDA:64,10,0,0
BRDA:64,10,1,0
BRDA:78,11,0,0
BRDA:78,11,1,0
BRDA:78,11,2,0
BRDA:78,11,3,0
BRDA:78,11,4,0
BRDA:87,12,0,0
BRDA:87,12,1,0
BRDA:87,12,2,0
BRDA:87,12,3,0
BRDA:87,12,4,0
BRDA:87,12,5,0
BRDA:87,12,6,0
BRDA:98,13,0,0
BRDA:98,13,1,0
BRDA:98,13,2,0
BRDA:98,13,3,0
BRDA:98,13,4,0
BRDA:108,14,0,0
BRDA:108,14,1,0
BRDA:108,14,2,0
BRDA:108,14,3,0
BRDA:108,14,4,0
BRDA:118,15,0,0
BRDA:118,15,1,0
BRDA:118,15,2,0
BRDA:118,15,3,0
BRDA:118,15,4,0
BRDA:118,15,5,0
BRDA:153,16,0,0
BRDA:153,16,1,0
BRDA:153,17,0,0
BRDA:153,17,1,0
BRF:53
BRH:0
end_of_record
TN:
SF:src\lib\db.ts
FN:5,getDb
FN:32,(anonymous_1)
FN:39,(anonymous_2)
FN:52,(anonymous_3)
FN:54,(anonymous_4)
FN:55,(anonymous_5)
FNF:6
FNH:0
FNDA:0,getDb
FNDA:0,(anonymous_1)
FNDA:0,(anonymous_2)
FNDA:0,(anonymous_3)
FNDA:0,(anonymous_4)
FNDA:0,(anonymous_5)
DA:1,0
DA:3,0
DA:5,0
DA:6,0
DA:8,0
DA:10,0
DA:11,0
DA:12,0
DA:20,0
DA:23,0
DA:32,0
DA:33,0
DA:34,0
DA:35,0
DA:39,0
DA:40,0
DA:41,0
DA:43,0
DA:44,0
DA:45,0
DA:46,0
DA:47,0
DA:52,0
DA:53,0
DA:54,0
DA:55,0
DA:59,0
LF:27
LH:0
BRDA:6,0,0,0
BRDA:6,0,1,0
BRDA:8,1,0,0
BRDA:8,1,1,0
BRDA:10,2,0,0
BRDA:10,2,1,0
BRF:6
BRH:0
end_of_record
TN:
SF:src\lib\env.ts
FN:13,requireString
FN:21,getEnv
FNF:2
FNH:0
FNDA:0,requireString
FNDA:0,getEnv
DA:11,0
DA:14,0
DA:15,0
DA:16,0
DA:18,0
DA:21,0
DA:22,0
DA:23,0
DA:24,0
DA:31,0
DA:32,0
DA:36,0
DA:37,0
DA:38,0
DA:39,0
LF:15
LH:0
BRDA:13,0,0,0
BRDA:14,1,0,0
BRDA:14,1,1,0
BRDA:15,2,0,0
BRDA:15,2,1,0
BRDA:22,3,0,0
BRDA:22,3,1,0
BRDA:23,4,0,0
BRDA:23,4,1,0
BRDA:23,4,2,0
BRDA:23,4,3,0
BRDA:28,5,0,0
BRDA:28,5,1,0
BRDA:29,6,0,0
BRDA:29,6,1,0
BRDA:38,7,0,0
BRDA:38,7,1,0
BRDA:39,8,0,0
BRDA:39,8,1,0
BRF:19
BRH:0
end_of_record
TN:
SF:src\lib\error-model.ts
FN:38,createApiError
FN:52,errorResponse
FN:62,folderNotFoundError
FN:71,agentNotFoundError
FN:80,raciInvariantError
FN:89,validationError
FN:98,idempotencyConflictError
FNF:7
FNH:0
FNDA:0,createApiError
FNDA:0,errorResponse
FNDA:0,folderNotFoundError
FNDA:0,agentNotFoundError
FNDA:0,raciInvariantError
FNDA:0,validationError
FNDA:0,idempotencyConflictError
DA:3,0
DA:38,0
DA:44,0
DA:52,0
DA:56,0
DA:57,0
DA:58,0
DA:62,0
DA:63,0
DA:71,0
DA:72,0
DA:80,0
DA:81,0
DA:89,0
DA:90,0
DA:98,0
DA:99,0
LF:17
LH:0
BRDA:41,0,0,0
BRF:1
BRH:0
end_of_record
TN:
SF:src\lib\github.ts
FN:6,verifySignature
FN:17,parseAllowlist
FN:21,(anonymous_3)
FN:27,sortObject
FN:34,(anonymous_5)
FN:42,canonicalJson
FN:46,hashCanonical
FNF:7
FNH:0
FNDA:0,verifySignature
FNDA:0,parseAllowlist
FNDA:0,(anonymous_3)
FNDA:0,sortObject
FNDA:0,(anonymous_5)
FNDA:0,canonicalJson
FNDA:0,hashCanonical
DA:1,0
DA:6,0
DA:7,0
DA:8,0
DA:9,0
DA:10,0
DA:12,0
DA:17,0
DA:18,0
DA:21,0
DA:28,0
DA:29,0
DA:31,0
DA:32,0
DA:35,0
DA:36,0
DA:39,0
DA:42,0
DA:43,0
DA:46,0
DA:47,0
LF:21
LH:0
BRDA:19,0,0,0
BRDA:19,0,1,0
BRDA:28,1,0,0
BRDA:28,1,1,0
BRDA:31,2,0,0
BRDA:31,2,1,0
BRDA:31,3,0,0
BRDA:31,3,1,0
BRF:8
BRH:0
end_of_record
TN:
SF:src\lib\hmac.ts
FN:3,verifyHmac
FNF:1
FNH:0
FNDA:0,verifyHmac
DA:1,0
DA:3,0
DA:4,0
DA:5,0
DA:6,0
DA:7,0
DA:8,0
DA:10,0
LF:8
LH:0
BRDA:4,0,0,0
BRDA:4,0,1,0
BRF:2
BRH:0
end_of_record
TN:
SF:src\lib\http.ts
FN:3,apiFetch
FN:25,getToken
FN:42,showToast
FN:48,(anonymous_3)
FNF:4
FNH:0
FNDA:0,apiFetch
FNDA:0,getToken
FNDA:0,showToast
FNDA:0,(anonymous_3)
DA:1,0
DA:3,0
DA:4,0
DA:5,0
DA:6,0
DA:10,0
DA:13,0
DA:18,0
DA:19,0
DA:20,0
DA:22,0
DA:26,0
DA:27,0
DA:28,0
DA:30,0
DA:31,0
DA:38,0
DA:43,0
DA:44,0
DA:45,0
DA:46,0
DA:47,0
DA:48,0
LF:23
LH:0
BRDA:3,0,0,0
BRDA:4,1,0,0
BRDA:4,1,1,0
BRDA:5,2,0,0
BRDA:5,2,1,0
BRDA:6,3,0,0
BRDA:6,3,1,0
BRDA:10,4,0,0
BRDA:10,4,1,0
BRDA:18,5,0,0
BRDA:18,5,1,0
BRDA:18,6,0,0
BRDA:18,6,1,0
BRDA:18,6,2,0
BRDA:26,7,0,0
BRDA:26,7,1,0
BRDA:28,8,0,0
BRDA:28,8,1,0
BRDA:32,9,0,0
BRDA:32,9,1,0
BRDA:32,9,2,0
BRDA:32,9,3,0
BRDA:43,10,0,0
BRDA:43,10,1,0
BRF:24
BRH:0
end_of_record
TN:
SF:src\lib\idempotency.ts
FN:16,storeIdempotencyKey
FN:44,checkIdempotencyKey
FN:78,generateRequestHash
FN:85,cleanupExpiredKeys
FN:99,createIdempotencyTable
FN:118,validateIdempotencyKey
FN:126,createIdempotencyConflictError
FN:136,withIdempotency
FN:139,(anonymous_8)
FNF:9
FNH:0
FNDA:0,storeIdempotencyKey
FNDA:0,checkIdempotencyKey
FNDA:0,generateRequestHash
FNDA:0,cleanupExpiredKeys
FNDA:0,createIdempotencyTable
FNDA:0,validateIdempotencyKey
FNDA:0,createIdempotencyConflictError
FNDA:0,withIdempotency
FNDA:0,(anonymous_8)
DA:3,0
DA:16,0
DA:23,0
DA:24,0
DA:26,0
DA:27,0
DA:34,0
DA:35,0
DA:44,0
DA:48,0
DA:49,0
DA:55,0
DA:56,0
DA:59,0
DA:62,0
DA:63,0
DA:67,0
DA:69,0
DA:70,0
DA:73,0
DA:78,0
DA:79,0
DA:80,0
DA:81,0
DA:85,0
DA:86,0
DA:87,0
DA:91,0
DA:93,0
DA:94,0
DA:100,0
DA:111,0
DA:118,0
DA:120,0
DA:121,0
DA:122,0
DA:126,0
DA:127,0
DA:136,0
DA:139,0
DA:140,0
DA:141,0
DA:143,0
DA:145,0
DA:153,0
DA:154,0
DA:155,0
DA:158,0
DA:159,0
DA:161,0
DA:171,0
DA:174,0
DA:175,0
DA:176,0
DA:184,0
DA:186,0
DA:187,0
DA:196,0
LF:58
LH:0
BRDA:21,0,0,0
BRDA:55,1,0,0
BRDA:55,1,1,0
BRDA:62,2,0,0
BRDA:62,2,1,0
BRDA:69,3,0,0
BRDA:69,3,1,0
BRDA:69,4,0,0
BRDA:69,4,1,0
BRDA:80,5,0,0
BRDA:80,5,1,0
BRDA:91,6,0,0
BRDA:91,6,1,0
BRDA:122,7,0,0
BRDA:122,7,1,0
BRDA:131,8,0,0
BRDA:131,8,1,0
BRDA:143,9,0,0
BRDA:143,9,1,0
BRDA:149,10,0,0
BRDA:149,10,1,0
BRDA:159,11,0,0
BRDA:159,11,1,0
BRDA:174,12,0,0
BRDA:174,12,1,0
BRDA:186,13,0,0
BRDA:186,13,1,0
BRDA:186,14,0,0
BRDA:186,14,1,0
BRDA:191,15,0,0
BRDA:191,15,1,0
BRF:31
BRH:0
end_of_record
TN:
SF:src\lib\integration-hooks.ts
FN:42,executeHook
FN:61,captureSquadMemory
FN:83,captureStatusChange
FN:106,captureMembershipChange
FN:126,callB22MemoryAPI
FN:151,queueInstruction
FN:188,setFallbackProvider
FN:198,generateTraceId
FN:203,checkB21Health
FN:233,checkB22Health
FNF:10
FNH:0
FNDA:0,executeHook
FNDA:0,captureSquadMemory
FNDA:0,captureStatusChange
FNDA:0,captureMembershipChange
FNDA:0,callB22MemoryAPI
FNDA:0,queueInstruction
FNDA:0,setFallbackProvider
FNDA:0,generateTraceId
FNDA:0,checkB21Health
FNDA:0,checkB22Health
DA:1,0
DA:2,0
DA:35,0
DA:42,0
DA:43,0
DA:44,0
DA:45,0
DA:46,0
DA:49,0
DA:50,0
DA:51,0
DA:53,0
DA:62,0
DA:78,0
DA:84,0
DA:101,0
DA:107,0
DA:121,0
DA:127,0
DA:128,0
DA:129,0
DA:132,0
DA:143,0
DA:144,0
DA:147,0
DA:152,0
DA:153,0
DA:154,0
DA:157,0
DA:169,0
DA:180,0
DA:181,0
DA:184,0
DA:189,0
DA:191,0
DA:199,0
DA:203,0
DA:204,0
DA:206,0
DA:207,0
DA:208,0
DA:209,0
DA:212,0
DA:217,0
DA:219,0
DA:220,0
DA:222,0
DA:225,0
DA:233,0
DA:234,0
DA:236,0
DA:237,0
DA:238,0
DA:239,0
DA:242,0
DA:247,0
DA:249,0
DA:250,0
DA:252,0
DA:255,0
LF:60
LH:0
BRDA:36,0,0,0
BRDA:36,0,1,0
BRDA:37,1,0,0
BRDA:37,1,1,0
BRDA:38,2,0,0
BRDA:38,2,1,0
BRDA:39,3,0,0
BRDA:39,3,1,0
BRDA:44,4,0,0
BRDA:44,4,1,0
BRDA:54,5,0,0
BRDA:54,5,1,0
BRDA:55,6,0,0
BRDA:55,6,1,0
BRDA:128,7,0,0
BRDA:128,7,1,0
BRDA:136,8,0,0
BRDA:136,8,1,0
BRDA:143,9,0,0
BRDA:143,9,1,0
BRDA:153,10,0,0
BRDA:153,10,1,0
BRDA:173,11,0,0
BRDA:173,11,1,0
BRDA:180,12,0,0
BRDA:180,12,1,0
BRDA:208,13,0,0
BRDA:208,13,1,0
BRDA:219,14,0,0
BRDA:219,14,1,0
BRDA:228,15,0,0
BRDA:228,15,1,0
BRDA:238,16,0,0
BRDA:238,16,1,0
BRDA:249,17,0,0
BRDA:249,17,1,0
BRDA:258,18,0,0
BRDA:258,18,1,0
BRF:38
BRH:0
end_of_record
TN:
SF:src\lib\logger.ts
FN:9,log
FNF:1
FNH:0
FNDA:0,log
DA:9,0
DA:10,0
DA:11,0
LF:3
LH:0
BRF:0
BRH:0
end_of_record
TN:
SF:src\lib\mem-store.ts
FN:3,nextAgentId
FN:9,nextRunId
FN:17,nextMessageId
FN:25,nextAbortId
FNF:4
FNH:0
FNDA:0,nextAgentId
FNDA:0,nextRunId
FNDA:0,nextMessageId
FNDA:0,nextAbortId
DA:1,0
DA:2,0
DA:3,0
DA:4,0
DA:7,0
DA:8,0
DA:9,0
DA:10,0
DA:13,0
DA:15,0
DA:16,0
DA:17,0
DA:18,0
DA:21,0
DA:23,0
DA:24,0
DA:25,0
DA:26,0
DA:29,0
LF:19
LH:0
BRF:0
BRH:0
end_of_record
TN:
SF:src\lib\memory-extractor.ts
FN:71,extractMemoryBlocks
FN:115,detectPattern
FN:150,extractStructuredContent
FN:151,(anonymous_4)
FN:183,extractVisionContent
FN:201,extractDecisionContent
FN:202,(anonymous_7)
FN:203,(anonymous_8)
FN:218,extractBlockerContent
FN:231,extractContextEvolutionContent
FN:244,extractAgentsInteractionContent
FN:257,extractGovernanceContent
FN:270,extractInsightContent
FN:282,extractListItems
FN:290,(anonymous_15)
FN:299,extractFirstSentence
FN:304,extractAgentMentions
FN:317,extractRationale
FN:328,extractImpacts
FN:329,(anonymous_20)
FN:335,extractResponsible
FN:341,extractCause
FN:345,extractResolution
FN:350,(anonymous_24)
FN:357,assessUrgency
FN:363,extractPreviousState
FN:373,extractNewState
FN:383,extractReason
FN:387,extractDecisions
FN:391,extractActions
FN:395,assessSatisfaction
FN:404,extractGate
FN:412,extractValidationDetails
FN:416,extractValidator
FN:420,extractCriteria
FN:424,assessRisk
FN:430,extractContext
FN:434,extractLearning
FN:438,(anonymous_39)
FN:444,extractActionable
FN:451,calculateImportance
FN:467,generateTags
FN:487,createMemoryBlock
FN:510,calculateContextCompletion
FN:511,(anonymous_45)
FNF:45
FNH:0
FNDA:0,extractMemoryBlocks
FNDA:0,detectPattern
FNDA:0,extractStructuredContent
FNDA:0,(anonymous_4)
FNDA:0,extractVisionContent
FNDA:0,extractDecisionContent
FNDA:0,(anonymous_7)
FNDA:0,(anonymous_8)
FNDA:0,extractBlockerContent
FNDA:0,extractContextEvolutionContent
FNDA:0,extractAgentsInteractionContent
FNDA:0,extractGovernanceContent
FNDA:0,extractInsightContent
FNDA:0,extractListItems
FNDA:0,(anonymous_15)
FNDA:0,extractFirstSentence
FNDA:0,extractAgentMentions
FNDA:0,extractRationale
FNDA:0,extractImpacts
FNDA:0,(anonymous_20)
FNDA:0,extractResponsible
FNDA:0,extractCause
FNDA:0,extractResolution
FNDA:0,(anonymous_24)
FNDA:0,assessUrgency
FNDA:0,extractPreviousState
FNDA:0,extractNewState
FNDA:0,extractReason
FNDA:0,extractDecisions
FNDA:0,extractActions
FNDA:0,assessSatisfaction
FNDA:0,extractGate
FNDA:0,extractValidationDetails
FNDA:0,extractValidator
FNDA:0,extractCriteria
FNDA:0,assessRisk
FNDA:0,extractContext
FNDA:0,extractLearning
FNDA:0,(anonymous_39)
FNDA:0,extractActionable
FNDA:0,calculateImportance
FNDA:0,generateTags
FNDA:0,createMemoryBlock
FNDA:0,calculateContextCompletion
FNDA:0,(anonymous_45)
DA:6,0
DA:30,0
DA:71,0
DA:72,0
DA:73,0
DA:74,0
DA:76,0
DA:77,0
DA:80,0
DA:81,0
DA:83,0
DA:84,0
DA:92,0
DA:93,0
DA:94,0
DA:95,0
DA:100,0
DA:102,0
DA:116,0
DA:117,0
DA:118,0
DA:121,0
DA:122,0
DA:123,0
DA:124,0
DA:128,0
DA:129,0
DA:133,0
DA:134,0
DA:135,0
DA:136,0
DA:138,0
DA:151,0
DA:153,0
DA:155,0
DA:158,0
DA:161,0
DA:164,0
DA:167,0
DA:170,0
DA:173,0
DA:176,0
DA:184,0
DA:185,0
DA:186,0
DA:187,0
DA:189,0
DA:202,0
DA:203,0
DA:206,0
DA:219,0
DA:232,0
DA:245,0
DA:258,0
DA:271,0
DA:283,0
DA:284,0
DA:286,0
DA:287,0
DA:288,0
DA:289,0
DA:290,0
DA:291,0
DA:296,0
DA:300,0
DA:301,0
DA:305,0
DA:306,0
DA:308,0
DA:309,0
DA:310,0
DA:314,0
DA:318,0
DA:319,0
DA:320,0
DA:321,0
DA:322,0
DA:325,0
DA:329,0
DA:330,0
DA:332,0
DA:336,0
DA:337,0
DA:342,0
DA:346,0
DA:347,0
DA:348,0
DA:349,0
DA:350,0
DA:351,0
DA:354,0
DA:358,0
DA:359,0
DA:360,0
DA:364,0
DA:365,0
DA:366,0
DA:367,0
DA:370,0
DA:374,0
DA:375,0
DA:376,0
DA:377,0
DA:380,0
DA:384,0
DA:388,0
DA:392,0
DA:396,0
DA:397,0
DA:398,0
DA:399,0
DA:400,0
DA:401,0
DA:405,0
DA:406,0
DA:407,0
DA:409,0
DA:413,0
DA:417,0
DA:421,0
DA:425,0
DA:426,0
DA:427,0
DA:431,0
DA:435,0
DA:436,0
DA:437,0
DA:438,0
DA:441,0
DA:445,0
DA:452,0
DA:455,0
DA:458,0
DA:461,0
DA:468,0
DA:471,0
DA:474,0
DA:475,0
DA:477,0
DA:478,0
DA:479,0
DA:481,0
DA:494,0
DA:495,0
DA:497,0
DA:510,0
DA:511,0
DA:512,0
DA:513,0
DA:517,0
DA:525,0
LF:151
LH:0
BRDA:83,0,0,0
BRDA:83,0,1,0
BRDA:83,1,0,0
BRDA:83,1,1,0
BRDA:100,2,0,0
BRDA:100,2,1,0
BRDA:122,3,0,0
BRDA:122,3,1,0
BRDA:128,4,0,0
BRDA:128,4,1,0
BRDA:136,5,0,0
BRDA:136,5,1,0
BRDA:153,6,0,0
BRDA:153,6,1,0
BRDA:153,6,2,0
BRDA:153,6,3,0
BRDA:153,6,4,0
BRDA:153,6,5,0
BRDA:153,6,6,0
BRDA:153,6,7,0
BRDA:190,7,0,0
BRDA:190,7,1,0
BRDA:202,8,0,0
BRDA:202,8,1,0
BRDA:288,9,0,0
BRDA:288,9,1,0
BRDA:288,10,0,0
BRDA:288,10,1,0
BRDA:288,10,2,0
BRDA:290,11,0,0
BRDA:290,11,1,0
BRDA:290,12,0,0
BRDA:290,12,1,0
BRDA:301,13,0,0
BRDA:301,13,1,0
BRDA:309,14,0,0
BRDA:309,14,1,0
BRDA:321,15,0,0
BRDA:321,15,1,0
BRDA:330,16,0,0
BRDA:330,16,1,0
BRDA:337,17,0,0
BRDA:337,17,1,0
BRDA:348,18,0,0
BRDA:348,18,1,0
BRDA:351,19,0,0
BRDA:351,19,1,0
BRDA:358,20,0,0
BRDA:358,20,1,0
BRDA:358,21,0,0
BRDA:358,21,1,0
BRDA:359,22,0,0
BRDA:359,22,1,0
BRDA:359,23,0,0
BRDA:359,23,1,0
BRDA:366,24,0,0
BRDA:366,24,1,0
BRDA:376,25,0,0
BRDA:376,25,1,0
BRDA:377,26,0,0
BRDA:377,26,1,0
BRDA:377,26,2,0
BRDA:384,27,0,0
BRDA:384,27,1,0
BRDA:396,28,0,0
BRDA:396,28,1,0
BRDA:396,29,0,0
BRDA:396,29,1,0
BRDA:397,30,0,0
BRDA:397,30,1,0
BRDA:397,31,0,0
BRDA:397,31,1,0
BRDA:398,32,0,0
BRDA:398,32,1,0
BRDA:398,33,0,0
BRDA:398,33,1,0
BRDA:399,34,0,0
BRDA:399,34,1,0
BRDA:399,35,0,0
BRDA:399,35,1,0
BRDA:400,36,0,0
BRDA:400,36,1,0
BRDA:400,37,0,0
BRDA:400,37,1,0
BRDA:407,38,0,0
BRDA:407,38,1,0
BRDA:425,39,0,0
BRDA:425,39,1,0
BRDA:425,40,0,0
BRDA:425,40,1,0
BRDA:426,41,0,0
BRDA:426,41,1,0
BRDA:426,42,0,0
BRDA:426,42,1,0
BRDA:437,43,0,0
BRDA:437,43,1,0
BRDA:438,44,0,0
BRDA:438,44,1,0
BRDA:455,45,0,0
BRDA:455,45,1,0
BRDA:458,46,0,0
BRDA:458,46,1,0
BRDA:475,47,0,0
BRDA:475,47,1,0
BRDA:477,48,0,0
BRDA:477,48,1,0
BRDA:478,49,0,0
BRDA:478,49,1,0
BRDA:479,50,0,0
BRDA:479,50,1,0
BRDA:490,51,0,0
BRDA:512,52,0,0
BRDA:512,52,1,0
BRDA:518,53,0,0
BRDA:518,53,1,0
BRDA:519,54,0,0
BRDA:519,54,1,0
BRDA:520,55,0,0
BRDA:520,55,1,0
BRDA:521,56,0,0
BRDA:521,56,1,0
BRDA:522,57,0,0
BRDA:522,57,1,0
BRF:123
BRH:0
end_of_record
TN:
SF:src\lib\memory.ts
FN:4,appendMemory
FNF:1
FNH:0
FNDA:0,appendMemory
DA:1,0
DA:2,0
DA:4,0
DA:5,0
DA:6,0
DA:7,0
DA:8,0
DA:9,0
DA:10,0
DA:11,0
LF:10
LH:0
BRDA:4,0,0,0
BRF:1
BRH:0
end_of_record
TN:
SF:src\lib\metrics-api.ts
FN:1,(anonymous_0)
FN:4,(anonymous_1)
FN:5,(anonymous_2)
FN:11,(anonymous_3)
FN:12,(anonymous_4)
FN:13,(anonymous_5)
FN:25,(anonymous_6)
FN:36,(anonymous_7)
FN:49,(anonymous_8)
FNF:9
FNH:0
FNDA:0,(anonymous_0)
FNDA:0,(anonymous_1)
FNDA:0,(anonymous_2)
FNDA:0,(anonymous_3)
FNDA:0,(anonymous_4)
FNDA:0,(anonymous_5)
FNDA:0,(anonymous_6)
FNDA:0,(anonymous_7)
FNDA:0,(anonymous_8)
DA:1,0
DA:4,0
DA:5,0
DA:6,0
DA:11,0
DA:12,0
DA:13,0
DA:14,0
DA:25,0
DA:28,0
DA:29,0
DA:36,0
DA:38,0
DA:39,0
DA:41,0
DA:42,0
DA:43,0
DA:46,0
DA:49,0
DA:54,0
LF:20
LH:0
BRDA:6,0,0,0
BRDA:6,0,1,0
BRDA:19,1,0,0
BRDA:19,1,1,0
BRDA:38,2,0,0
BRDA:38,2,1,0
BRDA:39,3,0,0
BRDA:39,3,1,0
BRDA:41,4,0,0
BRDA:41,4,1,0
BRDA:41,4,2,0
BRDA:43,5,0,0
BRDA:43,5,1,0
BRF:13
BRH:0
end_of_record
TN:
SF:src\lib\metrics-data.ts
FN:10,(anonymous_0)
FN:19,(anonymous_1)
FN:21,(anonymous_2)
FN:26,(anonymous_3)
FN:28,(anonymous_4)
FNF:5
FNH:0
FNDA:0,(anonymous_0)
FNDA:0,(anonymous_1)
FNDA:0,(anonymous_2)
FNDA:0,(anonymous_3)
FNDA:0,(anonymous_4)
DA:10,0
DA:19,0
DA:20,0
DA:21,0
DA:22,0
DA:23,0
DA:26,0
DA:27,0
DA:28,0
LF:9
LH:0
BRDA:12,0,0,0
BRDA:12,0,1,0
BRDA:13,1,0,0
BRDA:13,1,1,0
BRDA:20,2,0,0
BRDA:20,2,1,0
BRDA:27,3,0,0
BRDA:27,3,1,0
BRF:8
BRH:0
end_of_record
TN:
SF:src\lib\metrics.ts
FN:3,recordLatency
FN:8,gatherMetrics
FN:10,(anonymous_2)
FNF:3
FNH:0
FNDA:0,recordLatency
FNDA:0,gatherMetrics
FNDA:0,(anonymous_2)
DA:1,0
DA:3,0
DA:4,0
DA:5,0
DA:8,0
DA:9,0
DA:10,0
DA:11,0
LF:8
LH:0
BRDA:5,0,0,0
BRDA:5,0,1,0
BRDA:10,1,0,0
BRDA:10,1,1,0
BRF:4
BRH:0
end_of_record
TN:
SF:src\lib\offline.ts
FN:7,useOfflineState
FN:9,(anonymous_1)
FN:10,(anonymous_2)
FN:10,(anonymous_3)
FN:11,(anonymous_4)
FN:11,(anonymous_5)
FN:14,(anonymous_6)
FN:19,(anonymous_7)
FN:21,(anonymous_8)
FN:24,(anonymous_9)
FN:26,(anonymous_10)
FN:31,(anonymous_11)
FNF:12
FNH:0
FNDA:0,useOfflineState
FNDA:0,(anonymous_1)
FNDA:0,(anonymous_2)
FNDA:0,(anonymous_3)
FNDA:0,(anonymous_4)
FNDA:0,(anonymous_5)
FNDA:0,(anonymous_6)
FNDA:0,(anonymous_7)
FNDA:0,(anonymous_8)
FNDA:0,(anonymous_9)
FNDA:0,(anonymous_10)
FNDA:0,(anonymous_11)
DA:3,0
DA:7,0
DA:8,0
DA:9,0
DA:10,0
DA:11,0
DA:12,0
DA:13,0
DA:14,0
DA:15,0
DA:16,0
DA:19,0
DA:20,0
DA:21,0
DA:22,0
DA:23,0
DA:24,0
DA:26,0
DA:29,0
DA:30,0
DA:31,0
DA:32,0
DA:35,0
LF:23
LH:0
BRDA:24,0,0,0
BRDA:24,0,1,0
BRDA:32,1,0,0
BRDA:32,1,1,0
BRF:4
BRH:0
end_of_record
TN:
SF:src\lib\openai.ts
FN:10,getClient
FN:14,simpleChat
FN:30,mergeSignals
FN:34,(anonymous_4)
FN:41,delay
FN:42,(anonymous_6)
FN:45,stream
FN:62,(anonymous_8)
FNF:8
FNH:0
FNDA:0,getClient
FNDA:0,simpleChat
FNDA:0,mergeSignals
FNDA:0,(anonymous_4)
FNDA:0,delay
FNDA:0,(anonymous_6)
FNDA:0,stream
FNDA:0,(anonymous_8)
DA:1,0
DA:2,0
DA:3,0
DA:5,0
DA:11,0
DA:14,0
DA:15,0
DA:16,0
DA:20,0
DA:31,0
DA:32,0
DA:33,0
DA:34,0
DA:35,0
DA:36,0
DA:37,0
DA:38,0
DA:42,0
DA:45,0
DA:54,0
DA:56,0
DA:57,0
DA:59,0
DA:60,0
DA:61,0
DA:62,0
DA:64,0
DA:65,0
DA:82,0
DA:83,0
DA:84,0
DA:90,0
DA:91,0
DA:92,0
DA:93,0
DA:95,0
DA:98,0
DA:99,0
DA:100,0
DA:101,0
DA:102,0
DA:103,0
DA:104,0
DA:105,0
DA:106,0
DA:107,0
DA:108,0
DA:109,0
DA:110,0
DA:111,0
DA:112,0
DA:113,0
DA:115,0
DA:116,0
DA:117,0
DA:118,0
DA:119,0
DA:126,0
DA:128,0
DA:129,0
DA:131,0
DA:132,0
DA:138,0
DA:139,0
DA:140,0
DA:141,0
DA:143,0
DA:145,0
LF:68
LH:0
BRDA:20,0,0,0
BRDA:20,0,1,0
BRDA:31,1,0,0
BRDA:31,1,1,0
BRDA:32,2,0,0
BRDA:32,2,1,0
BRDA:37,3,0,0
BRDA:37,3,1,0
BRDA:37,4,0,0
BRDA:37,4,1,0
BRDA:47,5,0,0
BRDA:51,6,0,0
BRDA:52,7,0,0
BRDA:53,8,0,0
BRDA:66,9,0,0
BRDA:66,9,1,0
BRDA:82,10,0,0
BRDA:82,10,1,0
BRDA:83,11,0,0
BRDA:83,11,1,0
BRDA:83,12,0,0
BRDA:83,12,1,0
BRDA:83,12,2,0
BRDA:103,13,0,0
BRDA:103,13,1,0
BRDA:106,14,0,0
BRDA:106,14,1,0
BRDA:109,15,0,0
BRDA:109,15,1,0
BRDA:111,16,0,0
BRDA:111,16,1,0
BRDA:111,17,0,0
BRDA:111,17,1,0
BRDA:112,18,0,0
BRDA:112,18,1,0
BRDA:118,19,0,0
BRDA:118,19,1,0
BRDA:128,20,0,0
BRDA:128,20,1,0
BRDA:131,21,0,0
BRDA:131,21,1,0
BRF:41
BRH:0
end_of_record
TN:
SF:src\lib\orchestration.ts
FN:30,logEvent
FN:39,getEventLog
FN:43,apply
FN:62,runLot
FNF:4
FNH:0
FNDA:0,logEvent
FNDA:0,getEventLog
FNDA:0,apply
FNDA:0,runLot
DA:1,0
DA:2,0
DA:3,0
DA:17,0
DA:25,0
DA:27,0
DA:31,0
DA:32,0
DA:33,0
DA:39,0
DA:40,0
DA:49,0
DA:50,0
DA:51,0
DA:59,0
DA:62,0
DA:63,0
DA:64,0
DA:65,0
DA:66,0
DA:67,0
DA:68,0
LF:22
LH:0
BRDA:27,0,0,0
BRDA:27,0,1,0
BRDA:50,1,0,0
BRDA:50,1,1,0
BRDA:62,2,0,0
BRF:5
BRH:0
end_of_record
TN:
SF:src\lib\raci-validator-project.ts
FN:16,validateRACIInvariantsProject
FN:56,(anonymous_1)
FN:69,(anonymous_2)
FN:70,(anonymous_3)
FN:76,(anonymous_4)
FN:76,(anonymous_5)
FN:114,validateSingleRACIAssignment
FNF:7
FNH:0
FNDA:0,validateRACIInvariantsProject
FNDA:0,(anonymous_1)
FNDA:0,(anonymous_2)
FNDA:0,(anonymous_3)
FNDA:0,(anonymous_4)
FNDA:0,(anonymous_5)
FNDA:0,validateSingleRACIAssignment
DA:3,0
DA:16,0
DA:20,0
DA:22,0
DA:24,0
DA:33,0
DA:36,0
DA:37,0
DA:38,0
DA:39,0
DA:41,0
DA:49,0
DA:50,0
DA:51,0
DA:52,0
DA:55,0
DA:56,0
DA:58,0
DA:60,0
DA:63,0
DA:68,0
DA:69,0
DA:70,0
DA:73,0
DA:74,0
DA:75,0
DA:76,0
DA:77,0
DA:81,0
DA:82,0
DA:86,0
DA:87,0
DA:88,0
DA:89,0
DA:91,0
DA:94,0
DA:95,0
DA:96,0
DA:101,0
DA:106,0
DA:107,0
DA:114,0
DA:115,0
DA:117,0
DA:118,0
DA:121,0
DA:122,0
DA:125,0
DA:126,0
DA:129,0
LF:50
LH:0
BRDA:38,0,0,0
BRDA:38,0,1,0
BRDA:51,1,0,0
BRDA:51,1,1,0
BRDA:58,2,0,0
BRDA:58,2,1,0
BRDA:73,3,0,0
BRDA:73,3,1,0
BRDA:75,4,0,0
BRDA:75,4,1,0
BRDA:81,5,0,0
BRDA:81,5,1,0
BRDA:88,6,0,0
BRDA:88,6,1,0
BRDA:95,7,0,0
BRDA:95,7,1,0
BRDA:95,8,0,0
BRDA:95,8,1,0
BRDA:117,9,0,0
BRDA:117,9,1,0
BRDA:117,10,0,0
BRDA:117,10,1,0
BRDA:121,11,0,0
BRDA:121,11,1,0
BRDA:121,12,0,0
BRDA:121,12,1,0
BRDA:125,13,0,0
BRDA:125,13,1,0
BRF:28
BRH:0
end_of_record
TN:
SF:src\lib\raci-validator.ts
FN:16,validateRACIInvariants
FN:56,(anonymous_1)
FN:69,(anonymous_2)
FN:70,(anonymous_3)
FN:76,(anonymous_4)
FN:76,(anonymous_5)
FN:114,validateSingleRACIAssignment
FNF:7
FNH:0
FNDA:0,validateRACIInvariants
FNDA:0,(anonymous_1)
FNDA:0,(anonymous_2)
FNDA:0,(anonymous_3)
FNDA:0,(anonymous_4)
FNDA:0,(anonymous_5)
FNDA:0,validateSingleRACIAssignment
DA:3,0
DA:16,0
DA:20,0
DA:22,0
DA:24,0
DA:33,0
DA:36,0
DA:37,0
DA:38,0
DA:39,0
DA:41,0
DA:49,0
DA:50,0
DA:51,0
DA:52,0
DA:55,0
DA:56,0
DA:58,0
DA:60,0
DA:63,0
DA:68,0
DA:69,0
DA:70,0
DA:73,0
DA:74,0
DA:75,0
DA:76,0
DA:77,0
DA:81,0
DA:82,0
DA:86,0
DA:87,0
DA:88,0
DA:89,0
DA:91,0
DA:94,0
DA:95,0
DA:96,0
DA:101,0
DA:106,0
DA:107,0
DA:114,0
DA:115,0
DA:117,0
DA:118,0
DA:121,0
DA:122,0
DA:125,0
DA:126,0
DA:129,0
LF:50
LH:0
BRDA:38,0,0,0
BRDA:38,0,1,0
BRDA:51,1,0,0
BRDA:51,1,1,0
BRDA:58,2,0,0
BRDA:58,2,1,0
BRDA:73,3,0,0
BRDA:73,3,1,0
BRDA:75,4,0,0
BRDA:75,4,1,0
BRDA:81,5,0,0
BRDA:81,5,1,0
BRDA:88,6,0,0
BRDA:88,6,1,0
BRDA:95,7,0,0
BRDA:95,7,1,0
BRDA:95,8,0,0
BRDA:95,8,1,0
BRDA:117,9,0,0
BRDA:117,9,1,0
BRDA:117,10,0,0
BRDA:117,10,1,0
BRDA:121,11,0,0
BRDA:121,11,1,0
BRDA:121,12,0,0
BRDA:121,12,1,0
BRDA:125,13,0,0
BRDA:125,13,1,0
BRF:28
BRH:0
end_of_record
TN:
SF:src\lib\rate-limit.ts
FN:3,hit
FNF:1
FNH:0
FNDA:0,hit
DA:1,0
DA:3,0
DA:4,0
DA:5,0
DA:6,0
DA:7,0
DA:8,0
DA:9,0
LF:8
LH:0
BRDA:5,0,0,0
BRDA:5,0,1,0
BRDA:6,1,0,0
BRDA:6,1,1,0
BRF:4
BRH:0
end_of_record
TN:
SF:src\lib\rbac-admin-b24.ts
FN:12,withAdminAuth
FN:15,(anonymous_2)
FN:18,authenticatedHandler
FN:119,(anonymous_4)
FN:120,(anonymous_5)
FN:168,(anonymous_6)
FN:169,(anonymous_7)
FN:170,(anonymous_8)
FN:171,(anonymous_9)
FN:174,(anonymous_10)
FN:175,(anonymous_11)
FN:176,(anonymous_12)
FN:177,(anonymous_13)
FN:179,(anonymous_14)
FN:180,(anonymous_15)
FN:181,(anonymous_16)
FN:182,(anonymous_17)
FN:184,(anonymous_18)
FN:185,(anonymous_19)
FN:186,(anonymous_20)
FN:187,(anonymous_21)
FN:189,(anonymous_22)
FN:190,(anonymous_23)
FN:191,(anonymous_24)
FN:192,(anonymous_25)
FNF:25
FNH:0
FNDA:0,withAdminAuth
FNDA:0,(anonymous_2)
FNDA:0,authenticatedHandler
FNDA:0,(anonymous_4)
FNDA:0,(anonymous_5)
FNDA:0,(anonymous_6)
FNDA:0,(anonymous_7)
FNDA:0,(anonymous_8)
FNDA:0,(anonymous_9)
FNDA:0,(anonymous_10)
FNDA:0,(anonymous_11)
FNDA:0,(anonymous_12)
FNDA:0,(anonymous_13)
FNDA:0,(anonymous_14)
FNDA:0,(anonymous_15)
FNDA:0,(anonymous_16)
FNDA:0,(anonymous_17)
FNDA:0,(anonymous_18)
FNDA:0,(anonymous_19)
FNDA:0,(anonymous_20)
FNDA:0,(anonymous_21)
FNDA:0,(anonymous_22)
FNDA:0,(anonymous_23)
FNDA:0,(anonymous_24)
FNDA:0,(anonymous_25)
DA:1,0
DA:2,0
DA:3,0
DA:4,0
DA:5,0
DA:6,0
DA:12,0
DA:15,0
DA:18,0
DA:22,0
DA:25,0
DA:28,0
DA:29,0
DA:31,0
DA:33,0
DA:37,0
DA:38,0
DA:40,0
DA:52,0
DA:53,0
DA:55,0
DA:57,0
DA:68,0
DA:69,0
DA:71,0
DA:82,0
DA:90,0
DA:93,0
DA:95,0
DA:97,0
DA:99,0
DA:100,0
DA:102,0
DA:114,0
DA:119,0
DA:120,0
DA:124,0
DA:125,0
DA:127,0
DA:141,0
DA:144,0
DA:147,0
DA:149,0
DA:151,0
DA:165,0
DA:168,0
DA:169,0
DA:170,0
DA:171,0
DA:174,0
DA:175,0
DA:176,0
DA:177,0
DA:179,0
DA:180,0
DA:181,0
DA:182,0
DA:184,0
DA:185,0
DA:186,0
DA:187,0
DA:189,0
DA:190,0
DA:191,0
DA:192,0
LF:65
LH:0
BRDA:13,0,0,0
BRDA:25,1,0,0
BRDA:25,1,1,0
BRDA:33,2,0,0
BRDA:33,2,1,0
BRDA:33,2,2,0
BRDA:35,3,0,0
BRDA:35,3,1,0
BRDA:37,4,0,0
BRDA:37,4,1,0
BRDA:68,5,0,0
BRDA:68,5,1,0
BRDA:68,6,0,0
BRDA:68,6,1,0
BRDA:93,7,0,0
BRDA:93,7,1,0
BRDA:97,8,0,0
BRDA:97,8,1,0
BRDA:99,9,0,0
BRDA:99,9,1,0
BRDA:124,10,0,0
BRDA:124,10,1,0
BRF:22
BRH:0
end_of_record
TN:
SF:src\lib\rbac-admin.ts
FN:69,checkResourceOwnership
FN:135,checkPermissionMatrix
FN:175,withAdminAuth
FN:179,(anonymous_3)
FN:180,(anonymous_4)
FN:196,(anonymous_5)
FNF:6
FNH:0
FNDA:0,checkResourceOwnership
FNDA:0,checkPermissionMatrix
FNDA:0,withAdminAuth
FNDA:0,(anonymous_3)
FNDA:0,(anonymous_4)
FNDA:0,(anonymous_5)
DA:1,0
DA:2,0
DA:3,0
DA:4,0
DA:5,0
DA:30,0
DA:69,0
DA:78,0
DA:79,0
DA:81,0
DA:89,0
DA:96,0
DA:104,0
DA:111,0
DA:118,0
DA:119,0
DA:127,0
DA:130,0
DA:131,0
DA:135,0
DA:146,0
DA:149,0
DA:150,0
DA:153,0
DA:155,0
DA:157,0
DA:158,0
DA:159,0
DA:162,0
DA:164,0
DA:165,0
DA:168,0
DA:172,0
DA:175,0
DA:179,0
DA:180,0
DA:181,0
DA:182,0
DA:185,0
DA:186,0
DA:190,0
DA:194,0
DA:197,0
DA:198,0
DA:201,0
DA:202,0
DA:203,0
DA:204,0
DA:206,0
DA:207,0
DA:208,0
DA:209,0
DA:210,0
DA:214,0
DA:215,0
DA:216,0
DA:218,0
DA:219,0
DA:226,0
DA:230,0
DA:231,0
DA:232,0
DA:233,0
DA:237,0
DA:239,0
DA:240,0
DA:246,0
DA:253,0
DA:257,0
DA:258,0
DA:260,0
DA:261,0
DA:269,0
LF:73
LH:0
BRDA:79,0,0,0
BRDA:79,0,1,0
BRDA:79,0,2,0
BRDA:79,0,3,0
BRDA:91,1,0,0
BRDA:91,1,1,0
BRDA:106,2,0,0
BRDA:106,2,1,0
BRDA:121,3,0,0
BRDA:121,3,1,0
BRDA:122,4,0,0
BRDA:122,4,1,0
BRDA:130,5,0,0
BRDA:130,5,1,0
BRDA:146,6,0,0
BRDA:146,6,1,0
BRDA:153,7,0,0
BRDA:153,7,1,0
BRDA:155,8,0,0
BRDA:155,8,1,0
BRDA:157,9,0,0
BRDA:157,9,1,0
BRDA:157,10,0,0
BRDA:157,10,1,0
BRDA:158,11,0,0
BRDA:158,11,1,0
BRDA:158,12,0,0
BRDA:158,12,1,0
BRDA:159,13,0,0
BRDA:159,13,1,0
BRDA:159,14,0,0
BRDA:159,14,1,0
BRDA:162,15,0,0
BRDA:162,15,1,0
BRDA:164,16,0,0
BRDA:164,16,1,0
BRDA:164,17,0,0
BRDA:164,17,1,0
BRDA:165,18,0,0
BRDA:165,18,1,0
BRDA:165,19,0,0
BRDA:165,19,1,0
BRDA:180,20,0,0
BRDA:181,21,0,0
BRDA:181,21,1,0
BRDA:185,22,0,0
BRDA:185,22,1,0
BRDA:194,23,0,0
BRDA:194,23,1,0
BRDA:194,23,2,0
BRDA:198,24,0,0
BRDA:198,24,1,0
BRDA:201,25,0,0
BRDA:201,25,1,0
BRDA:207,26,0,0
BRDA:207,26,1,0
BRDA:214,27,0,0
BRDA:214,27,1,0
BRDA:231,28,0,0
BRDA:231,28,1,0
BRDA:231,29,0,0
BRDA:231,29,1,0
BRDA:231,29,2,0
BRDA:232,30,0,0
BRDA:232,30,1,0
BRDA:239,31,0,0
BRDA:239,31,1,0
BRF:67
BRH:0
end_of_record
TN:
SF:src\lib\rbac.ts
FN:39,canAccess
FN:47,withRole
FN:48,(anonymous_3)
FN:54,Guard
FN:58,hasScope
FN:63,withAuth
FN:68,(anonymous_7)
FNF:7
FNH:0
FNDA:0,canAccess
FNDA:0,withRole
FNDA:0,(anonymous_3)
FNDA:0,Guard
FNDA:0,hasScope
FNDA:0,withAuth
FNDA:0,(anonymous_7)
DA:1,0
DA:2,0
DA:3,0
DA:4,0
DA:5,0
DA:6,0
DA:10,0
DA:39,0
DA:40,0
DA:41,0
DA:42,0
DA:43,0
DA:44,0
DA:47,0
DA:48,0
DA:49,0
DA:50,0
DA:51,0
DA:54,0
DA:55,0
DA:58,0
DA:59,0
DA:60,0
DA:63,0
DA:68,0
DA:69,0
DA:70,0
DA:72,0
DA:74,0
DA:76,0
DA:78,0
DA:79,0
DA:80,0
DA:82,0
DA:83,0
DA:84,0
DA:85,0
DA:87,0
DA:88,0
DA:93,0
DA:94,0
DA:95,0
DA:96,0
DA:97,0
DA:98,0
DA:99,0
DA:100,0
DA:101,0
DA:102,0
DA:103,0
DA:104,0
DA:105,0
DA:109,0
DA:110,0
DA:113,0
DA:114,0
LF:56
LH:0
BRDA:41,0,0,0
BRDA:41,0,1,0
BRDA:43,1,0,0
BRDA:43,1,1,0
BRDA:49,2,0,0
BRDA:49,2,1,0
BRDA:50,3,0,0
BRDA:50,3,1,0
BRDA:50,3,2,0
BRDA:55,4,0,0
BRDA:55,4,1,0
BRDA:59,5,0,0
BRDA:59,5,1,0
BRDA:60,6,0,0
BRDA:60,6,1,0
BRDA:60,6,2,0
BRDA:66,7,0,0
BRDA:68,8,0,0
BRDA:69,9,0,0
BRDA:69,9,1,0
BRDA:74,10,0,0
BRDA:74,10,1,0
BRDA:74,11,0,0
BRDA:74,11,1,0
BRDA:79,12,0,0
BRDA:79,12,1,0
BRDA:79,13,0,0
BRDA:79,13,1,0
BRDA:84,14,0,0
BRDA:84,14,1,0
BRDA:84,15,0,0
BRDA:84,15,1,0
BRDA:84,15,2,0
BRDA:84,15,3,0
BRDA:96,16,0,0
BRDA:96,16,1,0
BRDA:97,17,0,0
BRDA:97,17,1,0
BRDA:98,18,0,0
BRDA:98,18,1,0
BRDA:102,19,0,0
BRDA:102,19,1,0
BRDA:105,20,0,0
BRDA:105,20,1,0
BRDA:109,21,0,0
BRDA:109,21,1,0
BRF:46
BRH:0
end_of_record
TN:
SF:src\lib\resilience.ts
FN:32,getConfig
FN:36,withResilience
FN:69,canExecute
FN:93,recordSuccess
FN:101,recordFailure
FN:125,processInstructionQueue
FN:153,processInstruction
FN:166,(anonymous_7)
FN:168,(anonymous_8)
FN:185,routeToProvider
FN:212,routeToFallbackProvider
FN:228,(anonymous_11)
FN:231,handleInstructionFailure
FN:277,notifyAdminOfFailure
FNF:14
FNH:0
FNDA:0,getConfig
FNDA:0,withResilience
FNDA:0,canExecute
FNDA:0,recordSuccess
FNDA:0,recordFailure
FNDA:0,processInstructionQueue
FNDA:0,processInstruction
FNDA:0,(anonymous_7)
FNDA:0,(anonymous_8)
FNDA:0,routeToProvider
FNDA:0,routeToFallbackProvider
FNDA:0,(anonymous_11)
FNDA:0,handleInstructionFailure
FNDA:0,notifyAdminOfFailure
DA:1,0
DA:2,0
DA:15,0
DA:26,0
DA:32,0
DA:33,0
DA:36,0
DA:41,0
DA:44,0
DA:45,0
DA:46,0
DA:47,0
DA:49,0
DA:52,0
DA:53,0
DA:54,0
DA:55,0
DA:57,0
DA:59,0
DA:60,0
DA:62,0
DA:65,0
DA:70,0
DA:72,0
DA:73,0
DA:76,0
DA:77,0
DA:78,0
DA:80,0
DA:84,0
DA:86,0
DA:90,0
DA:94,0
DA:102,0
DA:108,0
DA:109,0
DA:111,0
DA:117,0
DA:118,0
DA:125,0
DA:126,0
DA:128,0
DA:129,0
DA:145,0
DA:146,0
DA:149,0
DA:154,0
DA:156,0
DA:158,0
DA:165,0
DA:166,0
DA:168,0
DA:172,0
DA:178,0
DA:181,0
DA:187,0
DA:188,0
DA:192,0
DA:207,0
DA:208,0
DA:213,0
DA:217,0
DA:228,0
DA:232,0
DA:233,0
DA:234,0
DA:236,0
DA:238,0
DA:249,0
DA:254,0
DA:264,0
DA:273,0
DA:279,0
LF:73
LH:0
BRDA:18,0,0,0
BRDA:18,0,1,0
BRDA:19,1,0,0
BRDA:19,1,1,0
BRDA:21,2,0,0
BRDA:21,2,1,0
BRDA:22,3,0,0
BRDA:22,3,1,0
BRDA:44,4,0,0
BRDA:44,4,1,0
BRDA:45,5,0,0
BRDA:45,5,1,0
BRDA:45,6,0,0
BRDA:45,6,1,0
BRDA:59,7,0,0
BRDA:59,7,1,0
BRDA:59,8,0,0
BRDA:59,8,1,0
BRDA:61,9,0,0
BRDA:61,9,1,0
BRDA:72,10,0,0
BRDA:72,10,1,0
BRDA:72,11,0,0
BRDA:72,11,1,0
BRDA:76,12,0,0
BRDA:76,12,1,0
BRDA:78,13,0,0
BRDA:78,13,1,0
BRDA:102,14,0,0
BRDA:102,14,1,0
BRDA:109,15,0,0
BRDA:109,15,1,0
BRDA:117,16,0,0
BRDA:117,16,1,0
BRDA:149,17,0,0
BRDA:149,17,1,0
BRDA:181,18,0,0
BRDA:181,18,1,0
BRDA:187,19,0,0
BRDA:187,19,1,0
BRDA:207,20,0,0
BRDA:207,20,1,0
BRDA:233,21,0,0
BRDA:233,21,1,0
BRDA:234,22,0,0
BRDA:234,22,1,0
BRDA:236,23,0,0
BRDA:236,23,1,0
BRDA:243,24,0,0
BRDA:243,24,1,0
BRDA:258,25,0,0
BRDA:258,25,1,0
BRDA:268,26,0,0
BRDA:268,26,1,0
BRDA:282,27,0,0
BRDA:282,27,1,0
BRF:56
BRH:0
end_of_record
TN:
SF:src\lib\sessionVault.ts
FN:9,(anonymous_0)
FN:14,(anonymous_1)
FN:22,(anonymous_2)
FN:26,(anonymous_3)
FN:38,getSessionVault
FNF:5
FNH:0
FNDA:0,(anonymous_0)
FNDA:0,(anonymous_1)
FNDA:0,(anonymous_2)
FNDA:0,(anonymous_3)
FNDA:0,getSessionVault
DA:1,0
DA:5,0
DA:10,0
DA:11,0
DA:15,0
DA:16,0
DA:18,0
DA:19,0
DA:23,0
DA:27,0
DA:28,0
DA:29,0
DA:30,0
DA:31,0
DA:33,0
DA:38,0
DA:39,0
DA:40,0
DA:42,0
LF:19
LH:0
BRDA:9,0,0,0
BRDA:9,1,0,0
BRDA:9,1,1,0
BRDA:28,2,0,0
BRDA:28,2,1,0
BRDA:29,3,0,0
BRDA:29,3,1,0
BRDA:39,4,0,0
BRDA:39,4,1,0
BRF:9
BRH:0
end_of_record
TN:
SF:src\lib\squad-utils.ts
FN:4,generateSlug
FN:13,ensureUniqueSlug
FN:44,validateSquadState
FN:74,validateProjectState
FN:104,checkSquadProjectAttachment
FN:140,getSquadPerformance
FN:179,(anonymous_6)
FNF:7
FNH:0
FNDA:0,generateSlug
FNDA:0,ensureUniqueSlug
FNDA:0,validateSquadState
FNDA:0,validateProjectState
FNDA:0,checkSquadProjectAttachment
FNDA:0,getSquadPerformance
FNDA:0,(anonymous_6)
DA:1,0
DA:2,0
DA:4,0
DA:5,0
DA:13,0
DA:14,0
DA:15,0
DA:16,0
DA:17,0
DA:19,0
DA:20,0
DA:21,0
DA:25,0
DA:26,0
DA:27,0
DA:30,0
DA:31,0
DA:32,0
DA:34,0
DA:36,0
DA:41,0
DA:44,0
DA:49,0
DA:50,0
DA:54,0
DA:55,0
DA:58,0
DA:59,0
DA:60,0
DA:67,0
DA:69,0
DA:70,0
DA:74,0
DA:79,0
DA:80,0
DA:84,0
DA:85,0
DA:88,0
DA:89,0
DA:90,0
DA:97,0
DA:99,0
DA:100,0
DA:104,0
DA:109,0
DA:110,0
DA:115,0
DA:116,0
DA:119,0
DA:120,0
DA:122,0
DA:123,0
DA:140,0
DA:141,0
DA:142,0
DA:155,0
DA:169,0
DA:170,0
DA:171,0
DA:173,0
DA:179,0
DA:186,0
DA:187,0
LF:63
LH:0
BRDA:25,0,0,0
BRDA:25,0,1,0
BRDA:26,1,0,0
BRDA:26,1,1,0
BRDA:34,2,0,0
BRDA:34,2,1,0
BRDA:44,3,0,0
BRDA:54,4,0,0
BRDA:54,4,1,0
BRDA:59,5,0,0
BRDA:59,5,1,0
BRDA:69,6,0,0
BRDA:69,6,1,0
BRDA:74,7,0,0
BRDA:84,8,0,0
BRDA:84,8,1,0
BRDA:89,9,0,0
BRDA:89,9,1,0
BRDA:99,10,0,0
BRDA:99,10,1,0
BRDA:115,11,0,0
BRDA:115,11,1,0
BRDA:122,12,0,0
BRDA:122,12,1,0
BRDA:140,13,0,0
BRDA:177,14,0,0
BRDA:177,14,1,0
BRDA:178,15,0,0
BRDA:178,15,1,0
BRDA:186,16,0,0
BRDA:186,16,1,0
BRF:31
BRH:0
end_of_record
TN:
SF:src\lib\storage.ts
FN:10,ensureToken
FN:19,(anonymous_1)
FN:23,(anonymous_2)
FN:28,(anonymous_3)
FNF:4
FNH:0
FNDA:0,ensureToken
FNDA:0,(anonymous_1)
FNDA:0,(anonymous_2)
FNDA:0,(anonymous_3)
DA:1,0
DA:2,0
DA:11,0
DA:12,0
DA:13,0
DA:15,0
DA:18,0
DA:20,0
DA:21,0
DA:24,0
DA:25,0
DA:26,0
DA:29,0
DA:30,0
LF:14
LH:0
BRDA:12,0,0,0
BRDA:12,0,1,0
BRDA:26,1,0,0
BRDA:26,1,1,0
BRDA:26,1,2,0
BRF:5
BRH:0
end_of_record
TN:
SF:src\lib\trace.ts
FN:3,generateTraceId
FNF:1
FNH:0
FNDA:0,generateTraceId
DA:1,0
DA:3,0
DA:5,0
DA:6,0
DA:9,0
LF:5
LH:0
BRDA:5,0,0,0
BRDA:5,0,1,0
BRF:2
BRH:0
end_of_record
TN:
SF:src\lib\ui-log.ts
FN:4,getSessionId
FN:16,uiLog
FNF:2
FNH:0
FNDA:0,getSessionId
FNDA:0,uiLog
DA:3,0
DA:5,0
DA:6,0
DA:7,0
DA:8,0
DA:9,0
DA:10,0
DA:13,0
DA:16,0
DA:17,0
DA:18,0
DA:19,0
DA:20,0
DA:21,0
DA:31,0
LF:15
LH:0
BRDA:5,0,0,0
BRDA:5,0,1,0
BRDA:6,1,0,0
BRDA:6,1,1,0
BRDA:7,2,0,0
BRDA:7,2,1,0
BRDA:8,3,0,0
BRDA:8,3,1,0
BRDA:16,4,0,0
BRDA:18,5,0,0
BRDA:18,5,1,0
BRF:11
BRH:0
end_of_record
TN:
SF:src\lib\urls.ts
FN:1,getPublicHost
FN:13,assetUrl
FNF:2
FNH:0
FNDA:0,getPublicHost
FNDA:0,assetUrl
DA:1,0
DA:3,0
DA:4,0
DA:5,0
DA:10,0
DA:13,0
DA:14,0
DA:15,0
DA:16,0
LF:9
LH:0
BRDA:3,0,0,0
BRDA:3,0,1,0
BRDA:5,1,0,0
BRDA:5,1,1,0
BRDA:5,2,0,0
BRDA:5,2,1,0
BRDA:10,3,0,0
BRDA:10,3,1,0
BRDA:15,4,0,0
BRDA:15,4,1,0
BRF:10
BRH:0
end_of_record
TN:
SF:src\lib\utils.ts
FN:1,cn
FNF:1
FNH:0
FNDA:0,cn
DA:1,0
DA:2,0
LF:2
LH:0
BRF:0
BRH:0
end_of_record
TN:
SF:src\lib\webhook.ts
FN:6,verifySignature
FN:16,isReplay
FNF:2
FNH:0
FNDA:0,verifySignature
FNDA:0,isReplay
DA:1,0
DA:3,0
DA:4,0
DA:6,0
DA:7,0
DA:8,0
DA:9,0
DA:10,0
DA:12,0
DA:16,0
DA:17,0
DA:18,0
DA:19,0
DA:20,0
DA:22,0
DA:23,0
DA:24,0
LF:17
LH:0
BRDA:16,0,0,0
BRDA:20,1,0,0
BRDA:20,1,1,0
BRDA:22,2,0,0
BRDA:22,2,1,0
BRF:5
BRH:0
end_of_record
TN:
SF:src\lib\withAuth.ts
FN:4,withAuth
FN:8,(anonymous_1)
FNF:2
FNH:0
FNDA:0,withAuth
FNDA:0,(anonymous_1)
DA:4,0
DA:8,0
DA:11,0
DA:17,0
DA:18,0
DA:26,0
LF:6
LH:0
BRDA:17,0,0,0
BRDA:17,0,1,0
BRDA:22,1,0,0
BRDA:22,1,1,0
BRF:4
BRH:0
end_of_record
TN:
SF:src\lib\api-lite\core.ts
FN:57,(anonymous_1)
FN:65,(anonymous_2)
FN:77,(anonymous_3)
FN:98,(anonymous_4)
FN:113,(anonymous_5)
FN:123,(anonymous_6)
FN:126,(anonymous_7)
FN:144,(anonymous_8)
FN:146,(anonymous_9)
FN:149,(anonymous_10)
FN:161,(anonymous_11)
FN:166,(anonymous_12)
FN:170,(anonymous_13)
FN:174,(anonymous_14)
FN:183,(anonymous_15)
FN:196,(anonymous_16)
FN:199,(anonymous_17)
FN:204,(anonymous_18)
FN:219,(anonymous_19)
FN:230,(anonymous_20)
FN:242,(anonymous_21)
FN:246,(anonymous_22)
FN:251,(anonymous_23)
FN:256,(anonymous_24)
FN:261,(anonymous_25)
FN:266,(anonymous_26)
FN:271,(anonymous_27)
FN:276,(anonymous_28)
FN:281,(anonymous_29)
FN:286,(anonymous_30)
FN:291,(anonymous_31)
FN:296,(anonymous_32)
FN:318,(anonymous_33)
FN:322,(anonymous_34)
FN:324,(anonymous_35)
FN:335,(anonymous_36)
FN:352,(anonymous_37)
FN:356,(anonymous_38)
FN:360,(anonymous_39)
FN:364,(anonymous_40)
FN:409,(anonymous_41)
FN:432,(anonymous_42)
FN:433,(anonymous_43)
FN:447,(anonymous_44)
FN:448,(anonymous_45)
FN:469,(anonymous_46)
FN:470,(anonymous_47)
FN:494,(anonymous_48)
FN:507,(anonymous_49)
FN:515,(anonymous_50)
FN:523,(anonymous_51)
FN:527,(anonymous_52)
FNF:52
FNH:0
FNDA:0,(anonymous_1)
FNDA:0,(anonymous_2)
FNDA:0,(anonymous_3)
FNDA:0,(anonymous_4)
FNDA:0,(anonymous_5)
FNDA:0,(anonymous_6)
FNDA:0,(anonymous_7)
FNDA:0,(anonymous_8)
FNDA:0,(anonymous_9)
FNDA:0,(anonymous_10)
FNDA:0,(anonymous_11)
FNDA:0,(anonymous_12)
FNDA:0,(anonymous_13)
FNDA:0,(anonymous_14)
FNDA:0,(anonymous_15)
FNDA:0,(anonymous_16)
FNDA:0,(anonymous_17)
FNDA:0,(anonymous_18)
FNDA:0,(anonymous_19)
FNDA:0,(anonymous_20)
FNDA:0,(anonymous_21)
FNDA:0,(anonymous_22)
FNDA:0,(anonymous_23)
FNDA:0,(anonymous_24)
FNDA:0,(anonymous_25)
FNDA:0,(anonymous_26)
FNDA:0,(anonymous_27)
FNDA:0,(anonymous_28)
FNDA:0,(anonymous_29)
FNDA:0,(anonymous_30)
FNDA:0,(anonymous_31)
FNDA:0,(anonymous_32)
FNDA:0,(anonymous_33)
FNDA:0,(anonymous_34)
FNDA:0,(anonymous_35)
FNDA:0,(anonymous_36)
FNDA:0,(anonymous_37)
FNDA:0,(anonymous_38)
FNDA:0,(anonymous_39)
FNDA:0,(anonymous_40)
FNDA:0,(anonymous_41)
FNDA:0,(anonymous_42)
FNDA:0,(anonymous_43)
FNDA:0,(anonymous_44)
FNDA:0,(anonymous_45)
FNDA:0,(anonymous_46)
FNDA:0,(anonymous_47)
FNDA:0,(anonymous_48)
FNDA:0,(anonymous_49)
FNDA:0,(anonymous_50)
FNDA:0,(anonymous_51)
FNDA:0,(anonymous_52)
DA:7,0
DA:8,0
DA:58,0
DA:59,0
DA:67,0
DA:68,0
DA:69,0
DA:70,0
DA:74,0
DA:75,0
DA:78,0
DA:79,0
DA:80,0
DA:81,0
DA:83,0
DA:84,0
DA:85,0
DA:87,0
DA:91,0
DA:100,0
DA:101,0
DA:102,0
DA:103,0
DA:107,0
DA:108,0
DA:110,0
DA:111,0
DA:112,0
DA:113,0
DA:114,0
DA:116,0
DA:120,0
DA:124,0
DA:125,0
DA:126,0
DA:127,0
DA:141,0
DA:146,0
DA:150,0
DA:151,0
DA:153,0
DA:154,0
DA:155,0
DA:158,0
DA:162,0
DA:163,0
DA:167,0
DA:171,0
DA:175,0
DA:176,0
DA:177,0
DA:178,0
DA:184,0
DA:197,0
DA:200,0
DA:201,0
DA:204,0
DA:205,0
DA:208,0
DA:209,0
DA:213,0
DA:214,0
DA:216,0
DA:220,0
DA:221,0
DA:222,0
DA:224,0
DA:231,0
DA:239,0
DA:240,0
DA:242,0
DA:243,0
DA:247,0
DA:248,0
DA:252,0
DA:253,0
DA:257,0
DA:258,0
DA:262,0
DA:263,0
DA:267,0
DA:268,0
DA:272,0
DA:273,0
DA:277,0
DA:278,0
DA:282,0
DA:283,0
DA:287,0
DA:288,0
DA:292,0
DA:293,0
DA:297,0
DA:298,0
DA:300,0
DA:301,0
DA:304,0
DA:312,0
DA:313,0
DA:314,0
DA:315,0
DA:316,0
DA:319,0
DA:324,0
DA:325,0
DA:327,0
DA:328,0
DA:329,0
DA:331,0
DA:335,0
DA:336,0
DA:337,0
DA:339,0
DA:340,0
DA:342,0
DA:344,0
DA:345,0
DA:347,0
DA:348,0
DA:353,0
DA:357,0
DA:361,0
DA:365,0
DA:366,0
DA:368,0
DA:369,0
DA:376,0
DA:388,0
DA:394,0
DA:395,0
DA:398,0
DA:399,0
DA:402,0
DA:403,0
DA:407,0
DA:409,0
DA:410,0
DA:411,0
DA:412,0
DA:414,0
DA:418,0
DA:419,0
DA:421,0
DA:422,0
DA:433,0
DA:434,0
DA:436,0
DA:437,0
DA:443,0
DA:448,0
DA:449,0
DA:450,0
DA:453,0
DA:454,0
DA:455,0
DA:457,0
DA:458,0
DA:465,0
DA:470,0
DA:471,0
DA:472,0
DA:475,0
DA:476,0
DA:478,0
DA:479,0
DA:480,0
DA:481,0
DA:484,0
DA:486,0
DA:487,0
DA:488,0
DA:490,0
DA:491,0
DA:494,0
DA:495,0
DA:496,0
DA:500,0
DA:503,0
DA:509,0
DA:510,0
DA:511,0
DA:516,0
DA:524,0
DA:528,0
LF:184
LH:0
BRDA:67,0,0,0
BRDA:67,0,1,0
BRDA:67,1,0,0
BRDA:67,1,1,0
BRDA:78,2,0,0
BRDA:78,2,1,0
BRDA:83,3,0,0
BRDA:83,3,1,0
BRDA:102,4,0,0
BRDA:102,4,1,0
BRDA:108,5,0,0
BRDA:108,5,1,0
BRDA:111,6,0,0
BRDA:111,6,1,0
BRDA:151,7,0,0
BRDA:151,7,1,0
BRDA:153,8,0,0
BRDA:153,8,1,0
BRDA:177,9,0,0
BRDA:177,9,1,0
BRDA:201,10,0,0
BRDA:201,10,1,0
BRDA:208,11,0,0
BRDA:208,11,1,0
BRDA:281,12,0,0
BRDA:281,13,0,0
BRDA:287,14,0,0
BRDA:287,14,1,0
BRDA:297,15,0,0
BRDA:297,15,1,0
BRDA:300,16,0,0
BRDA:300,16,1,0
BRDA:368,17,0,0
BRDA:368,17,1,0
BRDA:390,18,0,0
BRDA:390,18,1,0
BRDA:394,19,0,0
BRDA:394,19,1,0
BRDA:398,20,0,0
BRDA:398,20,1,0
BRDA:402,21,0,0
BRDA:402,21,1,0
BRDA:410,22,0,0
BRDA:410,22,1,0
BRDA:425,23,0,0
BRDA:425,23,1,0
BRDA:436,24,0,0
BRDA:436,24,1,0
BRDA:449,25,0,0
BRDA:449,25,1,0
BRDA:453,26,0,0
BRDA:453,26,1,0
BRDA:455,27,0,0
BRDA:455,27,1,0
BRDA:457,28,0,0
BRDA:457,28,1,0
BRDA:457,29,0,0
BRDA:457,29,1,0
BRDA:471,30,0,0
BRDA:471,30,1,0
BRDA:475,31,0,0
BRDA:475,31,1,0
BRDA:478,32,0,0
BRDA:478,32,1,0
BRDA:486,33,0,0
BRDA:486,33,1,0
BRDA:495,34,0,0
BRDA:495,34,1,0
BRDA:510,35,0,0
BRDA:510,35,1,0
BRF:70
BRH:0
end_of_record
TN:
SF:src\lib\api-lite\middleware.ts
FN:14,(anonymous_1)
FN:21,(anonymous_2)
FN:75,(anonymous_3)
FN:76,(anonymous_4)
FN:131,validateField
FN:204,isValidEmail
FN:209,isValidUUID
FN:218,(anonymous_8)
FN:223,(anonymous_9)
FN:245,(anonymous_10)
FN:255,(anonymous_11)
FN:277,validateJWT
FN:316,(anonymous_13)
FN:317,(anonymous_14)
FN:318,(anonymous_15)
FN:319,(anonymous_16)
FN:340,(anonymous_17)
FN:344,(anonymous_18)
FN:402,maskSensitiveData
FNF:19
FNH:0
FNDA:0,(anonymous_1)
FNDA:0,(anonymous_2)
FNDA:0,(anonymous_3)
FNDA:0,(anonymous_4)
FNDA:0,validateField
FNDA:0,isValidEmail
FNDA:0,isValidUUID
FNDA:0,(anonymous_8)
FNDA:0,(anonymous_9)
FNDA:0,(anonymous_10)
FNDA:0,(anonymous_11)
FNDA:0,validateJWT
FNDA:0,(anonymous_13)
FNDA:0,(anonymous_14)
FNDA:0,(anonymous_15)
FNDA:0,(anonymous_16)
FNDA:0,(anonymous_17)
FNDA:0,(anonymous_18)
FNDA:0,maskSensitiveData
DA:6,0
DA:8,0
DA:14,0
DA:18,0
DA:19,0
DA:21,0
DA:22,0
DA:25,0
DA:26,0
DA:32,0
DA:33,0
DA:34,0
DA:35,0
DA:39,0
DA:42,0
DA:45,0
DA:46,0
DA:47,0
DA:48,0
DA:52,0
DA:75,0
DA:76,0
DA:77,0
DA:80,0
DA:81,0
DA:82,0
DA:83,0
DA:84,0
DA:89,0
DA:90,0
DA:91,0
DA:92,0
DA:93,0
DA:98,0
DA:99,0
DA:100,0
DA:101,0
DA:102,0
DA:103,0
DA:104,0
DA:108,0
DA:110,0
DA:117,0
DA:118,0
DA:127,0
DA:133,0
DA:134,0
DA:142,0
DA:143,0
DA:147,0
DA:149,0
DA:150,0
DA:152,0
DA:153,0
DA:155,0
DA:156,0
DA:158,0
DA:159,0
DA:161,0
DA:164,0
DA:165,0
DA:166,0
DA:168,0
DA:169,0
DA:171,0
DA:172,0
DA:174,0
DA:177,0
DA:178,0
DA:180,0
DA:183,0
DA:184,0
DA:186,0
DA:189,0
DA:190,0
DA:192,0
DA:195,0
DA:196,0
DA:198,0
DA:201,0
DA:205,0
DA:206,0
DA:210,0
DA:211,0
DA:218,0
DA:223,0
DA:224,0
DA:225,0
DA:229,0
DA:230,0
DA:231,0
DA:237,0
DA:239,0
DA:241,0
DA:244,0
DA:245,0
DA:246,0
DA:254,0
DA:255,0
DA:256,0
DA:264,0
DA:266,0
DA:268,0
DA:278,0
DA:279,0
DA:282,0
DA:283,0
DA:284,0
DA:287,0
DA:290,0
DA:295,0
DA:296,0
DA:300,0
DA:305,0
DA:306,0
DA:309,0
DA:316,0
DA:317,0
DA:318,0
DA:319,0
DA:322,0
DA:323,0
DA:325,0
DA:326,0
DA:331,0
DA:340,0
DA:344,0
DA:345,0
DA:346,0
DA:349,0
DA:358,0
DA:359,0
DA:362,0
DA:363,0
DA:364,0
DA:365,0
DA:367,0
DA:374,0
DA:376,0
DA:377,0
DA:378,0
DA:380,0
DA:386,0
DA:388,0
DA:390,0
DA:396,0
DA:403,0
DA:404,0
DA:407,0
DA:408,0
DA:410,0
DA:411,0
DA:412,0
DA:416,0
LF:154
LH:0
BRDA:14,0,0,0
BRDA:18,1,0,0
BRDA:18,1,1,0
BRDA:18,1,2,0
BRDA:19,2,0,0
BRDA:19,2,1,0
BRDA:25,3,0,0
BRDA:25,3,1,0
BRDA:32,4,0,0
BRDA:32,4,1,0
BRDA:32,5,0,0
BRDA:32,5,1,0
BRDA:32,5,2,0
BRDA:34,6,0,0
BRDA:34,6,1,0
BRDA:45,7,0,0
BRDA:45,7,1,0
BRDA:45,8,0,0
BRDA:45,8,1,0
BRDA:45,8,2,0
BRDA:47,9,0,0
BRDA:47,9,1,0
BRDA:80,10,0,0
BRDA:80,10,1,0
BRDA:84,11,0,0
BRDA:84,11,1,0
BRDA:89,12,0,0
BRDA:89,12,1,0
BRDA:93,13,0,0
BRDA:93,13,1,0
BRDA:98,14,0,0
BRDA:98,14,1,0
BRDA:98,15,0,0
BRDA:98,15,1,0
BRDA:98,15,2,0
BRDA:98,15,3,0
BRDA:104,16,0,0
BRDA:104,16,1,0
BRDA:117,17,0,0
BRDA:117,17,1,0
BRDA:133,18,0,0
BRDA:133,18,1,0
BRDA:133,19,0,0
BRDA:133,19,1,0
BRDA:133,19,2,0
BRDA:133,19,3,0
BRDA:142,20,0,0
BRDA:142,20,1,0
BRDA:142,21,0,0
BRDA:142,21,1,0
BRDA:142,21,2,0
BRDA:142,21,3,0
BRDA:147,22,0,0
BRDA:147,22,1,0
BRDA:147,22,2,0
BRDA:147,22,3,0
BRDA:147,22,4,0
BRDA:147,22,5,0
BRDA:149,23,0,0
BRDA:149,23,1,0
BRDA:152,24,0,0
BRDA:152,24,1,0
BRDA:152,25,0,0
BRDA:152,25,1,0
BRDA:155,26,0,0
BRDA:155,26,1,0
BRDA:155,27,0,0
BRDA:155,27,1,0
BRDA:158,28,0,0
BRDA:158,28,1,0
BRDA:158,29,0,0
BRDA:158,29,1,0
BRDA:165,30,0,0
BRDA:165,30,1,0
BRDA:168,31,0,0
BRDA:168,31,1,0
BRDA:168,32,0,0
BRDA:168,32,1,0
BRDA:171,33,0,0
BRDA:171,33,1,0
BRDA:171,34,0,0
BRDA:171,34,1,0
BRDA:177,35,0,0
BRDA:177,35,1,0
BRDA:177,36,0,0
BRDA:177,36,1,0
BRDA:177,36,2,0
BRDA:183,37,0,0
BRDA:183,37,1,0
BRDA:183,38,0,0
BRDA:183,38,1,0
BRDA:189,39,0,0
BRDA:189,39,1,0
BRDA:189,40,0,0
BRDA:189,40,1,0
BRDA:195,41,0,0
BRDA:195,41,1,0
BRDA:195,42,0,0
BRDA:195,42,1,0
BRDA:224,43,0,0
BRDA:224,43,1,0
BRDA:230,44,0,0
BRDA:230,44,1,0
BRDA:230,45,0,0
BRDA:230,45,1,0
BRDA:244,46,0,0
BRDA:244,46,1,0
BRDA:244,47,0,0
BRDA:244,47,1,0
BRDA:245,48,0,0
BRDA:245,48,1,0
BRDA:245,49,0,0
BRDA:245,49,1,0
BRDA:254,50,0,0
BRDA:254,50,1,0
BRDA:254,51,0,0
BRDA:254,51,1,0
BRDA:255,52,0,0
BRDA:255,52,1,0
BRDA:255,53,0,0
BRDA:255,53,1,0
BRDA:278,54,0,0
BRDA:278,54,1,0
BRDA:283,55,0,0
BRDA:283,55,1,0
BRDA:295,56,0,0
BRDA:295,56,1,0
BRDA:305,57,0,0
BRDA:305,57,1,0
BRDA:305,58,0,0
BRDA:305,58,1,0
BRDA:316,59,0,0
BRDA:325,60,0,0
BRDA:325,60,1,0
BRDA:340,61,0,0
BRDA:346,62,0,0
BRDA:346,62,1,0
BRDA:353,63,0,0
BRDA:353,63,1,0
BRDA:355,64,0,0
BRDA:355,64,1,0
BRDA:358,65,0,0
BRDA:358,65,1,0
BRDA:362,66,0,0
BRDA:362,66,1,0
BRDA:362,67,0,0
BRDA:362,67,1,0
BRDA:362,67,2,0
BRDA:362,67,3,0
BRDA:365,68,0,0
BRDA:365,68,1,0
BRDA:403,69,0,0
BRDA:403,69,1,0
BRDA:403,70,0,0
BRDA:403,70,1,0
BRDA:411,71,0,0
BRDA:411,71,1,0
BRF:157
BRH:0
end_of_record
TN:
SF:src\lib\api-lite\setup-modular.ts
FN:26,setupAPIRoutes
FNF:1
FNH:0
FNDA:0,setupAPIRoutes
DA:7,0
DA:8,0
DA:11,0
DA:12,0
DA:13,0
DA:14,0
DA:15,0
DA:16,0
DA:17,0
DA:18,0
DA:19,0
DA:20,0
DA:21,0
DA:23,0
DA:24,0
DA:26,0
DA:27,0
DA:29,0
DA:32,0
DA:36,0
DA:37,0
DA:41,0
DA:42,0
DA:43,0
DA:44,0
DA:45,0
DA:46,0
DA:47,0
DA:48,0
DA:49,0
DA:50,0
DA:51,0
DA:53,0
DA:54,0
DA:55,0
DA:57,0
DA:61,0
LF:37
LH:0
BRDA:33,0,0,0
BRDA:33,0,1,0
BRDA:36,1,0,0
BRDA:36,1,1,0
BRF:4
BRH:0
end_of_record
TN:
SF:src\lib\api-lite\setup.ts
FN:4400,(anonymous_1)
FN:24,setupAPIRoutes
FN:44,(anonymous_3)
FN:57,(anonymous_4)
FN:72,(anonymous_5)
FN:87,(anonymous_6)
FN:121,(anonymous_7)
FN:128,(anonymous_8)
FN:132,(anonymous_9)
FN:137,(anonymous_10)
FN:142,(anonymous_11)
FN:188,(anonymous_12)
FN:282,(anonymous_13)
FN:385,(anonymous_14)
FN:467,(anonymous_15)
FN:520,(anonymous_16)
FN:568,(anonymous_17)
FN:576,(anonymous_18)
FN:580,(anonymous_19)
FN:584,(anonymous_20)
FN:587,(anonymous_21)
FN:637,(anonymous_22)
FN:662,(anonymous_23)
FN:790,(anonymous_24)
FN:876,(anonymous_25)
FN:929,(anonymous_26)
FN:977,(anonymous_27)
FN:992,(anonymous_28)
FN:1042,(anonymous_29)
FN:1069,(anonymous_30)
FN:1217,(anonymous_31)
FN:1317,(anonymous_32)
FN:1411,(anonymous_33)
FN:1451,(anonymous_34)
FN:1455,(anonymous_35)
FN:1463,(anonymous_36)
FN:1508,(anonymous_37)
FN:1528,(anonymous_38)
FN:1629,(anonymous_39)
FN:1720,(anonymous_40)
FN:1813,(anonymous_41)
FN:1904,(anonymous_42)
FN:1969,(anonymous_43)
FN:2006,(anonymous_44)
FN:2009,(anonymous_45)
FN:2051,(anonymous_46)
FN:2139,(anonymous_47)
FN:2161,(anonymous_48)
FN:2200,(anonymous_49)
FN:2327,(anonymous_50)
FN:2459,(anonymous_51)
FN:2518,(anonymous_52)
FN:2572,(anonymous_53)
FN:2677,(anonymous_54)
FN:2737,(anonymous_55)
FN:2811,(anonymous_56)
FN:2855,(anonymous_57)
FN:2907,(anonymous_58)
FN:3039,(anonymous_59)
FN:3088,(anonymous_60)
FN:3138,(anonymous_61)
FN:3234,(anonymous_62)
FN:3317,(anonymous_63)
FN:3325,(anonymous_64)
FN:3362,(anonymous_65)
FN:3401,(anonymous_66)
FN:3453,(anonymous_67)
FN:3553,(anonymous_68)
FN:3594,(anonymous_69)
FN:3595,(anonymous_70)
FN:3597,(anonymous_71)
FN:3642,(anonymous_72)
FN:3747,(anonymous_73)
FN:3858,(anonymous_74)
FN:3975,(anonymous_75)
FN:4099,getSingleSquad
FN:4187,getSingleAgent
FN:4300,getSingleProject
FNF:78
FNH:0
FNDA:0,(anonymous_1)
FNDA:0,setupAPIRoutes
FNDA:0,(anonymous_3)
FNDA:0,(anonymous_4)
FNDA:0,(anonymous_5)
FNDA:0,(anonymous_6)
FNDA:0,(anonymous_7)
FNDA:0,(anonymous_8)
FNDA:0,(anonymous_9)
FNDA:0,(anonymous_10)
FNDA:0,(anonymous_11)
FNDA:0,(anonymous_12)
FNDA:0,(anonymous_13)
FNDA:0,(anonymous_14)
FNDA:0,(anonymous_15)
FNDA:0,(anonymous_16)
FNDA:0,(anonymous_17)
FNDA:0,(anonymous_18)
FNDA:0,(anonymous_19)
FNDA:0,(anonymous_20)
FNDA:0,(anonymous_21)
FNDA:0,(anonymous_22)
FNDA:0,(anonymous_23)
FNDA:0,(anonymous_24)
FNDA:0,(anonymous_25)
FNDA:0,(anonymous_26)
FNDA:0,(anonymous_27)
FNDA:0,(anonymous_28)
FNDA:0,(anonymous_29)
FNDA:0,(anonymous_30)
FNDA:0,(anonymous_31)
FNDA:0,(anonymous_32)
FNDA:0,(anonymous_33)
FNDA:0,(anonymous_34)
FNDA:0,(anonymous_35)
FNDA:0,(anonymous_36)
FNDA:0,(anonymous_37)
FNDA:0,(anonymous_38)
FNDA:0,(anonymous_39)
FNDA:0,(anonymous_40)
FNDA:0,(anonymous_41)
FNDA:0,(anonymous_42)
FNDA:0,(anonymous_43)
FNDA:0,(anonymous_44)
FNDA:0,(anonymous_45)
FNDA:0,(anonymous_46)
FNDA:0,(anonymous_47)
FNDA:0,(anonymous_48)
FNDA:0,(anonymous_49)
FNDA:0,(anonymous_50)
FNDA:0,(anonymous_51)
FNDA:0,(anonymous_52)
FNDA:0,(anonymous_53)
FNDA:0,(anonymous_54)
FNDA:0,(anonymous_55)
FNDA:0,(anonymous_56)
FNDA:0,(anonymous_57)
FNDA:0,(anonymous_58)
FNDA:0,(anonymous_59)
FNDA:0,(anonymous_60)
FNDA:0,(anonymous_61)
FNDA:0,(anonymous_62)
FNDA:0,(anonymous_63)
FNDA:0,(anonymous_64)
FNDA:0,(anonymous_65)
FNDA:0,(anonymous_66)
FNDA:0,(anonymous_67)
FNDA:0,(anonymous_68)
FNDA:0,(anonymous_69)
FNDA:0,(anonymous_70)
FNDA:0,(anonymous_71)
FNDA:0,(anonymous_72)
FNDA:0,(anonymous_73)
FNDA:0,(anonymous_74)
FNDA:0,(anonymous_75)
FNDA:0,getSingleSquad
FNDA:0,getSingleAgent
FNDA:0,getSingleProject
DA:6,0
DA:7,0
DA:8,0
DA:10,0
DA:11,0
DA:17,0
DA:18,0
DA:24,0
DA:25,0
DA:28,0
DA:33,0
DA:34,0
DA:42,0
DA:45,0
DA:54,0
DA:58,0
DA:59,0
DA:69,0
DA:73,0
DA:74,0
DA:83,0
DA:88,0
DA:89,0
DA:90,0
DA:91,0
DA:93,0
DA:94,0
DA:117,0
DA:119,0
DA:120,0
DA:121,0
DA:122,0
DA:127,0
DA:128,0
DA:131,0
DA:132,0
DA:135,0
DA:136,0
DA:137,0
DA:138,0
DA:142,0
DA:159,0
DA:169,0
DA:170,0
DA:179,0
DA:189,0
DA:191,0
DA:192,0
DA:209,0
DA:210,0
DA:216,0
DA:219,0
DA:220,0
DA:222,0
DA:223,0
DA:230,0
DA:231,0
DA:232,0
DA:235,0
DA:238,0
DA:254,0
DA:257,0
DA:258,0
DA:267,0
DA:283,0
DA:284,0
DA:293,0
DA:295,0
DA:298,0
DA:299,0
DA:301,0
DA:304,0
DA:305,0
DA:311,0
DA:313,0
DA:341,0
DA:344,0
DA:346,0
DA:360,0
DA:361,0
DA:370,0
DA:386,0
DA:387,0
DA:388,0
DA:390,0
DA:392,0
DA:397,0
DA:398,0
DA:405,0
DA:407,0
DA:408,0
DA:409,0
DA:410,0
DA:411,0
DA:412,0
DA:413,0
DA:416,0
DA:419,0
DA:426,0
DA:427,0
DA:433,0
DA:441,0
DA:443,0
DA:449,0
DA:450,0
DA:459,0
DA:468,0
DA:469,0
DA:471,0
DA:473,0
DA:478,0
DA:479,0
DA:486,0
DA:493,0
DA:495,0
DA:502,0
DA:503,0
DA:516,0
DA:521,0
DA:522,0
DA:523,0
DA:524,0
DA:527,0
DA:528,0
DA:529,0
DA:532,0
DA:533,0
DA:564,0
DA:566,0
DA:567,0
DA:568,0
DA:569,0
DA:575,0
DA:576,0
DA:579,0
DA:580,0
DA:583,0
DA:584,0
DA:587,0
DA:608,0
DA:618,0
DA:619,0
DA:628,0
DA:638,0
DA:639,0
DA:644,0
DA:663,0
DA:664,0
DA:676,0
DA:678,0
DA:680,0
DA:685,0
DA:686,0
DA:694,0
DA:695,0
DA:696,0
DA:698,0
DA:704,0
DA:706,0
DA:740,0
DA:743,0
DA:745,0
DA:762,0
DA:763,0
DA:772,0
DA:791,0
DA:792,0
DA:793,0
DA:795,0
DA:797,0
DA:802,0
DA:803,0
DA:810,0
DA:812,0
DA:813,0
DA:814,0
DA:815,0
DA:816,0
DA:817,0
DA:819,0
DA:820,0
DA:821,0
DA:824,0
DA:825,0
DA:826,0
DA:829,0
DA:836,0
DA:837,0
DA:843,0
DA:850,0
DA:852,0
DA:858,0
DA:859,0
DA:868,0
DA:877,0
DA:878,0
DA:880,0
DA:882,0
DA:887,0
DA:888,0
DA:895,0
DA:902,0
DA:904,0
DA:911,0
DA:912,0
DA:925,0
DA:930,0
DA:931,0
DA:932,0
DA:933,0
DA:934,0
DA:935,0
DA:938,0
DA:939,0
DA:940,0
DA:943,0
DA:945,0
DA:974,0
DA:976,0
DA:977,0
DA:979,0
DA:983,0
DA:988,0
DA:989,0
DA:990,0
DA:992,0
DA:1011,0
DA:1023,0
DA:1024,0
DA:1033,0
DA:1043,0
DA:1044,0
DA:1049,0
DA:1070,0
DA:1071,0
DA:1085,0
DA:1087,0
DA:1089,0
DA:1094,0
DA:1095,0
DA:1103,0
DA:1104,0
DA:1106,0
DA:1112,0
DA:1114,0
DA:1150,0
DA:1153,0
DA:1154,0
DA:1170,0
DA:1172,0
DA:1187,0
DA:1188,0
DA:1197,0
DA:1218,0
DA:1219,0
DA:1220,0
DA:1222,0
DA:1224,0
DA:1229,0
DA:1230,0
DA:1237,0
DA:1238,0
DA:1245,0
DA:1246,0
DA:1254,0
DA:1256,0
DA:1257,0
DA:1258,0
DA:1259,0
DA:1260,0
DA:1261,0
DA:1262,0
DA:1263,0
DA:1264,0
DA:1266,0
DA:1267,0
DA:1268,0
DA:1271,0
DA:1278,0
DA:1279,0
DA:1285,0
DA:1291,0
DA:1293,0
DA:1299,0
DA:1300,0
DA:1309,0
DA:1318,0
DA:1319,0
DA:1320,0
DA:1322,0
DA:1324,0
DA:1329,0
DA:1330,0
DA:1337,0
DA:1338,0
DA:1348,0
DA:1349,0
DA:1361,0
DA:1368,0
DA:1369,0
DA:1375,0
DA:1383,0
DA:1385,0
DA:1393,0
DA:1394,0
DA:1407,0
DA:1412,0
DA:1413,0
DA:1414,0
DA:1415,0
DA:1416,0
DA:1419,0
DA:1420,0
DA:1421,0
DA:1424,0
DA:1425,0
DA:1448,0
DA:1450,0
DA:1451,0
DA:1454,0
DA:1455,0
DA:1459,0
DA:1460,0
DA:1461,0
DA:1463,0
DA:1477,0
DA:1489,0
DA:1490,0
DA:1499,0
DA:1509,0
DA:1510,0
DA:1515,0
DA:1529,0
DA:1530,0
DA:1537,0
DA:1539,0
DA:1541,0
DA:1547,0
DA:1548,0
DA:1555,0
DA:1559,0
DA:1561,0
DA:1587,0
DA:1590,0
DA:1592,0
DA:1605,0
DA:1606,0
DA:1615,0
DA:1630,0
DA:1631,0
DA:1632,0
DA:1634,0
DA:1636,0
DA:1641,0
DA:1642,0
DA:1649,0
DA:1650,0
DA:1657,0
DA:1658,0
DA:1666,0
DA:1668,0
DA:1669,0
DA:1671,0
DA:1675,0
DA:1676,0
DA:1677,0
DA:1679,0
DA:1686,0
DA:1687,0
DA:1694,0
DA:1696,0
DA:1702,0
DA:1703,0
DA:1712,0
DA:1721,0
DA:1722,0
DA:1723,0
DA:1725,0
DA:1727,0
DA:1732,0
DA:1733,0
DA:1740,0
DA:1741,0
DA:1748,0
DA:1749,0
DA:1761,0
DA:1768,0
DA:1769,0
DA:1777,0
DA:1779,0
DA:1787,0
DA:1788,0
DA:1801,0
DA:1814,0
DA:1815,0
DA:1816,0
DA:1818,0
DA:1820,0
DA:1822,0
DA:1827,0
DA:1828,0
DA:1835,0
DA:1840,0
DA:1841,0
DA:1848,0
DA:1853,0
DA:1855,0
DA:1862,0
DA:1872,0
DA:1874,0
DA:1883,0
DA:1884,0
DA:1893,0
DA:1905,0
DA:1906,0
DA:1907,0
DA:1909,0
DA:1911,0
DA:1921,0
DA:1922,0
DA:1929,0
DA:1936,0
DA:1938,0
DA:1946,0
DA:1947,0
DA:1960,0
DA:1970,0
DA:1971,0
DA:1972,0
DA:1974,0
DA:1976,0
DA:1981,0
DA:1982,0
DA:1988,0
DA:2004,0
DA:2005,0
DA:2006,0
DA:2009,0
DA:2019,0
DA:2028,0
DA:2029,0
DA:2038,0
DA:2052,0
DA:2053,0
DA:2054,0
DA:2060,0
DA:2062,0
DA:2064,0
DA:2069,0
DA:2070,0
DA:2076,0
DA:2078,0
DA:2101,0
DA:2104,0
DA:2106,0
DA:2119,0
DA:2120,0
DA:2133,0
DA:2140,0
DA:2141,0
DA:2160,0
DA:2161,0
DA:2177,0
DA:2178,0
DA:2187,0
DA:2201,0
DA:2202,0
DA:2204,0
DA:2206,0
DA:2208,0
DA:2213,0
DA:2214,0
DA:2221,0
DA:2222,0
DA:2227,0
DA:2228,0
DA:2236,0
DA:2237,0
DA:2242,0
DA:2273,0
DA:2276,0
DA:2277,0
DA:2284,0
DA:2286,0
DA:2305,0
DA:2306,0
DA:2315,0
DA:2328,0
DA:2329,0
DA:2330,0
DA:2332,0
DA:2334,0
DA:2336,0
DA:2341,0
DA:2342,0
DA:2349,0
DA:2350,0
DA:2355,0
DA:2356,0
DA:2364,0
DA:2366,0
DA:2397,0
DA:2400,0
DA:2401,0
DA:2408,0
DA:2410,0
DA:2430,0
DA:2431,0
DA:2444,0
DA:2460,0
DA:2461,0
DA:2462,0
DA:2463,0
DA:2465,0
DA:2466,0
DA:2467,0
DA:2469,0
DA:2470,0
DA:2471,0
DA:2474,0
DA:2475,0
DA:2476,0
DA:2479,0
DA:2480,0
DA:2481,0
DA:2485,0
DA:2510,0
DA:2518,0
DA:2534,0
DA:2535,0
DA:2537,0
DA:2547,0
DA:2548,0
DA:2557,0
DA:2573,0
DA:2574,0
DA:2576,0
DA:2578,0
DA:2580,0
DA:2581,0
DA:2586,0
DA:2587,0
DA:2595,0
DA:2597,0
DA:2624,0
DA:2627,0
DA:2630,0
DA:2638,0
DA:2640,0
DA:2658,0
DA:2659,0
DA:2668,0
DA:2678,0
DA:2680,0
DA:2681,0
DA:2692,0
DA:2693,0
DA:2699,0
DA:2716,0
DA:2717,0
DA:2726,0
DA:2738,0
DA:2739,0
DA:2740,0
DA:2742,0
DA:2744,0
DA:2749,0
DA:2750,0
DA:2756,0
DA:2758,0
DA:2764,0
DA:2772,0
DA:2774,0
DA:2782,0
DA:2783,0
DA:2796,0
DA:2812,0
DA:2813,0
DA:2814,0
DA:2815,0
DA:2817,0
DA:2818,0
DA:2847,0
DA:2855,0
DA:2871,0
DA:2872,0
DA:2874,0
DA:2884,0
DA:2885,0
DA:2894,0
DA:2908,0
DA:2909,0
DA:2911,0
DA:2913,0
DA:2915,0
DA:2916,0
DA:2921,0
DA:2922,0
DA:2930,0
DA:2931,0
DA:2936,0
DA:2937,0
DA:2944,0
DA:2947,0
DA:2970,0
DA:2973,0
DA:2974,0
DA:2975,0
DA:2976,0
DA:2996,0
DA:2998,0
DA:3015,0
DA:3016,0
DA:3025,0
DA:3040,0
DA:3041,0
DA:3042,0
DA:3043,0
DA:3044,0
DA:3046,0
DA:3048,0
DA:3053,0
DA:3054,0
DA:3060,0
DA:3082,0
DA:3088,0
DA:3098,0
DA:3099,0
DA:3101,0
DA:3116,0
DA:3117,0
DA:3126,0
DA:3139,0
DA:3140,0
DA:3141,0
DA:3143,0
DA:3145,0
DA:3147,0
DA:3152,0
DA:3153,0
DA:3159,0
DA:3160,0
DA:3166,0
DA:3169,0
DA:3188,0
DA:3191,0
DA:3198,0
DA:3200,0
DA:3214,0
DA:3215,0
DA:3228,0
DA:3235,0
DA:3237,0
DA:3249,0
DA:3258,0
DA:3279,0
DA:3301,0
DA:3317,0
DA:3325,0
DA:3338,0
DA:3339,0
DA:3348,0
DA:3363,0
DA:3364,0
DA:3365,0
DA:3366,0
DA:3368,0
DA:3369,0
DA:3394,0
DA:3401,0
DA:3417,0
DA:3418,0
DA:3420,0
DA:3430,0
DA:3431,0
DA:3440,0
DA:3454,0
DA:3455,0
DA:3457,0
DA:3459,0
DA:3460,0
DA:3463,0
DA:3468,0
DA:3470,0
DA:3480,0
DA:3482,0
DA:3499,0
DA:3509,0
DA:3511,0
DA:3528,0
DA:3529,0
DA:3538,0
DA:3554,0
DA:3555,0
DA:3556,0
DA:3557,0
DA:3559,0
DA:3563,0
DA:3593,0
DA:3594,0
DA:3595,0
DA:3597,0
DA:3605,0
DA:3616,0
DA:3617,0
DA:3630,0
DA:3643,0
DA:3644,0
DA:3646,0
DA:3647,0
DA:3650,0
DA:3651,0
DA:3652,0
DA:3653,0
DA:3654,0
DA:3655,0
DA:3659,0
DA:3701,0
DA:3702,0
DA:3703,0
DA:3705,0
DA:3706,0
DA:3708,0
DA:3709,0
DA:3711,0
DA:3712,0
DA:3714,0
DA:3715,0
DA:3717,0
DA:3720,0
DA:3723,0
DA:3724,0
DA:3733,0
DA:3748,0
DA:3749,0
DA:3751,0
DA:3753,0
DA:3755,0
DA:3756,0
DA:3758,0
DA:3766,0
DA:3767,0
DA:3768,0
DA:3769,0
DA:3772,0
DA:3778,0
DA:3779,0
DA:3782,0
DA:3807,0
DA:3809,0
DA:3824,0
DA:3827,0
DA:3829,0
DA:3835,0
DA:3844,0
DA:3859,0
DA:3861,0
DA:3862,0
DA:3863,0
DA:3866,0
DA:3868,0
DA:3874,0
DA:3875,0
DA:3878,0
DA:3886,0
DA:3887,0
DA:3890,0
DA:3897,0
DA:3898,0
DA:3901,0
DA:3911,0
DA:3912,0
DA:3916,0
DA:3923,0
DA:3931,0
DA:3934,0
DA:3946,0
DA:3947,0
DA:3950,0
DA:3953,0
DA:3954,0
DA:3963,0
DA:3976,0
DA:3977,0
DA:3979,0
DA:3980,0
DA:3981,0
DA:3983,0
DA:3984,0
DA:3985,0
DA:3987,0
DA:3990,0
DA:3991,0
DA:3996,0
DA:3999,0
DA:4001,0
DA:4002,0
DA:4009,0
DA:4015,0
DA:4018,0
DA:4023,0
DA:4026,0
DA:4028,0
DA:4034,0
DA:4043,0
DA:4050,0
DA:4054,0
DA:4056,0
DA:4064,0
DA:4067,0
DA:4069,0
DA:4082,0
DA:4083,0
DA:4095,0
DA:4096,0
DA:4100,0
DA:4101,0
DA:4115,0
DA:4116,0
DA:4122,0
DA:4125,0
DA:4143,0
DA:4157,0
DA:4175,0
DA:4178,0
DA:4179,0
DA:4188,0
DA:4189,0
DA:4213,0
DA:4214,0
DA:4220,0
DA:4223,0
DA:4249,0
DA:4265,0
DA:4288,0
DA:4291,0
DA:4292,0
DA:4301,0
DA:4302,0
DA:4351,0
DA:4352,0
DA:4358,0
DA:4360,0
DA:4387,0
DA:4390,0
DA:4391,0
DA:4400,0
LF:847
LH:0
BRDA:29,0,0,0
BRDA:29,0,1,0
BRDA:33,1,0,0
BRDA:33,1,1,0
BRDA:48,2,0,0
BRDA:48,2,1,0
BRDA:88,3,0,0
BRDA:88,3,1,0
BRDA:89,4,0,0
BRDA:89,4,1,0
BRDA:90,5,0,0
BRDA:90,5,1,0
BRDA:91,6,0,0
BRDA:91,6,1,0
BRDA:119,7,0,0
BRDA:119,7,1,0
BRDA:122,8,0,0
BRDA:122,8,1,0
BRDA:127,9,0,0
BRDA:127,9,1,0
BRDA:127,10,0,0
BRDA:127,10,1,0
BRDA:131,11,0,0
BRDA:131,11,1,0
BRDA:131,12,0,0
BRDA:131,12,1,0
BRDA:135,13,0,0
BRDA:135,13,1,0
BRDA:135,14,0,0
BRDA:135,14,1,0
BRDA:145,15,0,0
BRDA:145,15,1,0
BRDA:146,16,0,0
BRDA:146,16,1,0
BRDA:147,17,0,0
BRDA:147,17,1,0
BRDA:148,18,0,0
BRDA:148,18,1,0
BRDA:149,19,0,0
BRDA:149,19,1,0
BRDA:150,20,0,0
BRDA:150,20,1,0
BRDA:151,21,0,0
BRDA:151,21,1,0
BRDA:152,22,0,0
BRDA:152,22,1,0
BRDA:153,23,0,0
BRDA:153,23,1,0
BRDA:156,24,0,0
BRDA:156,24,1,0
BRDA:209,25,0,0
BRDA:209,25,1,0
BRDA:230,26,0,0
BRDA:230,26,1,0
BRDA:231,27,0,0
BRDA:231,27,1,0
BRDA:232,28,0,0
BRDA:232,28,1,0
BRDA:241,29,0,0
BRDA:241,29,1,0
BRDA:242,30,0,0
BRDA:242,30,1,0
BRDA:243,31,0,0
BRDA:243,31,1,0
BRDA:244,32,0,0
BRDA:244,32,1,0
BRDA:245,33,0,0
BRDA:245,33,1,0
BRDA:246,34,0,0
BRDA:246,34,1,0
BRDA:251,35,0,0
BRDA:251,35,1,0
BRDA:289,36,0,0
BRDA:291,37,0,0
BRDA:292,38,0,0
BRDA:298,39,0,0
BRDA:298,39,1,0
BRDA:304,40,0,0
BRDA:304,40,1,0
BRDA:304,41,0,0
BRDA:304,41,1,0
BRDA:334,42,0,0
BRDA:334,42,1,0
BRDA:397,43,0,0
BRDA:397,43,1,0
BRDA:407,44,0,0
BRDA:407,44,1,0
BRDA:408,45,0,0
BRDA:408,45,1,0
BRDA:409,46,0,0
BRDA:409,46,1,0
BRDA:410,47,0,0
BRDA:410,47,1,0
BRDA:411,48,0,0
BRDA:411,48,1,0
BRDA:412,49,0,0
BRDA:412,49,1,0
BRDA:413,50,0,0
BRDA:413,50,1,0
BRDA:426,51,0,0
BRDA:426,51,1,0
BRDA:435,52,0,0
BRDA:435,52,1,0
BRDA:478,53,0,0
BRDA:478,53,1,0
BRDA:521,54,0,0
BRDA:521,54,1,0
BRDA:522,55,0,0
BRDA:522,55,1,0
BRDA:523,56,0,0
BRDA:523,56,1,0
BRDA:524,57,0,0
BRDA:524,57,1,0
BRDA:528,58,0,0
BRDA:528,58,1,0
BRDA:566,59,0,0
BRDA:566,59,1,0
BRDA:569,60,0,0
BRDA:569,60,1,0
BRDA:569,60,2,0
BRDA:575,61,0,0
BRDA:575,61,1,0
BRDA:575,62,0,0
BRDA:575,62,1,0
BRDA:579,63,0,0
BRDA:579,63,1,0
BRDA:579,64,0,0
BRDA:579,64,1,0
BRDA:583,65,0,0
BRDA:583,65,1,0
BRDA:583,66,0,0
BRDA:583,66,1,0
BRDA:590,67,0,0
BRDA:590,67,1,0
BRDA:593,68,0,0
BRDA:593,68,1,0
BRDA:594,69,0,0
BRDA:594,69,1,0
BRDA:595,70,0,0
BRDA:595,70,1,0
BRDA:596,71,0,0
BRDA:596,71,1,0
BRDA:597,72,0,0
BRDA:597,72,1,0
BRDA:598,73,0,0
BRDA:598,73,1,0
BRDA:599,74,0,0
BRDA:599,74,1,0
BRDA:600,75,0,0
BRDA:600,75,1,0
BRDA:601,76,0,0
BRDA:601,76,1,0
BRDA:602,77,0,0
BRDA:602,77,1,0
BRDA:605,78,0,0
BRDA:605,78,1,0
BRDA:668,79,0,0
BRDA:670,80,0,0
BRDA:671,81,0,0
BRDA:672,82,0,0
BRDA:673,83,0,0
BRDA:674,84,0,0
BRDA:675,85,0,0
BRDA:685,86,0,0
BRDA:685,86,1,0
BRDA:695,87,0,0
BRDA:695,87,1,0
BRDA:696,88,0,0
BRDA:696,88,1,0
BRDA:730,89,0,0
BRDA:730,89,1,0
BRDA:733,90,0,0
BRDA:733,90,1,0
BRDA:802,91,0,0
BRDA:802,91,1,0
BRDA:812,92,0,0
BRDA:812,92,1,0
BRDA:813,93,0,0
BRDA:813,93,1,0
BRDA:814,94,0,0
BRDA:814,94,1,0
BRDA:815,95,0,0
BRDA:815,95,1,0
BRDA:816,96,0,0
BRDA:816,96,1,0
BRDA:817,97,0,0
BRDA:817,97,1,0
BRDA:817,98,0,0
BRDA:817,98,1,0
BRDA:819,99,0,0
BRDA:819,99,1,0
BRDA:820,100,0,0
BRDA:820,100,1,0
BRDA:824,101,0,0
BRDA:824,101,1,0
BRDA:825,102,0,0
BRDA:825,102,1,0
BRDA:836,103,0,0
BRDA:836,103,1,0
BRDA:845,104,0,0
BRDA:845,104,1,0
BRDA:846,105,0,0
BRDA:846,105,1,0
BRDA:887,106,0,0
BRDA:887,106,1,0
BRDA:930,107,0,0
BRDA:930,107,1,0
BRDA:931,108,0,0
BRDA:931,108,1,0
BRDA:932,109,0,0
BRDA:932,109,1,0
BRDA:933,110,0,0
BRDA:933,110,1,0
BRDA:934,111,0,0
BRDA:934,111,1,0
BRDA:939,112,0,0
BRDA:939,112,1,0
BRDA:976,113,0,0
BRDA:976,113,1,0
BRDA:976,114,0,0
BRDA:976,114,1,0
BRDA:979,115,0,0
BRDA:979,115,1,0
BRDA:983,116,0,0
BRDA:983,116,1,0
BRDA:995,117,0,0
BRDA:995,117,1,0
BRDA:996,118,0,0
BRDA:996,118,1,0
BRDA:997,119,0,0
BRDA:997,119,1,0
BRDA:998,120,0,0
BRDA:998,120,1,0
BRDA:999,121,0,0
BRDA:999,121,1,0
BRDA:1000,122,0,0
BRDA:1000,122,1,0
BRDA:1001,123,0,0
BRDA:1001,123,1,0
BRDA:1002,124,0,0
BRDA:1002,124,1,0
BRDA:1003,125,0,0
BRDA:1003,125,1,0
BRDA:1004,126,0,0
BRDA:1004,126,1,0
BRDA:1005,127,0,0
BRDA:1005,127,1,0
BRDA:1008,128,0,0
BRDA:1008,128,1,0
BRDA:1076,129,0,0
BRDA:1078,130,0,0
BRDA:1079,131,0,0
BRDA:1080,132,0,0
BRDA:1081,133,0,0
BRDA:1082,134,0,0
BRDA:1083,135,0,0
BRDA:1084,136,0,0
BRDA:1094,137,0,0
BRDA:1094,137,1,0
BRDA:1104,138,0,0
BRDA:1104,138,1,0
BRDA:1143,139,0,0
BRDA:1143,139,1,0
BRDA:1153,140,0,0
BRDA:1153,140,1,0
BRDA:1229,141,0,0
BRDA:1229,141,1,0
BRDA:1237,142,0,0
BRDA:1237,142,1,0
BRDA:1237,143,0,0
BRDA:1237,143,1,0
BRDA:1245,144,0,0
BRDA:1245,144,1,0
BRDA:1256,145,0,0
BRDA:1256,145,1,0
BRDA:1257,146,0,0
BRDA:1257,146,1,0
BRDA:1258,147,0,0
BRDA:1258,147,1,0
BRDA:1259,148,0,0
BRDA:1259,148,1,0
BRDA:1260,149,0,0
BRDA:1260,149,1,0
BRDA:1261,150,0,0
BRDA:1261,150,1,0
BRDA:1262,151,0,0
BRDA:1262,151,1,0
BRDA:1263,152,0,0
BRDA:1263,152,1,0
BRDA:1264,153,0,0
BRDA:1264,153,1,0
BRDA:1266,154,0,0
BRDA:1266,154,1,0
BRDA:1267,155,0,0
BRDA:1267,155,1,0
BRDA:1278,156,0,0
BRDA:1278,156,1,0
BRDA:1287,157,0,0
BRDA:1287,157,1,0
BRDA:1329,158,0,0
BRDA:1329,158,1,0
BRDA:1337,159,0,0
BRDA:1337,159,1,0
BRDA:1348,160,0,0
BRDA:1348,160,1,0
BRDA:1368,161,0,0
BRDA:1368,161,1,0
BRDA:1412,162,0,0
BRDA:1412,162,1,0
BRDA:1413,163,0,0
BRDA:1413,163,1,0
BRDA:1414,164,0,0
BRDA:1414,164,1,0
BRDA:1415,165,0,0
BRDA:1415,165,1,0
BRDA:1420,166,0,0
BRDA:1420,166,1,0
BRDA:1450,167,0,0
BRDA:1450,167,1,0
BRDA:1450,168,0,0
BRDA:1450,168,1,0
BRDA:1454,169,0,0
BRDA:1454,169,1,0
BRDA:1454,170,0,0
BRDA:1454,170,1,0
BRDA:1466,171,0,0
BRDA:1466,171,1,0
BRDA:1467,172,0,0
BRDA:1467,172,1,0
BRDA:1468,173,0,0
BRDA:1468,173,1,0
BRDA:1469,174,0,0
BRDA:1469,174,1,0
BRDA:1470,175,0,0
BRDA:1470,175,1,0
BRDA:1471,176,0,0
BRDA:1471,176,1,0
BRDA:1474,177,0,0
BRDA:1474,177,1,0
BRDA:1534,178,0,0
BRDA:1536,179,0,0
BRDA:1547,180,0,0
BRDA:1547,180,1,0
BRDA:1580,181,0,0
BRDA:1580,181,1,0
BRDA:1641,182,0,0
BRDA:1641,182,1,0
BRDA:1649,183,0,0
BRDA:1649,183,1,0
BRDA:1649,184,0,0
BRDA:1649,184,1,0
BRDA:1657,185,0,0
BRDA:1657,185,1,0
BRDA:1668,186,0,0
BRDA:1668,186,1,0
BRDA:1675,187,0,0
BRDA:1675,187,1,0
BRDA:1676,188,0,0
BRDA:1676,188,1,0
BRDA:1677,189,0,0
BRDA:1677,189,1,0
BRDA:1686,190,0,0
BRDA:1686,190,1,0
BRDA:1732,191,0,0
BRDA:1732,191,1,0
BRDA:1740,192,0,0
BRDA:1740,192,1,0
BRDA:1748,193,0,0
BRDA:1748,193,1,0
BRDA:1768,194,0,0
BRDA:1768,194,1,0
BRDA:1818,195,0,0
BRDA:1827,196,0,0
BRDA:1827,196,1,0
BRDA:1840,197,0,0
BRDA:1840,197,1,0
BRDA:1853,198,0,0
BRDA:1853,198,1,0
BRDA:1876,199,0,0
BRDA:1876,199,1,0
BRDA:1921,200,0,0
BRDA:1921,200,1,0
BRDA:1971,201,0,0
BRDA:1971,201,1,0
BRDA:1972,202,0,0
BRDA:1972,202,1,0
BRDA:1981,203,0,0
BRDA:1981,203,1,0
BRDA:2005,204,0,0
BRDA:2005,204,1,0
BRDA:2005,205,0,0
BRDA:2005,205,1,0
BRDA:2012,206,0,0
BRDA:2012,206,1,0
BRDA:2013,207,0,0
BRDA:2013,207,1,0
BRDA:2016,208,0,0
BRDA:2016,208,1,0
BRDA:2058,209,0,0
BRDA:2059,210,0,0
BRDA:2069,211,0,0
BRDA:2069,211,1,0
BRDA:2094,212,0,0
BRDA:2094,212,1,0
BRDA:2168,213,0,0
BRDA:2168,213,1,0
BRDA:2169,214,0,0
BRDA:2169,214,1,0
BRDA:2213,215,0,0
BRDA:2213,215,1,0
BRDA:2221,216,0,0
BRDA:2221,216,1,0
BRDA:2227,217,0,0
BRDA:2227,217,1,0
BRDA:2239,218,0,0
BRDA:2239,218,1,0
BRDA:2261,219,0,0
BRDA:2261,219,1,0
BRDA:2262,220,0,0
BRDA:2262,220,1,0
BRDA:2263,221,0,0
BRDA:2263,221,1,0
BRDA:2266,222,0,0
BRDA:2266,222,1,0
BRDA:2276,223,0,0
BRDA:2276,223,1,0
BRDA:2299,224,0,0
BRDA:2299,224,1,0
BRDA:2341,225,0,0
BRDA:2341,225,1,0
BRDA:2349,226,0,0
BRDA:2349,226,1,0
BRDA:2355,227,0,0
BRDA:2355,227,1,0
BRDA:2390,228,0,0
BRDA:2390,228,1,0
BRDA:2400,229,0,0
BRDA:2400,229,1,0
BRDA:2423,230,0,0
BRDA:2423,230,1,0
BRDA:2460,231,0,0
BRDA:2460,231,1,0
BRDA:2461,232,0,0
BRDA:2461,232,1,0
BRDA:2469,233,0,0
BRDA:2469,233,1,0
BRDA:2474,234,0,0
BRDA:2474,234,1,0
BRDA:2479,235,0,0
BRDA:2479,235,1,0
BRDA:2503,236,0,0
BRDA:2503,236,1,0
BRDA:2504,237,0,0
BRDA:2504,237,1,0
BRDA:2505,238,0,0
BRDA:2505,238,1,0
BRDA:2513,239,0,0
BRDA:2513,239,1,0
BRDA:2514,240,0,0
BRDA:2514,240,1,0
BRDA:2515,241,0,0
BRDA:2515,241,1,0
BRDA:2523,242,0,0
BRDA:2523,242,1,0
BRDA:2524,243,0,0
BRDA:2524,243,1,0
BRDA:2580,244,0,0
BRDA:2580,244,1,0
BRDA:2586,245,0,0
BRDA:2586,245,1,0
BRDA:2612,246,0,0
BRDA:2612,246,1,0
BRDA:2616,247,0,0
BRDA:2616,247,1,0
BRDA:2617,248,0,0
BRDA:2617,248,1,0
BRDA:2627,249,0,0
BRDA:2627,249,1,0
BRDA:2649,250,0,0
BRDA:2649,250,1,0
BRDA:2650,251,0,0
BRDA:2650,251,1,0
BRDA:2692,252,0,0
BRDA:2692,252,1,0
BRDA:2704,253,0,0
BRDA:2704,253,1,0
BRDA:2705,254,0,0
BRDA:2705,254,1,0
BRDA:2749,255,0,0
BRDA:2749,255,1,0
BRDA:2756,256,0,0
BRDA:2756,256,1,0
BRDA:2776,257,0,0
BRDA:2776,257,1,0
BRDA:2812,258,0,0
BRDA:2812,258,1,0
BRDA:2813,259,0,0
BRDA:2813,259,1,0
BRDA:2839,260,0,0
BRDA:2839,260,1,0
BRDA:2840,261,0,0
BRDA:2840,261,1,0
BRDA:2841,262,0,0
BRDA:2841,262,1,0
BRDA:2850,263,0,0
BRDA:2850,263,1,0
BRDA:2851,264,0,0
BRDA:2851,264,1,0
BRDA:2852,265,0,0
BRDA:2852,265,1,0
BRDA:2865,266,0,0
BRDA:2865,266,1,0
BRDA:2915,267,0,0
BRDA:2915,267,1,0
BRDA:2921,268,0,0
BRDA:2921,268,1,0
BRDA:2930,269,0,0
BRDA:2930,269,1,0
BRDA:2936,270,0,0
BRDA:2936,270,1,0
BRDA:2961,271,0,0
BRDA:2961,271,1,0
BRDA:2962,272,0,0
BRDA:2962,272,1,0
BRDA:2963,273,0,0
BRDA:2963,273,1,0
BRDA:2974,274,0,0
BRDA:2974,274,1,0
BRDA:2989,275,0,0
BRDA:2989,275,1,0
BRDA:3009,276,0,0
BRDA:3009,276,1,0
BRDA:3041,277,0,0
BRDA:3041,277,1,0
BRDA:3042,278,0,0
BRDA:3042,278,1,0
BRDA:3053,279,0,0
BRDA:3053,279,1,0
BRDA:3077,280,0,0
BRDA:3077,280,1,0
BRDA:3085,281,0,0
BRDA:3085,281,1,0
BRDA:3112,282,0,0
BRDA:3112,282,1,0
BRDA:3143,283,0,0
BRDA:3152,284,0,0
BRDA:3152,284,1,0
BRDA:3159,285,0,0
BRDA:3159,285,1,0
BRDA:3182,286,0,0
BRDA:3182,286,1,0
BRDA:3303,287,0,0
BRDA:3303,287,1,0
BRDA:3304,288,0,0
BRDA:3304,288,1,0
BRDA:3305,289,0,0
BRDA:3305,289,1,0
BRDA:3306,290,0,0
BRDA:3306,290,1,0
BRDA:3307,291,0,0
BRDA:3307,291,1,0
BRDA:3308,292,0,0
BRDA:3308,292,1,0
BRDA:3309,293,0,0
BRDA:3309,293,1,0
BRDA:3312,294,0,0
BRDA:3312,294,1,0
BRDA:3313,295,0,0
BRDA:3313,295,1,0
BRDA:3314,296,0,0
BRDA:3314,296,1,0
BRDA:3315,297,0,0
BRDA:3315,297,1,0
BRDA:3321,298,0,0
BRDA:3321,298,1,0
BRDA:3322,299,0,0
BRDA:3322,299,1,0
BRDA:3323,300,0,0
BRDA:3323,300,1,0
BRDA:3329,301,0,0
BRDA:3329,301,1,0
BRDA:3330,302,0,0
BRDA:3330,302,1,0
BRDA:3331,303,0,0
BRDA:3331,303,1,0
BRDA:3332,304,0,0
BRDA:3332,304,1,0
BRDA:3363,305,0,0
BRDA:3363,305,1,0
BRDA:3364,306,0,0
BRDA:3364,306,1,0
BRDA:3387,307,0,0
BRDA:3387,307,1,0
BRDA:3388,308,0,0
BRDA:3388,308,1,0
BRDA:3397,309,0,0
BRDA:3397,309,1,0
BRDA:3398,310,0,0
BRDA:3398,310,1,0
BRDA:3411,311,0,0
BRDA:3411,311,1,0
BRDA:3412,312,0,0
BRDA:3412,312,1,0
BRDA:3413,313,0,0
BRDA:3413,313,1,0
BRDA:3468,314,0,0
BRDA:3468,314,1,0
BRDA:3473,315,0,0
BRDA:3473,315,1,0
BRDA:3474,316,0,0
BRDA:3474,316,1,0
BRDA:3503,317,0,0
BRDA:3503,317,1,0
BRDA:3504,318,0,0
BRDA:3504,318,1,0
BRDA:3554,319,0,0
BRDA:3554,319,1,0
BRDA:3555,320,0,0
BRDA:3555,320,1,0
BRDA:3588,321,0,0
BRDA:3588,321,1,0
BRDA:3594,322,0,0
BRDA:3594,322,1,0
BRDA:3595,323,0,0
BRDA:3595,323,1,0
BRDA:3611,324,0,0
BRDA:3611,324,1,0
BRDA:3643,325,0,0
BRDA:3643,325,1,0
BRDA:3650,326,0,0
BRDA:3650,326,1,0
BRDA:3650,326,2,0
BRDA:3650,326,3,0
BRDA:3650,326,4,0
BRDA:3701,327,0,0
BRDA:3701,327,1,0
BRDA:3703,328,0,0
BRDA:3703,328,1,0
BRDA:3703,328,2,0
BRDA:3703,328,3,0
BRDA:3751,329,0,0
BRDA:3768,330,0,0
BRDA:3768,330,1,0
BRDA:3779,331,0,0
BRDA:3779,331,1,0
BRDA:3800,332,0,0
BRDA:3800,332,1,0
BRDA:3827,333,0,0
BRDA:3827,333,1,0
BRDA:3827,334,0,0
BRDA:3827,334,1,0
BRDA:3827,334,2,0
BRDA:3859,335,0,0
BRDA:3863,336,0,0
BRDA:3863,336,1,0
BRDA:3863,337,0,0
BRDA:3863,337,1,0
BRDA:3866,338,0,0
BRDA:3866,338,1,0
BRDA:3866,338,2,0
BRDA:3866,338,3,0
BRDA:3866,338,4,0
BRDA:3939,339,0,0
BRDA:3939,339,1,0
BRDA:3939,340,0,0
BRDA:3939,340,1,0
BRDA:3940,341,0,0
BRDA:3940,341,1,0
BRDA:3940,341,2,0
BRDA:3946,342,0,0
BRDA:3946,342,1,0
BRDA:3946,343,0,0
BRDA:3946,343,1,0
BRDA:3979,344,0,0
BRDA:3979,345,0,0
BRDA:3987,346,0,0
BRDA:3987,346,1,0
BRDA:3987,346,2,0
BRDA:3987,346,3,0
BRDA:3987,346,4,0
BRDA:3999,347,0,0
BRDA:3999,347,1,0
BRDA:4019,348,0,0
BRDA:4019,348,1,0
BRDA:4020,349,0,0
BRDA:4020,349,1,0
BRDA:4026,350,0,0
BRDA:4026,350,1,0
BRDA:4026,351,0,0
BRDA:4026,351,1,0
BRDA:4045,352,0,0
BRDA:4045,352,1,0
BRDA:4054,353,0,0
BRDA:4054,353,1,0
BRDA:4060,354,0,0
BRDA:4060,354,1,0
BRDA:4071,355,0,0
BRDA:4071,355,1,0
BRDA:4076,356,0,0
BRDA:4076,356,1,0
BRDA:4115,357,0,0
BRDA:4115,357,1,0
BRDA:4160,358,0,0
BRDA:4160,358,1,0
BRDA:4161,359,0,0
BRDA:4161,359,1,0
BRDA:4162,360,0,0
BRDA:4162,360,1,0
BRDA:4163,361,0,0
BRDA:4163,361,1,0
BRDA:4164,362,0,0
BRDA:4164,362,1,0
BRDA:4165,363,0,0
BRDA:4165,363,1,0
BRDA:4166,364,0,0
BRDA:4166,364,1,0
BRDA:4167,365,0,0
BRDA:4167,365,1,0
BRDA:4172,366,0,0
BRDA:4172,366,1,0
BRDA:4213,367,0,0
BRDA:4213,367,1,0
BRDA:4268,368,0,0
BRDA:4268,368,1,0
BRDA:4269,369,0,0
BRDA:4269,369,1,0
BRDA:4270,370,0,0
BRDA:4270,370,1,0
BRDA:4271,371,0,0
BRDA:4271,371,1,0
BRDA:4272,372,0,0
BRDA:4272,372,1,0
BRDA:4273,373,0,0
BRDA:4273,373,1,0
BRDA:4274,374,0,0
BRDA:4274,374,1,0
BRDA:4275,375,0,0
BRDA:4275,375,1,0
BRDA:4276,376,0,0
BRDA:4276,376,1,0
BRDA:4277,377,0,0
BRDA:4277,377,1,0
BRDA:4278,378,0,0
BRDA:4278,378,1,0
BRDA:4279,379,0,0
BRDA:4279,379,1,0
BRDA:4280,380,0,0
BRDA:4280,380,1,0
BRDA:4285,381,0,0
BRDA:4285,381,1,0
BRDA:4351,382,0,0
BRDA:4351,382,1,0
BRDA:4363,383,0,0
BRDA:4363,383,1,0
BRDA:4366,384,0,0
BRDA:4366,384,1,0
BRDA:4367,385,0,0
BRDA:4367,385,1,0
BRDA:4368,386,0,0
BRDA:4368,386,1,0
BRDA:4369,387,0,0
BRDA:4369,387,1,0
BRDA:4370,388,0,0
BRDA:4370,388,1,0
BRDA:4371,389,0,0
BRDA:4371,389,1,0
BRDA:4372,390,0,0
BRDA:4372,390,1,0
BRDA:4373,391,0,0
BRDA:4373,391,1,0
BRDA:4374,392,0,0
BRDA:4374,392,1,0
BRDA:4375,393,0,0
BRDA:4375,393,1,0
BRDA:4376,394,0,0
BRDA:4376,394,1,0
BRDA:4377,395,0,0
BRDA:4377,395,1,0
BRDA:4378,396,0,0
BRDA:4378,396,1,0
BRDA:4379,397,0,0
BRDA:4379,397,1,0
BRDA:4380,398,0,0
BRDA:4380,398,1,0
BRDA:4381,399,0,0
BRDA:4381,399,1,0
BRDA:4384,400,0,0
BRDA:4384,400,1,0
BRF:788
BRH:0
end_of_record
TN:
SF:src\lib\api-lite\modules\admin.ts
FN:9,setupAdminRoutes
FN:15,(anonymous_1)
FNF:2
FNH:0
FNDA:0,setupAdminRoutes
FNDA:0,(anonymous_1)
DA:7,0
DA:9,0
DA:10,0
DA:13,0
DA:16,0
DA:27,0
LF:6
LH:0
BRF:0
BRH:0
end_of_record
TN:
SF:src\lib\api-lite\modules\agents.ts
FN:9,setupAgentsRoutes
FN:15,(anonymous_1)
FNF:2
FNH:0
FNDA:0,setupAgentsRoutes
FNDA:0,(anonymous_1)
DA:7,0
DA:9,0
DA:10,0
DA:13,0
DA:16,0
DA:27,0
LF:6
LH:0
BRF:0
BRH:0
end_of_record
TN:
SF:src\lib\api-lite\modules\auth.ts
FN:9,setupAuthRoutes
FN:15,(anonymous_1)
FNF:2
FNH:0
FNDA:0,setupAuthRoutes
FNDA:0,(anonymous_1)
DA:7,0
DA:9,0
DA:10,0
DA:13,0
DA:16,0
DA:27,0
LF:6
LH:0
BRF:0
BRH:0
end_of_record
TN:
SF:src\lib\api-lite\modules\clients.ts
FN:9,setupClientsRoutes
FN:15,(anonymous_1)
FNF:2
FNH:0
FNDA:0,setupClientsRoutes
FNDA:0,(anonymous_1)
DA:7,0
DA:9,0
DA:10,0
DA:13,0
DA:16,0
DA:27,0
LF:6
LH:0
BRF:0
BRH:0
end_of_record
TN:
SF:src\lib\api-lite\modules\data.ts
FN:9,setupDataRoutes
FN:15,(anonymous_1)
FNF:2
FNH:0
FNDA:0,setupDataRoutes
FNDA:0,(anonymous_1)
DA:7,0
DA:9,0
DA:10,0
DA:13,0
DA:16,0
DA:27,0
LF:6
LH:0
BRF:0
BRH:0
end_of_record
TN:
SF:src\lib\api-lite\modules\misc.ts
FN:9,setupMiscRoutes
FN:15,(anonymous_1)
FNF:2
FNH:0
FNDA:0,setupMiscRoutes
FNDA:0,(anonymous_1)
DA:7,0
DA:9,0
DA:10,0
DA:13,0
DA:16,0
DA:27,0
LF:6
LH:0
BRF:0
BRH:0
end_of_record
TN:
SF:src\lib\api-lite\modules\projects.ts
FN:9,setupProjectsRoutes
FN:15,(anonymous_1)
FNF:2
FNH:0
FNDA:0,setupProjectsRoutes
FNDA:0,(anonymous_1)
DA:7,0
DA:9,0
DA:10,0
DA:13,0
DA:16,0
DA:27,0
LF:6
LH:0
BRF:0
BRH:0
end_of_record
TN:
SF:src\lib\api-lite\modules\squads.ts
FN:9,setupSquadsRoutes
FN:15,(anonymous_1)
FNF:2
FNH:0
FNDA:0,setupSquadsRoutes
FNDA:0,(anonymous_1)
DA:7,0
DA:9,0
DA:10,0
DA:13,0
DA:16,0
DA:27,0
LF:6
LH:0
BRF:0
BRH:0
end_of_record
TN:
SF:src\lib\api-lite\modules\streaming.ts
FN:9,setupStreamingRoutes
FN:15,(anonymous_1)
FNF:2
FNH:0
FNDA:0,setupStreamingRoutes
FNDA:0,(anonymous_1)
DA:7,0
DA:9,0
DA:10,0
DA:13,0
DA:16,0
DA:27,0
LF:6
LH:0
BRF:0
BRH:0
end_of_record
TN:
SF:src\lib\api-lite\modules\system.ts
FN:9,setupSystemRoutes
FN:15,(anonymous_1)
FNF:2
FNH:0
FNDA:0,setupSystemRoutes
FNDA:0,(anonymous_1)
DA:7,0
DA:9,0
DA:10,0
DA:13,0
DA:16,0
DA:27,0
LF:6
LH:0
BRF:0
BRH:0
end_of_record
TN:
SF:src\lib\api-lite\modules\webhooks.ts
FN:9,setupWebhooksRoutes
FN:15,(anonymous_1)
FNF:2
FNH:0
FNDA:0,setupWebhooksRoutes
FNDA:0,(anonymous_1)
DA:7,0
DA:9,0
DA:10,0
DA:13,0
DA:16,0
DA:27,0
LF:6
LH:0
BRF:0
BRH:0
end_of_record
TN:
SF:src\lib\api-router\admin-routes.ts
FN:22,(anonymous_0)
FN:24,(anonymous_1)
FN:45,(anonymous_2)
FN:47,(anonymous_3)
FN:61,(anonymous_4)
FN:63,(anonymous_5)
FN:94,(anonymous_6)
FN:96,(anonymous_7)
FN:113,(anonymous_8)
FN:115,(anonymous_9)
FN:131,(anonymous_10)
FN:133,(anonymous_11)
FN:159,(anonymous_12)
FN:161,(anonymous_13)
FN:177,(anonymous_14)
FN:179,(anonymous_15)
FN:194,(anonymous_16)
FN:196,(anonymous_17)
FN:221,(anonymous_18)
FN:223,(anonymous_19)
FN:234,(anonymous_20)
FN:237,(anonymous_21)
FN:301,adminProjectsQueryGET
FN:302,(anonymous_23)
FN:342,(anonymous_24)
FN:359,(anonymous_25)
FN:388,adminProjectsDynamicGET
FN:389,(anonymous_27)
FN:400,adminProjectsHybridGET
FN:408,(anonymous_29)
FN:417,adminProjectsQueryPOST
FN:418,(anonymous_31)
FN:463,adminProjectsQueryPUT
FN:464,(anonymous_33)
FN:479,adminProjectsDynamicPUT
FN:480,(anonymous_35)
FN:494,adminProjectsHybridPUT
FN:508,(anonymous_37)
FN:514,adminProjectsQueryDELETE
FN:515,(anonymous_39)
FN:530,adminProjectsDynamicDELETE
FN:531,(anonymous_41)
FN:545,adminProjectsHybridDELETE
FN:559,(anonymous_43)
FN:569,getSingleProjectQuery
FN:726,(anonymous_45)
FN:731,(anonymous_46)
FN:751,updateProjectQuery
FN:824,deleteProjectQuery
FN:913,getSingleClientQuery
FN:984,getClientsList
FN:1019,(anonymous_51)
FN:1026,(anonymous_52)
FN:1030,(anonymous_53)
FN:1035,(anonymous_54)
FN:1040,(anonymous_55)
FN:1069,updateClient
FN:1139,deleteClient
FN:1180,createClient
FNF:59
FNH:0
FNDA:0,(anonymous_0)
FNDA:0,(anonymous_1)
FNDA:0,(anonymous_2)
FNDA:0,(anonymous_3)
FNDA:0,(anonymous_4)
FNDA:0,(anonymous_5)
FNDA:0,(anonymous_6)
FNDA:0,(anonymous_7)
FNDA:0,(anonymous_8)
FNDA:0,(anonymous_9)
FNDA:0,(anonymous_10)
FNDA:0,(anonymous_11)
FNDA:0,(anonymous_12)
FNDA:0,(anonymous_13)
FNDA:0,(anonymous_14)
FNDA:0,(anonymous_15)
FNDA:0,(anonymous_16)
FNDA:0,(anonymous_17)
FNDA:0,(anonymous_18)
FNDA:0,(anonymous_19)
FNDA:0,(anonymous_20)
FNDA:0,(anonymous_21)
FNDA:0,adminProjectsQueryGET
FNDA:0,(anonymous_23)
FNDA:0,(anonymous_24)
FNDA:0,(anonymous_25)
FNDA:0,adminProjectsDynamicGET
FNDA:0,(anonymous_27)
FNDA:0,adminProjectsHybridGET
FNDA:0,(anonymous_29)
FNDA:0,adminProjectsQueryPOST
FNDA:0,(anonymous_31)
[...]
DA:164,0
DA:165,0
DA:166,0
DA:169,0
LF:57
LH:0
BRDA:20,0,0,0
BRDA:20,0,1,0
BRDA:21,1,0,0
BRDA:21,1,1,0
BRDA:23,2,0,0
BRDA:23,2,1,0
BRDA:24,3,0,0
BRDA:24,3,1,0
BRDA:43,4,0,0
BRDA:43,4,1,0
BRDA:48,5,0,0
BRDA:48,5,1,0
BRDA:60,6,0,0
BRDA:60,6,1,0
BRDA:78,7,0,0
BRDA:78,7,1,0
BRDA:85,8,0,0
BRDA:85,8,1,0
BRDA:96,9,0,0
BRDA:96,9,1,0
BRDA:112,10,0,0
BRDA:112,10,1,0
BRDA:162,11,0,0
BRDA:162,11,1,0
BRDA:165,12,0,0
BRDA:165,12,1,0
BRDA:165,13,0,0
BRDA:165,13,1,0
BRF:28
BRH:0
end_of_record
TN:
SF:src\lib\auth\middleware.ts
FN:23,withAuth
FN:24,authMiddleware
FN:180,withAuthHandler
FN:184,authenticatedHandler
FN:204,(anonymous_5)
FN:208,(anonymous_6)
FN:212,(anonymous_7)
FN:216,(anonymous_8)
FN:223,(anonymous_9)
FN:233,(anonymous_10)
FNF:10
FNH:0
FNDA:0,withAuth
FNDA:0,authMiddleware
FNDA:0,withAuthHandler
FNDA:0,authenticatedHandler
FNDA:0,(anonymous_5)
FNDA:0,(anonymous_6)
FNDA:0,(anonymous_7)
FNDA:0,(anonymous_8)
FNDA:0,(anonymous_9)
FNDA:0,(anonymous_10)
DA:1,0
DA:2,0
DA:3,0
DA:4,0
DA:5,0
DA:6,0
DA:23,0
DA:24,0
DA:28,0
DA:31,0
DA:34,0
DA:35,0
DA:37,0
DA:39,0
DA:42,0
DA:43,0
DA:44,0
DA:45,0
DA:46,0
DA:50,0
DA:51,0
DA:52,0
DA:55,0
DA:56,0
DA:57,0
DA:60,0
DA:72,0
DA:73,0
DA:75,0
DA:76,0
DA:79,0
DA:90,0
DA:91,0
DA:92,0
DA:95,0
DA:106,0
DA:114,0
DA:117,0
DA:119,0
DA:121,0
DA:131,0
DA:132,0
DA:133,0
DA:136,0
DA:150,0
DA:151,0
DA:156,0
DA:159,0
DA:161,0
DA:162,0
DA:165,0
DA:180,0
DA:184,0
DA:189,0
DA:192,0
DA:193,0
DA:197,0
DA:204,0
DA:206,0
DA:208,0
DA:210,0
DA:212,0
DA:214,0
DA:216,0
DA:218,0
DA:223,0
DA:225,0
DA:233,0
DA:235,0
LF:69
LH:0
BRDA:23,0,0,0
BRDA:31,1,0,0
BRDA:31,1,1,0
BRDA:43,2,0,0
BRDA:43,2,1,0
BRDA:44,3,0,0
BRDA:44,3,1,0
BRDA:45,4,0,0
BRDA:45,4,1,0
BRDA:46,5,0,0
BRDA:46,5,1,0
BRDA:50,6,0,0
BRDA:50,6,1,0
BRDA:52,7,0,0
BRDA:52,7,1,0
BRDA:55,8,0,0
BRDA:55,8,1,0
BRDA:56,9,0,0
BRDA:56,9,1,0
BRDA:75,10,0,0
BRDA:75,10,1,0
BRDA:90,11,0,0
BRDA:90,11,1,0
BRDA:90,12,0,0
BRDA:90,12,1,0
BRDA:91,13,0,0
BRDA:91,13,1,0
BRDA:117,14,0,0
BRDA:117,14,1,0
BRDA:117,15,0,0
BRDA:117,15,1,0
BRDA:119,16,0,0
BRDA:119,16,1,0
BRDA:131,17,0,0
BRDA:131,17,1,0
BRDA:132,18,0,0
BRDA:132,18,1,0
BRDA:150,19,0,0
BRDA:150,19,1,0
BRDA:161,20,0,0
BRDA:161,20,1,0
BRDA:182,21,0,0
BRDA:192,22,0,0
BRDA:192,22,1,0
BRF:44
BRH:0
end_of_record
TN:
SF:src\lib\auth\mock-db.ts
FN:72,(anonymous_1)
FN:76,(anonymous_2)
FN:83,(anonymous_3)
FN:100,(anonymous_4)
FN:107,(anonymous_5)
FN:112,(anonymous_6)
FN:116,(anonymous_7)
FN:121,(anonymous_8)
FN:134,(anonymous_9)
FN:135,(anonymous_10)
FN:143,(anonymous_11)
FN:164,shouldUseMockDb
FNF:12
FNH:0
FNDA:0,(anonymous_1)
FNDA:0,(anonymous_2)
FNDA:0,(anonymous_3)
FNDA:0,(anonymous_4)
FNDA:0,(anonymous_5)
FNDA:0,(anonymous_6)
FNDA:0,(anonymous_7)
FNDA:0,(anonymous_8)
FNDA:0,(anonymous_9)
FNDA:0,(anonymous_10)
FNDA:0,(anonymous_11)
FNDA:0,shouldUseMockDb
DA:1,0
DA:20,0
DA:23,0
DA:26,0
DA:34,0
DA:35,0
DA:47,0
DA:66,0
DA:67,0
DA:70,0
DA:73,0
DA:77,0
DA:78,0
DA:80,0
DA:84,0
DA:85,0
DA:87,0
DA:88,0
DA:89,0
DA:91,0
DA:93,0
DA:94,0
DA:97,0
DA:101,0
DA:102,0
DA:103,0
DA:108,0
DA:110,0
DA:111,0
DA:112,0
DA:117,0
DA:122,0
DA:129,0
DA:130,0
DA:135,0
DA:136,0
DA:145,0
DA:146,0
DA:148,0
DA:150,0
DA:152,0
DA:154,0
DA:156,0
DA:158,0
DA:164,0
DA:166,0
LF:46
LH:0
BRDA:73,0,0,0
BRDA:73,0,1,0
BRDA:78,1,0,0
BRDA:78,1,1,0
BRDA:85,2,0,0
BRDA:85,2,1,0
BRDA:87,3,0,0
BRDA:87,3,1,0
BRDA:93,4,0,0
BRDA:93,4,1,0
BRDA:102,5,0,0
BRDA:102,5,1,0
BRDA:111,6,0,0
BRDA:111,6,1,0
BRDA:129,7,0,0
BRDA:129,7,1,0
BRDA:136,8,0,0
BRDA:136,8,1,0
BRDA:136,8,2,0
BRDA:136,8,3,0
BRDA:146,9,0,0
BRDA:146,9,1,0
BRDA:148,10,0,0
BRDA:148,10,1,0
BRDA:148,10,2,0
BRDA:148,10,3,0
BRDA:148,10,4,0
BRDA:166,11,0,0
BRDA:166,11,1,0
BRF:29
BRH:0
end_of_record
TN:
SF:src\lib\auth\rate-limit.ts
FN:22,(anonymous_0)
FN:24,(anonymous_1)
FN:32,(anonymous_2)
FN:62,(anonymous_3)
FN:69,(anonymous_4)
FN:73,(anonymous_5)
FN:79,(anonymous_6)
FN:85,(anonymous_7)
FN:98,rateLimit
FN:99,rateLimitMiddleware
FN:102,rateLimitedHandler
FN:179,(anonymous_11)
FN:220,applyRateLimit
FN:233,(anonymous_13)
FN:242,(anonymous_14)
FN:292,(anonymous_15)
FN:299,(anonymous_16)
FN:303,(anonymous_17)
FN:310,(anonymous_18)
FN:318,(anonymous_19)
FNF:20
FNH:0
FNDA:0,(anonymous_0)
FNDA:0,(anonymous_1)
FNDA:0,(anonymous_2)
FNDA:0,(anonymous_3)
FNDA:0,(anonymous_4)
FNDA:0,(anonymous_5)
FNDA:0,(anonymous_6)
FNDA:0,(anonymous_7)
FNDA:0,rateLimit
FNDA:0,rateLimitMiddleware
FNDA:0,rateLimitedHandler
FNDA:0,(anonymous_11)
FNDA:0,applyRateLimit
FNDA:0,(anonymous_13)
FNDA:0,(anonymous_14)
FNDA:0,(anonymous_15)
FNDA:0,(anonymous_16)
FNDA:0,(anonymous_17)
FNDA:0,(anonymous_18)
FNDA:0,(anonymous_19)
DA:1,0
DA:2,0
DA:19,0
DA:24,0
DA:25,0
DA:33,0
DA:34,0
DA:37,0
DA:38,0
DA:42,0
DA:46,0
DA:49,0
DA:50,0
DA:52,0
DA:63,0
DA:70,0
DA:71,0
DA:73,0
DA:74,0
DA:75,0
DA:79,0
DA:86,0
DA:87,0
DA:93,0
DA:98,0
DA:99,0
DA:102,0
DA:107,0
DA:110,0
DA:112,0
DA:114,0
DA:117,0
DA:124,0
DA:127,0
DA:128,0
DA:129,0
DA:130,0
DA:132,0
DA:136,0
DA:139,0
DA:140,0
DA:141,0
DA:144,0
DA:149,0
DA:150,0
DA:151,0
DA:155,0
DA:163,0
DA:181,0
DA:182,0
DA:183,0
DA:184,0
DA:220,0
DA:221,0
DA:227,0
DA:228,0
DA:234,0
DA:235,0
DA:236,0
DA:243,0
DA:244,0
DA:246,0
DA:248,0
DA:249,0
DA:253,0
DA:254,0
DA:261,0
DA:262,0
DA:263,0
DA:267,0
DA:268,0
DA:271,0
DA:273,0
DA:278,0
DA:280,0
DA:286,0
DA:293,0
DA:300,0
DA:301,0
DA:303,0
DA:305,0
DA:306,0
DA:310,0
DA:315,0
DA:318,0
DA:319,0
LF:86
LH:0
BRDA:37,0,0,0
BRDA:37,0,1,0
BRDA:37,1,0,0
BRDA:37,1,1,0
BRDA:74,2,0,0
BRDA:74,2,1,0
BRDA:86,3,0,0
BRDA:86,3,1,0
BRDA:107,4,0,0
BRDA:107,4,1,0
BRDA:112,5,0,0
BRDA:112,5,1,0
BRDA:117,6,0,0
BRDA:117,6,1,0
BRDA:144,7,0,0
BRDA:144,7,1,0
BRDA:145,8,0,0
BRDA:145,8,1,0
BRDA:145,8,2,0
BRDA:145,8,3,0
BRDA:150,9,0,0
BRDA:150,9,1,0
BRDA:183,10,0,0
BRDA:183,10,1,0
BRDA:233,11,0,0
BRDA:233,12,0,0
BRDA:233,13,0,0
BRDA:246,14,0,0
BRDA:246,14,1,0
BRDA:253,15,0,0
BRDA:253,15,1,0
BRDA:261,16,0,0
BRDA:261,16,1,0
BRDA:271,17,0,0
BRDA:271,17,1,0
BRDA:305,18,0,0
BRDA:305,18,1,0
BRF:37
BRH:0
end_of_record
TN:
SF:src\lib\auth\rbac.ts
FN:56,checkPermission
FN:105,checkResourceOwnership
FN:149,checkProjectAssignment
FN:172,getUserAssignedProjects
FN:180,(anonymous_4)
FN:190,getUserPermissions
FN:198,(anonymous_6)
FN:200,(anonymous_7)
FN:212,checkRBACPermission
FN:232,extractResourceType
FN:234,(anonymous_10)
FN:250,extractResourceId
FN:256,extractProjectId
FN:268,mapHttpToCrud
FNF:14
FNH:0
FNDA:0,checkPermission
FNDA:0,checkResourceOwnership
FNDA:0,checkProjectAssignment
FNDA:0,getUserAssignedProjects
FNDA:0,(anonymous_4)
FNDA:0,getUserPermissions
FNDA:0,(anonymous_6)
FNDA:0,(anonymous_7)
FNDA:0,checkRBACPermission
FNDA:0,extractResourceType
FNDA:0,(anonymous_10)
FNDA:0,extractResourceId
FNDA:0,extractProjectId
FNDA:0,mapHttpToCrud
DA:1,0
DA:18,0
DA:56,0
DA:62,0
DA:65,0
DA:66,0
DA:70,0
DA:71,0
DA:73,0
DA:74,0
DA:78,0
DA:81,0
DA:84,0
DA:85,0
DA:89,0
DA:91,0
DA:94,0
DA:96,0
DA:99,0
DA:106,0
DA:107,0
DA:108,0
DA:110,0
DA:113,0
DA:115,0
DA:120,0
DA:123,0
DA:127,0
DA:132,0
DA:134,0
DA:138,0
DA:141,0
DA:142,0
DA:150,0
DA:151,0
DA:152,0
DA:154,0
DA:156,0
DA:162,0
DA:164,0
DA:165,0
DA:172,0
DA:173,0
DA:174,0
DA:175,0
DA:180,0
DA:182,0
DA:183,0
DA:190,0
DA:191,0
DA:192,0
DA:194,0
DA:195,0
DA:198,0
DA:199,0
DA:200,0
DA:201,0
DA:206,0
DA:212,0
DA:219,0
DA:220,0
DA:224,0
DA:225,0
DA:227,0
DA:234,0
DA:235,0
DA:237,0
DA:238,0
DA:242,0
DA:243,0
DA:244,0
DA:247,0
DA:252,0
DA:253,0
DA:258,0
DA:259,0
DA:264,0
DA:265,0
DA:269,0
DA:277,0
LF:80
LH:0
BRDA:60,0,0,0
BRDA:65,1,0,0
BRDA:65,1,1,0
BRDA:73,2,0,0
BRDA:73,2,1,0
BRDA:73,3,0,0
BRDA:73,3,1,0
BRDA:84,4,0,0
BRDA:84,4,1,0
BRDA:89,5,0,0
BRDA:89,5,1,0
BRDA:89,6,0,0
BRDA:89,6,1,0
BRDA:94,7,0,0
BRDA:94,7,1,0
BRDA:94,8,0,0
BRDA:94,8,1,0
BRDA:110,9,0,0
BRDA:110,9,1,0
BRDA:113,10,0,0
BRDA:113,10,1,0
BRDA:113,10,2,0
BRDA:120,11,0,0
BRDA:120,11,1,0
BRDA:132,12,0,0
BRDA:132,12,1,0
BRDA:154,13,0,0
BRDA:154,13,1,0
BRDA:194,14,0,0
BRDA:194,14,1,0
BRDA:199,15,0,0
BRDA:199,15,1,0
BRDA:216,16,0,0
BRDA:219,17,0,0
BRDA:219,17,1,0
BRDA:237,18,0,0
BRDA:237,18,1,0
BRDA:237,19,0,0
BRDA:237,19,1,0
BRDA:243,20,0,0
BRDA:243,20,1,0
BRDA:243,21,0,0
BRDA:243,21,1,0
BRDA:247,22,0,0
BRDA:247,22,1,0
BRDA:253,23,0,0
BRDA:253,23,1,0
BRDA:258,24,0,0
BRDA:258,24,1,0
BRDA:264,25,0,0
BRDA:264,25,1,0
BRDA:277,26,0,0
BRDA:277,26,1,0
BRF:53
BRH:0
end_of_record
TN:
SF:src\lib\auth\role.ts
FN:4,b64urlToString
FN:13,(anonymous_1)
FN:21,getCurrentRole
FNF:3
FNH:0
FNDA:0,b64urlToString
FNDA:0,(anonymous_1)
FNDA:0,getCurrentRole
DA:5,0
DA:6,0
DA:7,0
DA:8,0
DA:9,0
DA:11,0
DA:13,0
DA:18,0
DA:21,0
DA:22,0
DA:24,0
DA:29,0
DA:30,0
DA:31,0
DA:32,0
DA:33,0
DA:34,0
DA:35,0
DA:36,0
DA:43,0
DA:44,0
DA:45,0
DA:46,0
DA:47,0
DA:48,0
DA:51,0
DA:52,0
DA:53,0
DA:54,0
DA:57,0
DA:58,0
DA:62,0
LF:32
LH:0
BRDA:8,0,0,0
BRDA:8,0,1,0
BRDA:24,1,0,0
BRDA:24,1,1,0
BRDA:25,2,0,0
BRDA:25,2,1,0
BRDA:25,2,2,0
BRDA:25,2,3,0
BRDA:29,3,0,0
BRDA:29,3,1,0
BRDA:30,4,0,0
BRDA:30,4,1,0
BRDA:33,5,0,0
BRDA:33,5,1,0
BRDA:35,6,0,0
BRDA:35,6,1,0
BRDA:35,7,0,0
BRDA:35,7,1,0
BRDA:35,7,2,0
BRDA:35,7,3,0
BRDA:43,8,0,0
BRDA:43,8,1,0
BRDA:45,9,0,0
BRDA:45,9,1,0
BRDA:47,10,0,0
BRDA:47,10,1,0
BRDA:48,11,0,0
BRDA:48,11,1,0
BRDA:48,11,2,0
BRDA:48,11,3,0
BRDA:51,12,0,0
BRDA:51,12,1,0
BRDA:52,13,0,0
BRDA:52,13,1,0
BRDA:53,14,0,0
BRDA:53,14,1,0
BRDA:54,15,0,0
BRDA:54,15,1,0
BRDA:57,16,0,0
BRDA:57,16,1,0
BRDA:58,17,0,0
BRDA:58,17,1,0
BRF:42
BRH:0
end_of_record
TN:
SF:src\lib\auth\token-revocation.ts
FN:13,(anonymous_0)
FN:20,(anonymous_1)
FN:45,(anonymous_2)
FN:84,(anonymous_3)
FN:110,(anonymous_4)
FN:127,(anonymous_5)
FN:135,(anonymous_6)
FN:141,(anonymous_7)
FN:149,(anonymous_8)
FN:158,revokeToken
FN:163,isTokenRevoked
FN:168,cleanupExpiredTokens
FNF:12
FNH:0
FNDA:0,(anonymous_0)
FNDA:0,(anonymous_1)
FNDA:0,(anonymous_2)
FNDA:0,(anonymous_3)
FNDA:0,(anonymous_4)
FNDA:0,(anonymous_5)
FNDA:0,(anonymous_6)
FNDA:0,(anonymous_7)
FNDA:0,(anonymous_8)
FNDA:0,revokeToken
FNDA:0,isTokenRevoked
FNDA:0,cleanupExpiredTokens
DA:1,0
DA:14,0
DA:15,0
DA:21,0
DA:22,0
DA:24,0
DA:32,0
DA:35,0
DA:37,0
DA:38,0
DA:47,0
DA:48,0
DA:49,0
DA:50,0
DA:53,0
DA:58,0
DA:59,0
DA:60,0
DA:66,0
DA:69,0
DA:70,0
DA:73,0
DA:75,0
DA:77,0
DA:85,0
DA:86,0
DA:92,0
DA:96,0
DA:102,0
DA:103,0
DA:111,0
DA:112,0
DA:113,0
DA:117,0
DA:119,0
DA:120,0
DA:128,0
DA:129,0
DA:131,0
DA:133,0
DA:135,0
DA:136,0
DA:137,0
DA:141,0
DA:142,0
DA:150,0
DA:155,0
DA:158,0
DA:159,0
DA:163,0
DA:164,0
DA:168,0
DA:169,0
LF:53
LH:0
BRDA:20,0,0,0
BRDA:47,1,0,0
BRDA:47,1,1,0
BRDA:49,2,0,0
BRDA:49,2,1,0
BRDA:69,3,0,0
BRDA:69,3,1,0
BRDA:69,4,0,0
BRDA:69,4,1,0
BRDA:84,5,0,0
BRDA:117,6,0,0
BRDA:117,6,1,0
BRDA:131,7,0,0
BRDA:131,7,1,0
BRDA:136,8,0,0
BRDA:136,8,1,0
BRF:16
BRH:0
end_of_record
TN:
SF:src\lib\cache\redis-cache.ts
FN:19,(anonymous_9)
FN:27,(anonymous_10)
FN:30,(anonymous_11)
FN:34,(anonymous_12)
FN:47,(anonymous_13)
FN:81,(anonymous_14)
FN:113,(anonymous_15)
FN:151,(anonymous_16)
FN:168,(anonymous_17)
FN:184,Cacheable
FN:185,(anonymous_19)
FN:188,(anonymous_20)
FN:212,InvalidateCache
FN:213,(anonymous_22)
FN:216,(anonymous_23)
FNF:15
FNH:2
FNDA:1,(anonymous_9)
FNDA:0,(anonymous_10)
FNDA:1,(anonymous_11)
FNDA:0,(anonymous_12)
FNDA:0,(anonymous_13)
FNDA:0,(anonymous_14)
FNDA:0,(anonymous_15)
FNDA:0,(anonymous_16)
FNDA:0,(anonymous_17)
FNDA:0,Cacheable
FNDA:0,(anonymous_19)
FNDA:0,(anonymous_20)
FNDA:0,InvalidateCache
FNDA:0,(anonymous_22)
FNDA:0,(anonymous_23)
DA:15,1
DA:17,1
DA:21,1
DA:24,1
DA:27,1
DA:31,1
DA:32,1
DA:34,0
DA:35,0
DA:36,0
DA:37,0
DA:39,1
DA:42,0
DA:43,0
DA:48,0
DA:50,0
DA:52,0
DA:53,0
DA:54,0
DA:55,0
DA:56,0
DA:57,0
DA:60,0
DA:61,0
DA:66,0
DA:67,0
DA:68,0
DA:69,0
DA:72,0
DA:73,0
DA:76,0
DA:77,0
DA:82,0
DA:84,0
DA:85,0
DA:88,0
DA:89,0
DA:90,0
DA:91,0
DA:93,0
DA:94,0
DA:99,0
DA:104,0
DA:105,0
DA:109,0
DA:114,0
DA:116,0
DA:118,0
DA:119,0
DA:120,0
DA:121,0
DA:122,0
DA:123,0
DA:126,0
DA:127,0
DA:132,0
DA:133,0
DA:135,0
DA:136,0
DA:137,0
DA:138,0
DA:142,0
DA:143,0
DA:147,0
DA:152,0
DA:153,0
DA:155,0
DA:156,0
DA:157,0
DA:158,0
DA:162,0
DA:163,0
DA:169,0
DA:178,1
DA:184,1
DA:185,0
DA:186,0
DA:188,0
DA:189,0
DA:190,0
DA:193,0
DA:194,0
DA:195,0
DA:199,0
DA:200,0
DA:202,0
DA:205,0
DA:212,1
DA:213,0
DA:214,0
DA:216,0
DA:217,0
DA:220,0
DA:222,0
DA:225,0
DA:229,1
LF:96
LH:12
BRDA:32,0,0,0
BRDA:32,0,1,1
BRDA:32,1,0,1
BRDA:32,1,1,0
BRDA:52,2,0,0
BRDA:52,2,1,0
BRDA:52,3,0,0
BRDA:52,3,1,0
BRDA:55,4,0,0
BRDA:55,4,1,0
BRDA:67,5,0,0
BRDA:67,5,1,0
BRDA:67,6,0,0
BRDA:67,6,1,0
BRDA:81,7,0,0
BRDA:88,8,0,0
BRDA:88,8,1,0
BRDA:88,9,0,0
BRDA:88,9,1,0
BRDA:104,10,0,0
BRDA:104,10,1,0
BRDA:118,11,0,0
BRDA:118,11,1,0
BRDA:118,12,0,0
BRDA:118,12,1,0
BRDA:121,13,0,0
BRDA:121,13,1,0
BRDA:136,14,0,0
BRDA:136,14,1,0
BRDA:142,15,0,0
BRDA:142,15,1,0
BRDA:142,16,0,0
BRDA:142,16,1,0
BRDA:156,17,0,0
BRDA:156,17,1,0
BRDA:162,18,0,0
BRDA:162,18,1,0
BRDA:184,19,0,0
BRDA:194,20,0,0
BRDA:194,20,1,0
BRF:40
BRH:2
end_of_record
TN:
SF:src\lib\chat\stream.ts
FN:22,streamChat
FNF:1
FNH:0
FNDA:0,streamChat
DA:22,0
DA:23,0
DA:24,0
DA:25,0
DA:26,0
DA:30,0
DA:32,0
DA:33,0
DA:34,0
DA:35,0
DA:37,0
DA:38,0
DA:39,0
DA:40,0
DA:41,0
DA:42,0
DA:43,0
DA:45,0
DA:46,0
DA:47,0
DA:48,0
DA:49,0
DA:50,0
DA:51,0
DA:52,0
DA:53,0
DA:54,0
DA:55,0
DA:56,0
DA:57,0
DA:58,0
DA:59,0
DA:60,0
DA:61,0
DA:63,0
DA:64,0
DA:65,0
DA:66,0
DA:67,0
LF:39
LH:0
BRDA:30,0,0,0
BRDA:30,0,1,0
BRDA:32,1,0,0
BRDA:32,1,1,0
BRDA:32,2,0,0
BRDA:32,2,1,0
BRDA:34,3,0,0
BRDA:34,3,1,0
BRDA:34,4,0,0
BRDA:34,4,1,0
BRDA:42,5,0,0
BRDA:42,5,1,0
BRDA:46,6,0,0
BRDA:46,6,1,0
BRDA:49,7,0,0
BRDA:49,7,1,0
BRDA:53,8,0,0
BRDA:53,8,1,0
BRDA:57,9,0,0
BRDA:57,9,1,0
BRDA:58,10,0,0
BRDA:58,10,1,0
BRDA:64,11,0,0
BRDA:64,11,1,0
BRDA:65,12,0,0
BRDA:65,12,1,0
BRDA:65,13,0,0
BRDA:65,13,1,0
BRF:28
BRH:0
end_of_record
TN:
SF:src\lib\gates\catalog.ts
FN:6,loadJson
FN:14,getGates
FN:22,getRecipes
FNF:3
FNH:0
FNDA:0,loadJson
FNDA:0,getGates
FNDA:0,getRecipes
DA:1,0
DA:2,0
DA:7,0
DA:8,0
DA:9,0
DA:12,0
DA:14,0
DA:15,0
DA:16,0
DA:17,0
DA:19,0
DA:22,0
DA:23,0
DA:24,0
DA:25,0
DA:27,0
LF:16
LH:0
BRDA:15,0,0,0
BRDA:15,0,1,0
BRDA:17,1,0,0
BRDA:17,1,1,0
BRDA:23,2,0,0
BRDA:23,2,1,0
BRDA:25,3,0,0
BRDA:25,3,1,0
BRF:8
BRH:0
end_of_record
TN:
SF:src\lib\gates\seed.ts
FN:19,(anonymous_9)
FN:19,(anonymous_10)
FN:32,(anonymous_11)
FN:32,(anonymous_12)
FN:45,(anonymous_13)
FN:45,(anonymous_14)
FN:58,(anonymous_15)
FN:58,(anonymous_16)
FN:75,(anonymous_17)
FN:75,(anonymous_18)
FNF:10
FNH:0
FNDA:0,(anonymous_9)
FNDA:0,(anonymous_10)
FNDA:0,(anonymous_11)
FNDA:0,(anonymous_12)
FNDA:0,(anonymous_13)
FNDA:0,(anonymous_14)
FNDA:0,(anonymous_15)
FNDA:0,(anonymous_16)
FNDA:0,(anonymous_17)
FNDA:0,(anonymous_18)
DA:2,0
DA:19,0
DA:32,0
DA:45,0
DA:58,0
DA:75,0
DA:79,0
LF:7
LH:0
BRF:0
BRH:0
end_of_record
TN:
SF:src\lib\gates\validate.ts
FN:7,validateInputs
FN:18,(anonymous_2)
FNF:2
FNH:0
FNDA:0,validateInputs
FNDA:0,(anonymous_2)
DA:1,0
DA:3,0
DA:7,0
DA:9,0
DA:14,0
DA:15,0
DA:16,0
DA:17,0
DA:18,0
DA:19,0
DA:21,0
LF:11
LH:0
BRDA:12,0,0,0
BRDA:12,0,1,0
BRDA:12,1,0,0
BRDA:12,1,1,0
BRDA:16,2,0,0
BRDA:16,2,1,0
BRDA:17,3,0,0
BRDA:17,3,1,0
BRDA:18,4,0,0
BRDA:18,4,1,0
BRDA:18,5,0,0
BRDA:18,5,1,0
BRF:12
BRH:0
end_of_record
TN:
SF:src\lib\middleware\cache-middleware.ts
FN:32,createCacheMiddleware
FN:35,cacheMiddleware
FN:107,shouldSkipCache
FN:117,(anonymous_4)
FN:122,(anonymous_5)
FN:129,generateCacheKey
FN:133,(anonymous_7)
FN:143,(anonymous_8)
FN:166,isCacheableResponse
FNF:9
FNH:3
FNDA:21,createCacheMiddleware
FNDA:18,cacheMiddleware
FNDA:18,shouldSkipCache
FNDA:0,(anonymous_4)
FNDA:0,(anonymous_5)
FNDA:0,generateCacheKey
FNDA:0,(anonymous_7)
FNDA:0,(anonymous_8)
FNDA:0,isCacheableResponse
DA:6,1
DA:7,1
DA:8,1
DA:21,1
DA:32,1
DA:33,21
DA:35,21
DA:39,18
DA:41,18
DA:43,18
DA:44,0
DA:45,0
DA:49,0
DA:52,0
DA:58,0
DA:59,0
DA:62,0
DA:72,0
DA:76,0
DA:77,0
DA:80,0
DA:81,0
DA:83,0
DA:89,0
DA:93,0
DA:94,0
DA:95,0
DA:97,0
DA:100,18
DA:102,18
DA:108,18
DA:111,18
DA:112,0
DA:116,18
DA:117,0
DA:118,0
DA:122,0
DA:123,0
DA:126,0
DA:130,0
DA:131,0
DA:133,0
DA:134,0
DA:136,0
DA:137,0
DA:139,0
DA:140,0
DA:142,0
DA:143,0
DA:144,0
DA:145,0
DA:147,0
DA:150,0
DA:151,0
DA:152,0
DA:153,0
DA:155,0
DA:160,0
DA:161,0
DA:163,0
DA:168,0
DA:169,0
DA:173,0
DA:174,0
DA:175,0
DA:179,0
DA:180,0
DA:181,0
DA:184,0
DA:190,1
DA:228,1
LF:71
LH:17
BRDA:32,0,0,13
BRDA:43,1,0,0
BRDA:43,1,1,0
BRDA:58,2,0,0
BRDA:58,2,1,0
BRDA:80,3,0,0
BRDA:80,3,1,0
BRDA:111,4,0,0
BRDA:111,4,1,18
BRDA:117,5,0,0
BRDA:117,5,1,0
BRDA:122,6,0,0
BRDA:122,6,1,0
BRDA:131,7,0,0
BRDA:131,7,1,0
BRDA:134,8,0,0
BRDA:134,8,1,0
BRDA:134,8,2,0
BRDA:134,8,3,0
BRDA:144,9,0,0
BRDA:144,9,1,0
BRDA:151,10,0,0
BRDA:151,10,1,0
BRDA:168,11,0,0
BRDA:168,11,1,0
BRDA:174,12,0,0
BRDA:174,12,1,0
BRDA:180,13,0,0
BRDA:180,13,1,0
BRDA:180,14,0,0
BRDA:180,14,1,0
BRF:31
BRH:2
end_of_record
TN:
SF:src\lib\monitoring\performance-monitor.ts
FN:29,(anonymous_0)
FN:36,(anonymous_1)
FN:68,(anonymous_2)
FN:77,(anonymous_3)
FN:91,(anonymous_4)
FN:99,(anonymous_5)
FN:106,(anonymous_6)
FN:108,(anonymous_7)
FN:115,(anonymous_8)
FN:121,(anonymous_9)
FN:136,(anonymous_10)
FN:136,(anonymous_11)
FN:137,(anonymous_12)
FN:138,(anonymous_13)
FN:142,(anonymous_14)
FN:143,(anonymous_15)
FN:157,(anonymous_16)
FN:163,(anonymous_17)
FN:167,(anonymous_18)
FN:187,(anonymous_19)
FN:191,(anonymous_20)
FN:193,(anonymous_21)
FN:194,(anonymous_22)
FN:209,(anonymous_23)
FN:210,(anonymous_24)
FN:216,(anonymous_25)
FN:225,(anonymous_26)
FN:241,withPerformanceMonitoring
FN:244,monitoredHandler
FNF:29
FNH:4
FNDA:1,(anonymous_0)
FNDA:22,(anonymous_1)
FNDA:0,(anonymous_2)
FNDA:0,(anonymous_3)
FNDA:0,(anonymous_4)
FNDA:0,(anonymous_5)
FNDA:0,(anonymous_6)
FNDA:0,(anonymous_7)
FNDA:0,(anonymous_8)
FNDA:0,(anonymous_9)
FNDA:0,(anonymous_10)
FNDA:0,(anonymous_11)
FNDA:0,(anonymous_12)
FNDA:0,(anonymous_13)
FNDA:0,(anonymous_14)
FNDA:0,(anonymous_15)
FNDA:0,(anonymous_16)
FNDA:0,(anonymous_17)
FNDA:0,(anonymous_18)
FNDA:0,(anonymous_19)
FNDA:0,(anonymous_20)
FNDA:0,(anonymous_21)
FNDA:0,(anonymous_22)
FNDA:0,(anonymous_23)
FNDA:0,(anonymous_24)
FNDA:0,(anonymous_25)
FNDA:0,(anonymous_26)
FNDA:3,withPerformanceMonitoring
FNDA:3,monitoredHandler
DA:6,1
DA:30,1
DA:31,1
DA:32,1
DA:33,1
DA:34,1
DA:41,22
DA:51,0
DA:54,0
DA:55,0
DA:59,0
DA:60,0
DA:61,0
DA:65,0
DA:70,0
DA:78,0
DA:79,0
DA:81,0
DA:86,0
DA:87,0
DA:92,0
DA:93,0
DA:94,0
DA:95,0
DA:96,0
DA:100,0
DA:101,0
DA:105,0
DA:106,0
DA:108,0
DA:109,0
DA:112,0
DA:117,0
DA:118,0
DA:121,0
DA:123,0
DA:124,0
DA:136,0
DA:137,0
DA:138,0
DA:140,0
DA:142,0
DA:143,0
DA:152,0
DA:154,0
DA:158,0
DA:159,0
DA:164,0
DA:165,0
DA:167,0
DA:169,0
DA:170,0
DA:174,0
DA:175,0
DA:179,0
DA:180,0
DA:184,0
DA:188,0
DA:189,0
DA:191,0
DA:192,0
DA:193,0
DA:194,0
DA:196,0
DA:209,0
DA:211,0
DA:216,0
DA:226,0
DA:236,1
DA:241,1
DA:244,3
DA:245,3
DA:247,3
DA:248,3
DA:249,2
DA:252,2
DA:255,0
DA:256,0
DA:258,0
DA:261,3
DA:264,3
DA:269,3
DA:271,0
DA:276,1
LF:84
LH:19
BRDA:54,0,0,0
BRDA:54,0,1,0
BRDA:59,1,0,0
BRDA:59,1,1,0
BRDA:79,2,0,0
BRDA:79,2,1,0
BRDA:86,3,0,0
BRDA:86,3,1,0
BRDA:92,4,0,0
BRDA:92,4,1,0
BRDA:93,5,0,0
BRDA:93,5,1,0
BRDA:94,6,0,0
BRDA:94,6,1,0
BRDA:95,7,0,0
BRDA:95,7,1,0
BRDA:100,8,0,0
BRDA:100,8,1,0
BRDA:117,9,0,0
BRDA:117,9,1,0
BRDA:123,10,0,0
BRDA:123,10,1,0
BRDA:169,11,0,0
BRDA:169,11,1,0
BRDA:169,12,0,0
BRDA:169,12,1,0
BRDA:174,13,0,0
BRDA:174,13,1,0
BRDA:174,14,0,0
BRDA:174,14,1,0
BRDA:179,15,0,0
BRDA:179,15,1,0
BRDA:179,16,0,0
BRDA:179,16,1,0
BRDA:202,17,0,0
BRDA:202,17,1,0
BRDA:214,18,0,0
BRDA:214,18,1,0
BRF:38
BRH:0
end_of_record
TN:
SF:src\lib\providers\mappingStore.ts
FN:6,getMapping
FN:13,setMapping
FNF:2
FNH:0
FNDA:0,getMapping
FNDA:0,setMapping
DA:4,0
DA:6,0
DA:7,0
DA:8,0
DA:10,0
DA:13,0
DA:14,0
LF:7
LH:0
BRDA:7,0,0,0
BRDA:7,0,1,0
BRF:2
BRH:0
end_of_record
TN:
SF:src\lib\providers\router.ts
FN:8,resolveClient
FN:15,(anonymous_2)
FN:29,testProviderKey
FNF:3
FNH:0
FNDA:0,resolveClient
FNDA:0,(anonymous_2)
FNDA:0,testProviderKey
DA:6,0
DA:8,0
DA:9,0
DA:11,0
DA:14,0
DA:16,0
DA:17,0
DA:18,0
DA:24,0
DA:29,0
DA:30,0
DA:32,0
DA:33,0
DA:35,0
DA:36,0
DA:38,0
DA:43,0
LF:17
LH:0
BRDA:9,0,0,0
BRDA:9,0,1,0
BRDA:12,1,0,0
BRDA:12,1,1,0
BRDA:18,2,0,0
BRDA:18,2,1,0
BRDA:30,3,0,0
BRDA:30,3,1,0
BRDA:38,4,0,0
BRDA:38,4,1,0
BRF:10
BRH:0
end_of_record
TN:
SF:src\lib\providers\seed.ts
FNF:0
FNH:0
DA:2,0
LF:1
LH:0
BRF:0
BRH:0
end_of_record
